[2024-12-04T13:07:48+08:00][sql] CONNECT:[ UseTime:0.004423s ] mysql:host=127.0.0.1;port=3306;dbname=lebot;charset=utf8
[2024-12-04T13:07:48+08:00][sql] SHOW FULL COLUMNS FROM `users` [ RunTime:0.004915s ]
[2024-12-04T13:07:48+08:00][sql] SELECT * FROM `users` WHERE  `username` = 'xiaole' LIMIT 1 [ RunTime:0.005869s ]
[2024-12-04T13:07:50+08:00][sql] CONNECT:[ UseTime:0.001324s ] mysql:host=127.0.0.1;port=3306;dbname=lebot;charset=utf8
[2024-12-04T13:07:50+08:00][sql] SHOW FULL COLUMNS FROM `bot_dau` [ RunTime:0.002934s ]
[2024-12-04T13:07:50+08:00][sql] SELECT SUM(`received_messages`) AS think_sum FROM `bot_dau` [ RunTime:0.003419s ]
[2024-12-04T13:07:50+08:00][sql] SELECT SUM(`sent_messages`) AS think_sum FROM `bot_dau` [ RunTime:0.000693s ]
[2024-12-04T13:07:50+08:00][sql] SHOW FULL COLUMNS FROM `users_bot` [ RunTime:0.001978s ]
[2024-12-04T13:07:50+08:00][sql] SELECT COUNT(*) AS think_count FROM `users_bot` [ RunTime:0.004587s ]
[2024-12-04T13:07:50+08:00][sql] SELECT COUNT(*) AS think_count FROM `users_bot` [ RunTime:0.001139s ]
[2024-12-04T13:33:52+08:00][sql] CONNECT:[ UseTime:0.001024s ] mysql:host=127.0.0.1;port=3306;dbname=lebot;charset=utf8
[2024-12-04T13:33:52+08:00][sql] SHOW FULL COLUMNS FROM `users` [ RunTime:0.002088s ]
[2024-12-04T13:33:52+08:00][sql] SELECT * FROM `users` WHERE  `username` = 'xiaole' LIMIT 1 [ RunTime:0.000484s ]
[2024-12-04T13:33:54+08:00][sql] CONNECT:[ UseTime:0.012585s ] mysql:host=127.0.0.1;port=3306;dbname=lebot;charset=utf8
[2024-12-04T13:33:54+08:00][sql] SHOW FULL COLUMNS FROM `bot_dau` [ RunTime:0.001493s ]
[2024-12-04T13:33:54+08:00][sql] SELECT SUM(`received_messages`) AS think_sum FROM `bot_dau` [ RunTime:0.000259s ]
[2024-12-04T13:33:54+08:00][sql] SELECT SUM(`sent_messages`) AS think_sum FROM `bot_dau` [ RunTime:0.000130s ]
[2024-12-04T13:33:54+08:00][sql] SHOW FULL COLUMNS FROM `users_bot` [ RunTime:0.000711s ]
[2024-12-04T13:33:54+08:00][sql] SELECT COUNT(*) AS think_count FROM `users_bot` [ RunTime:0.001372s ]
[2024-12-04T13:33:54+08:00][sql] SELECT COUNT(*) AS think_count FROM `users_bot` [ RunTime:0.000722s ]
[2024-12-04T13:35:10+08:00][sql] CONNECT:[ UseTime:0.021211s ] mysql:host=127.0.0.1;port=3306;dbname=lebot;charset=utf8
[2024-12-04T13:35:10+08:00][sql] SHOW FULL COLUMNS FROM `bot_dau` [ RunTime:0.001508s ]
[2024-12-04T13:35:10+08:00][sql] SELECT SUM(`received_messages`) AS think_sum FROM `bot_dau` [ RunTime:0.000304s ]
[2024-12-04T13:35:10+08:00][sql] SELECT SUM(`sent_messages`) AS think_sum FROM `bot_dau` [ RunTime:0.000141s ]
[2024-12-04T13:35:10+08:00][sql] SHOW FULL COLUMNS FROM `users_bot` [ RunTime:0.000695s ]
[2024-12-04T13:35:10+08:00][sql] SELECT COUNT(*) AS think_count FROM `users_bot` [ RunTime:0.001001s ]
[2024-12-04T13:35:10+08:00][sql] SELECT COUNT(*) AS think_count FROM `users_bot` [ RunTime:0.000760s ]
[2024-12-04T13:35:43+08:00][sql] CONNECT:[ UseTime:0.001069s ] mysql:host=127.0.0.1;port=3306;dbname=lebot;charset=utf8
[2024-12-04T13:35:43+08:00][sql] SHOW FULL COLUMNS FROM `bot_dau` [ RunTime:0.001248s ]
[2024-12-04T13:35:43+08:00][sql] SELECT SUM(`received_messages`) AS think_sum FROM `bot_dau` [ RunTime:0.000218s ]
[2024-12-04T13:35:43+08:00][sql] SELECT SUM(`sent_messages`) AS think_sum FROM `bot_dau` [ RunTime:0.000118s ]
[2024-12-04T13:35:43+08:00][sql] SHOW FULL COLUMNS FROM `users_bot` [ RunTime:0.000602s ]
[2024-12-04T13:35:43+08:00][sql] SELECT COUNT(*) AS think_count FROM `users_bot` [ RunTime:0.000971s ]
[2024-12-04T13:35:43+08:00][sql] SELECT COUNT(*) AS think_count FROM `users_bot` [ RunTime:0.000841s ]
[2024-12-04T13:38:06+08:00][sql] CONNECT:[ UseTime:0.001187s ] mysql:host=127.0.0.1;port=3306;dbname=lebot;charset=utf8
[2024-12-04T13:38:06+08:00][sql] SHOW FULL COLUMNS FROM `bot_dau` [ RunTime:0.001881s ]
[2024-12-04T13:38:06+08:00][sql] SELECT SUM(`received_messages`) AS think_sum FROM `bot_dau` [ RunTime:0.000313s ]
[2024-12-04T13:38:06+08:00][sql] SELECT SUM(`sent_messages`) AS think_sum FROM `bot_dau` [ RunTime:0.000148s ]
[2024-12-04T13:38:06+08:00][sql] SHOW FULL COLUMNS FROM `users_bot` [ RunTime:0.001139s ]
[2024-12-04T13:38:06+08:00][sql] SELECT COUNT(*) AS think_count FROM `users_bot` [ RunTime:0.001636s ]
[2024-12-04T13:38:06+08:00][sql] SELECT COUNT(*) AS think_count FROM `users_bot` [ RunTime:0.001489s ]
[2024-12-04T19:20:39+08:00][sql] CONNECT:[ UseTime:0.006809s ] mysql:host=127.0.0.1;port=3306;dbname=lebot;charset=utf8
[2024-12-04T19:20:39+08:00][sql] SHOW FULL COLUMNS FROM `users` [ RunTime:0.009756s ]
[2024-12-04T19:20:39+08:00][sql] SELECT * FROM `users` WHERE  `username` = 'xiaole' LIMIT 1 [ RunTime:0.002931s ]
[2024-12-04T19:20:41+08:00][sql] CONNECT:[ UseTime:0.001862s ] mysql:host=127.0.0.1;port=3306;dbname=lebot;charset=utf8
[2024-12-04T19:20:41+08:00][sql] SHOW FULL COLUMNS FROM `bot_dau` [ RunTime:0.003825s ]
[2024-12-04T19:20:41+08:00][sql] SELECT SUM(`received_messages`) AS think_sum FROM `bot_dau` [ RunTime:0.005111s ]
[2024-12-04T19:20:41+08:00][sql] SELECT SUM(`sent_messages`) AS think_sum FROM `bot_dau` [ RunTime:0.000415s ]
[2024-12-04T19:20:41+08:00][sql] SHOW FULL COLUMNS FROM `users_bot` [ RunTime:0.001473s ]
[2024-12-04T19:20:41+08:00][sql] SELECT COUNT(*) AS think_count FROM `users_bot` [ RunTime:0.004616s ]
[2024-12-04T19:20:41+08:00][sql] SELECT COUNT(*) AS think_count FROM `users_bot` [ RunTime:0.000930s ]
[2024-12-04T19:20:54+08:00][sql] CONNECT:[ UseTime:0.001857s ] mysql:host=127.0.0.1;port=3306;dbname=lebot;charset=utf8
[2024-12-04T19:20:54+08:00][sql] SHOW FULL COLUMNS FROM `bot_menu` [ RunTime:0.003524s ]
[2024-12-04T19:20:54+08:00][sql] SELECT `menu` FROM `bot_menu` WHERE  `menu` = '我的信息' LIMIT 1 [ RunTime:0.000869s ]
[2024-12-04T19:20:54+08:00][sql] SHOW FULL COLUMNS FROM `bot_userinfo` [ RunTime:0.003559s ]
[2024-12-04T19:20:54+08:00][sql] SELECT `points` FROM `bot_userinfo` WHERE  `union_openid` = '51690C10640588D7830D58026BA236AC' LIMIT 1 [ RunTime:0.004106s ]
[2024-12-04T19:20:54+08:00][sql] SELECT `permission` FROM `bot_userinfo` WHERE  `union_openid` = '51690C10640588D7830D58026BA236AC' LIMIT 1 [ RunTime:0.000642s ]
[2024-12-04T19:20:54+08:00][sql] SELECT `balance` FROM `bot_userinfo` WHERE  `union_openid` = '51690C10640588D7830D58026BA236AC' LIMIT 1 [ RunTime:0.000465s ]
[2024-12-04T19:20:54+08:00][sql] SHOW FULL COLUMNS FROM `bot_dau` [ RunTime:0.001377s ]
[2024-12-04T19:20:54+08:00][sql] SELECT SUM(`received_messages`) AS think_sum FROM `bot_dau` [ RunTime:0.001674s ]
[2024-12-04T19:20:54+08:00][sql] SELECT SUM(`sent_messages`) AS think_sum FROM `bot_dau` [ RunTime:0.000473s ]
[2024-12-04T19:20:54+08:00][sql] SHOW FULL COLUMNS FROM `users_bot` [ RunTime:0.001327s ]
[2024-12-04T19:20:54+08:00][sql] SELECT COUNT(*) AS think_count FROM `users_bot` [ RunTime:0.002383s ]
[2024-12-04T19:20:54+08:00][sql] SELECT COUNT(*) AS think_count FROM `users_bot` [ RunTime:0.001302s ]
[2024-12-04T19:21:16+08:00][sql] CONNECT:[ UseTime:0.000949s ] mysql:host=127.0.0.1;port=3306;dbname=lebot;charset=utf8
[2024-12-04T19:21:16+08:00][sql] SHOW FULL COLUMNS FROM `bot_menu` [ RunTime:0.001225s ]
[2024-12-04T19:21:16+08:00][sql] SELECT `menu` FROM `bot_menu` WHERE  `menu` = '菜单' LIMIT 1 [ RunTime:0.000256s ]
[2024-12-04T19:21:16+08:00][sql] SHOW FULL COLUMNS FROM `bot_userinfo` [ RunTime:0.000641s ]
[2024-12-04T19:21:16+08:00][sql] SELECT `points` FROM `bot_userinfo` WHERE  `union_openid` = '51690C10640588D7830D58026BA236AC' LIMIT 1 [ RunTime:0.000206s ]
[2024-12-04T19:21:16+08:00][sql] SELECT `permission` FROM `bot_userinfo` WHERE  `union_openid` = '51690C10640588D7830D58026BA236AC' LIMIT 1 [ RunTime:0.000135s ]
[2024-12-04T19:21:16+08:00][sql] SELECT `balance` FROM `bot_userinfo` WHERE  `union_openid` = '51690C10640588D7830D58026BA236AC' LIMIT 1 [ RunTime:0.000111s ]
[2024-12-04T19:21:16+08:00][sql] SHOW FULL COLUMNS FROM `bot_dau` [ RunTime:0.000598s ]
[2024-12-04T19:21:16+08:00][sql] SELECT SUM(`received_messages`) AS think_sum FROM `bot_dau` [ RunTime:0.000206s ]
[2024-12-04T19:21:16+08:00][sql] SELECT SUM(`sent_messages`) AS think_sum FROM `bot_dau` [ RunTime:0.000116s ]
[2024-12-04T19:21:16+08:00][sql] SHOW FULL COLUMNS FROM `users_bot` [ RunTime:0.000535s ]
[2024-12-04T19:21:16+08:00][sql] SELECT COUNT(*) AS think_count FROM `users_bot` [ RunTime:0.000979s ]
[2024-12-04T19:21:16+08:00][sql] SELECT COUNT(*) AS think_count FROM `users_bot` [ RunTime:0.000761s ]
[2024-12-04T19:21:17+08:00][sql] CONNECT:[ UseTime:0.017038s ] mysql:host=127.0.0.1;port=3306;dbname=lebot;charset=utf8
[2024-12-04T19:21:17+08:00][sql] SHOW FULL COLUMNS FROM `bot_menu` [ RunTime:0.001245s ]
[2024-12-04T19:21:17+08:00][sql] SELECT `menu` FROM `bot_menu` WHERE  `menu` = '菜单' LIMIT 1 [ RunTime:0.000244s ]
[2024-12-04T19:21:17+08:00][sql] SHOW FULL COLUMNS FROM `bot_userinfo` [ RunTime:0.000709s ]
[2024-12-04T19:21:17+08:00][sql] SELECT `points` FROM `bot_userinfo` WHERE  `union_openid` = '51690C10640588D7830D58026BA236AC' LIMIT 1 [ RunTime:0.000245s ]
[2024-12-04T19:21:17+08:00][sql] SELECT `permission` FROM `bot_userinfo` WHERE  `union_openid` = '51690C10640588D7830D58026BA236AC' LIMIT 1 [ RunTime:0.000119s ]
[2024-12-04T19:21:17+08:00][sql] SELECT `balance` FROM `bot_userinfo` WHERE  `union_openid` = '51690C10640588D7830D58026BA236AC' LIMIT 1 [ RunTime:0.000107s ]
[2024-12-04T19:21:17+08:00][sql] SHOW FULL COLUMNS FROM `bot_dau` [ RunTime:0.000592s ]
[2024-12-04T19:21:17+08:00][sql] SELECT SUM(`received_messages`) AS think_sum FROM `bot_dau` [ RunTime:0.000193s ]
[2024-12-04T19:21:17+08:00][sql] SELECT SUM(`sent_messages`) AS think_sum FROM `bot_dau` [ RunTime:0.000112s ]
[2024-12-04T19:21:17+08:00][sql] SHOW FULL COLUMNS FROM `users_bot` [ RunTime:0.000519s ]
[2024-12-04T19:21:17+08:00][sql] SELECT COUNT(*) AS think_count FROM `users_bot` [ RunTime:0.000918s ]
[2024-12-04T19:21:17+08:00][sql] SELECT COUNT(*) AS think_count FROM `users_bot` [ RunTime:0.000694s ]
[2024-12-04T19:21:18+08:00][sql] CONNECT:[ UseTime:0.018404s ] mysql:host=127.0.0.1;port=3306;dbname=lebot;charset=utf8
[2024-12-04T19:21:18+08:00][sql] SHOW FULL COLUMNS FROM `bot_menu` [ RunTime:0.001382s ]
[2024-12-04T19:21:18+08:00][sql] SELECT `menu` FROM `bot_menu` WHERE  `menu` = '菜单' LIMIT 1 [ RunTime:0.000332s ]
[2024-12-04T19:21:18+08:00][sql] SHOW FULL COLUMNS FROM `bot_userinfo` [ RunTime:0.000744s ]
[2024-12-04T19:21:18+08:00][sql] SELECT `points` FROM `bot_userinfo` WHERE  `union_openid` = '51690C10640588D7830D58026BA236AC' LIMIT 1 [ RunTime:0.000273s ]
[2024-12-04T19:21:18+08:00][sql] SELECT `permission` FROM `bot_userinfo` WHERE  `union_openid` = '51690C10640588D7830D58026BA236AC' LIMIT 1 [ RunTime:0.000143s ]
[2024-12-04T19:21:18+08:00][sql] SELECT `balance` FROM `bot_userinfo` WHERE  `union_openid` = '51690C10640588D7830D58026BA236AC' LIMIT 1 [ RunTime:0.000134s ]
[2024-12-04T19:21:18+08:00][sql] SHOW FULL COLUMNS FROM `bot_dau` [ RunTime:0.000606s ]
[2024-12-04T19:21:18+08:00][sql] SELECT SUM(`received_messages`) AS think_sum FROM `bot_dau` [ RunTime:0.000229s ]
[2024-12-04T19:21:18+08:00][sql] SELECT SUM(`sent_messages`) AS think_sum FROM `bot_dau` [ RunTime:0.000118s ]
[2024-12-04T19:21:18+08:00][sql] SHOW FULL COLUMNS FROM `users_bot` [ RunTime:0.000554s ]
[2024-12-04T19:21:18+08:00][sql] SELECT COUNT(*) AS think_count FROM `users_bot` [ RunTime:0.001432s ]
[2024-12-04T19:21:18+08:00][sql] SELECT COUNT(*) AS think_count FROM `users_bot` [ RunTime:0.000857s ]
[2024-12-04T19:21:18+08:00][sql] CONNECT:[ UseTime:0.003186s ] mysql:host=127.0.0.1;port=3306;dbname=lebot;charset=utf8
[2024-12-04T19:21:18+08:00][sql] SHOW FULL COLUMNS FROM `bot_menu` [ RunTime:0.001286s ]
[2024-12-04T19:21:18+08:00][sql] SELECT `menu` FROM `bot_menu` WHERE  `menu` = '菜单' LIMIT 1 [ RunTime:0.000241s ]
[2024-12-04T19:21:18+08:00][sql] SHOW FULL COLUMNS FROM `bot_userinfo` [ RunTime:0.000641s ]
[2024-12-04T19:21:18+08:00][sql] SELECT `points` FROM `bot_userinfo` WHERE  `union_openid` = '51690C10640588D7830D58026BA236AC' LIMIT 1 [ RunTime:0.000202s ]
[2024-12-04T19:21:18+08:00][sql] SELECT `permission` FROM `bot_userinfo` WHERE  `union_openid` = '51690C10640588D7830D58026BA236AC' LIMIT 1 [ RunTime:0.000123s ]
[2024-12-04T19:21:18+08:00][sql] SELECT `balance` FROM `bot_userinfo` WHERE  `union_openid` = '51690C10640588D7830D58026BA236AC' LIMIT 1 [ RunTime:0.000159s ]
[2024-12-04T19:21:18+08:00][sql] SHOW FULL COLUMNS FROM `bot_dau` [ RunTime:0.000623s ]
[2024-12-04T19:21:18+08:00][sql] SELECT SUM(`received_messages`) AS think_sum FROM `bot_dau` [ RunTime:0.000224s ]
[2024-12-04T19:21:18+08:00][sql] SELECT SUM(`sent_messages`) AS think_sum FROM `bot_dau` [ RunTime:0.000120s ]
[2024-12-04T19:21:18+08:00][sql] SHOW FULL COLUMNS FROM `users_bot` [ RunTime:0.000567s ]
[2024-12-04T19:21:18+08:00][sql] SELECT COUNT(*) AS think_count FROM `users_bot` [ RunTime:0.001183s ]
[2024-12-04T19:21:18+08:00][sql] SELECT COUNT(*) AS think_count FROM `users_bot` [ RunTime:0.001103s ]
[2024-12-04T19:21:19+08:00][sql] CONNECT:[ UseTime:0.009559s ] mysql:host=127.0.0.1;port=3306;dbname=lebot;charset=utf8
[2024-12-04T19:21:19+08:00][sql] SHOW FULL COLUMNS FROM `bot_menu` [ RunTime:0.001219s ]
[2024-12-04T19:21:19+08:00][sql] SELECT `menu` FROM `bot_menu` WHERE  `menu` = '菜单' LIMIT 1 [ RunTime:0.000296s ]
[2024-12-04T19:21:19+08:00][sql] SHOW FULL COLUMNS FROM `bot_userinfo` [ RunTime:0.000839s ]
[2024-12-04T19:21:19+08:00][sql] SELECT `points` FROM `bot_userinfo` WHERE  `union_openid` = '51690C10640588D7830D58026BA236AC' LIMIT 1 [ RunTime:0.000267s ]
[2024-12-04T19:21:19+08:00][sql] SELECT `permission` FROM `bot_userinfo` WHERE  `union_openid` = '51690C10640588D7830D58026BA236AC' LIMIT 1 [ RunTime:0.000202s ]
[2024-12-04T19:21:19+08:00][sql] SELECT `balance` FROM `bot_userinfo` WHERE  `union_openid` = '51690C10640588D7830D58026BA236AC' LIMIT 1 [ RunTime:0.000155s ]
[2024-12-04T19:21:19+08:00][sql] SHOW FULL COLUMNS FROM `bot_dau` [ RunTime:0.000638s ]
[2024-12-04T19:21:19+08:00][sql] SELECT SUM(`received_messages`) AS think_sum FROM `bot_dau` [ RunTime:0.000220s ]
[2024-12-04T19:21:19+08:00][sql] SELECT SUM(`sent_messages`) AS think_sum FROM `bot_dau` [ RunTime:0.000121s ]
[2024-12-04T19:21:19+08:00][sql] SHOW FULL COLUMNS FROM `users_bot` [ RunTime:0.000573s ]
[2024-12-04T19:21:19+08:00][sql] SELECT COUNT(*) AS think_count FROM `users_bot` [ RunTime:0.000898s ]
[2024-12-04T19:21:19+08:00][sql] SELECT COUNT(*) AS think_count FROM `users_bot` [ RunTime:0.000767s ]
[2024-12-04T19:22:03+08:00][sql] CONNECT:[ UseTime:0.000974s ] mysql:host=127.0.0.1;port=3306;dbname=lebot;charset=utf8
[2024-12-04T19:22:03+08:00][sql] SHOW FULL COLUMNS FROM `bot_menu` [ RunTime:0.001368s ]
[2024-12-04T19:22:03+08:00][sql] SELECT `menu` FROM `bot_menu` WHERE  `menu` = '菜单' LIMIT 1 [ RunTime:0.000252s ]
[2024-12-04T19:22:03+08:00][sql] SHOW FULL COLUMNS FROM `bot_userinfo` [ RunTime:0.000748s ]
[2024-12-04T19:22:03+08:00][sql] SELECT `points` FROM `bot_userinfo` WHERE  `union_openid` = '51690C10640588D7830D58026BA236AC' LIMIT 1 [ RunTime:0.000242s ]
[2024-12-04T19:22:03+08:00][sql] SELECT `permission` FROM `bot_userinfo` WHERE  `union_openid` = '51690C10640588D7830D58026BA236AC' LIMIT 1 [ RunTime:0.000125s ]
[2024-12-04T19:22:03+08:00][sql] SELECT `balance` FROM `bot_userinfo` WHERE  `union_openid` = '51690C10640588D7830D58026BA236AC' LIMIT 1 [ RunTime:0.000112s ]
[2024-12-04T19:22:03+08:00][sql] SHOW FULL COLUMNS FROM `bot_dau` [ RunTime:0.000595s ]
[2024-12-04T19:22:03+08:00][sql] SELECT SUM(`received_messages`) AS think_sum FROM `bot_dau` [ RunTime:0.000194s ]
[2024-12-04T19:22:03+08:00][sql] SELECT SUM(`sent_messages`) AS think_sum FROM `bot_dau` [ RunTime:0.000112s ]
[2024-12-04T19:22:03+08:00][sql] SHOW FULL COLUMNS FROM `users_bot` [ RunTime:0.000523s ]
[2024-12-04T19:22:03+08:00][sql] SELECT COUNT(*) AS think_count FROM `users_bot` [ RunTime:0.001025s ]
[2024-12-04T19:22:03+08:00][sql] SELECT COUNT(*) AS think_count FROM `users_bot` [ RunTime:0.000761s ]
[2024-12-04T19:22:48+08:00][sql] CONNECT:[ UseTime:0.009812s ] mysql:host=127.0.0.1;port=3306;dbname=lebot;charset=utf8
[2024-12-04T19:22:48+08:00][sql] SHOW FULL COLUMNS FROM `bot_menu` [ RunTime:0.001687s ]
[2024-12-04T19:22:48+08:00][sql] SELECT `status` FROM `bot_menu` WHERE  `menu` = '菜单' LIMIT 1 [ RunTime:0.000290s ]
[2024-12-04T19:22:48+08:00][sql] SELECT `permission` FROM `bot_menu` WHERE  `menu` = '菜单' LIMIT 1 [ RunTime:0.000134s ]
[2024-12-04T19:22:48+08:00][sql] SHOW FULL COLUMNS FROM `bot_userinfo` [ RunTime:0.000677s ]
[2024-12-04T19:22:48+08:00][sql] SELECT `permission` FROM `bot_userinfo` WHERE  `union_openid` = '51690C10640588D7830D58026BA236AC' LIMIT 1 [ RunTime:0.000219s ]
[2024-12-04T19:22:48+08:00][sql] SELECT `content` FROM `bot_menu` WHERE  `menu` = '菜单' LIMIT 1 [ RunTime:0.000126s ]
[2024-12-04T19:22:48+08:00][sql] SELECT `points` FROM `bot_userinfo` WHERE  `union_openid` = '51690C10640588D7830D58026BA236AC' LIMIT 1 [ RunTime:0.000180s ]
[2024-12-04T19:22:48+08:00][sql] SELECT `permission` FROM `bot_userinfo` WHERE  `union_openid` = '51690C10640588D7830D58026BA236AC' LIMIT 1 [ RunTime:0.000107s ]
[2024-12-04T19:22:48+08:00][sql] SELECT `balance` FROM `bot_userinfo` WHERE  `union_openid` = '51690C10640588D7830D58026BA236AC' LIMIT 1 [ RunTime:0.000106s ]
[2024-12-04T19:22:48+08:00][sql] SHOW FULL COLUMNS FROM `bot_dau` [ RunTime:0.000641s ]
[2024-12-04T19:22:48+08:00][sql] SELECT SUM(`received_messages`) AS think_sum FROM `bot_dau` [ RunTime:0.000204s ]
[2024-12-04T19:22:48+08:00][sql] SELECT SUM(`sent_messages`) AS think_sum FROM `bot_dau` [ RunTime:0.000115s ]
[2024-12-04T19:22:48+08:00][sql] SHOW FULL COLUMNS FROM `users_bot` [ RunTime:0.000583s ]
[2024-12-04T19:22:48+08:00][sql] SELECT COUNT(*) AS think_count FROM `users_bot` [ RunTime:0.001252s ]
[2024-12-04T19:22:48+08:00][sql] SELECT COUNT(*) AS think_count FROM `users_bot` [ RunTime:0.000852s ]
[2024-12-04T19:23:36+08:00][sql] CONNECT:[ UseTime:0.006908s ] mysql:host=127.0.0.1;port=3306;dbname=lebot;charset=utf8
[2024-12-04T19:23:36+08:00][sql] SHOW FULL COLUMNS FROM `bot_menu` [ RunTime:0.001456s ]
[2024-12-04T19:23:36+08:00][sql] SELECT `menu` FROM `bot_menu` WHERE  `menu` = '菜单' LIMIT 1 [ RunTime:0.000249s ]
[2024-12-04T19:23:36+08:00][sql] SELECT `status` FROM `bot_menu` WHERE  `menu` = '菜单' LIMIT 1 [ RunTime:0.000129s ]
[2024-12-04T19:23:36+08:00][sql] SELECT `permission` FROM `bot_menu` WHERE  `menu` = '菜单' LIMIT 1 [ RunTime:0.000108s ]
[2024-12-04T19:23:36+08:00][sql] SHOW FULL COLUMNS FROM `bot_userinfo` [ RunTime:0.000599s ]
[2024-12-04T19:23:36+08:00][sql] SELECT `permission` FROM `bot_userinfo` WHERE  `union_openid` = '51690C10640588D7830D58026BA236AC' LIMIT 1 [ RunTime:0.000221s ]
[2024-12-04T19:23:36+08:00][sql] SELECT `content` FROM `bot_menu` WHERE  `menu` = '菜单' LIMIT 1 [ RunTime:0.000128s ]
[2024-12-04T19:23:36+08:00][sql] SELECT `points` FROM `bot_userinfo` WHERE  `union_openid` = '51690C10640588D7830D58026BA236AC' LIMIT 1 [ RunTime:0.000125s ]
[2024-12-04T19:23:36+08:00][sql] SELECT `permission` FROM `bot_userinfo` WHERE  `union_openid` = '51690C10640588D7830D58026BA236AC' LIMIT 1 [ RunTime:0.000105s ]
[2024-12-04T19:23:36+08:00][sql] SELECT `balance` FROM `bot_userinfo` WHERE  `union_openid` = '51690C10640588D7830D58026BA236AC' LIMIT 1 [ RunTime:0.000103s ]
[2024-12-04T19:23:36+08:00][sql] SHOW FULL COLUMNS FROM `bot_dau` [ RunTime:0.000604s ]
[2024-12-04T19:23:36+08:00][sql] SELECT SUM(`received_messages`) AS think_sum FROM `bot_dau` [ RunTime:0.000196s ]
[2024-12-04T19:23:36+08:00][sql] SELECT SUM(`sent_messages`) AS think_sum FROM `bot_dau` [ RunTime:0.000114s ]
[2024-12-04T19:23:36+08:00][sql] SHOW FULL COLUMNS FROM `users_bot` [ RunTime:0.000531s ]
[2024-12-04T19:23:36+08:00][sql] SELECT COUNT(*) AS think_count FROM `users_bot` [ RunTime:0.001000s ]
[2024-12-04T19:23:36+08:00][sql] SELECT COUNT(*) AS think_count FROM `users_bot` [ RunTime:0.000825s ]
[2024-12-04T19:23:39+08:00][sql] CONNECT:[ UseTime:0.018123s ] mysql:host=127.0.0.1;port=3306;dbname=lebot;charset=utf8
[2024-12-04T19:23:39+08:00][sql] SHOW FULL COLUMNS FROM `bot_menu` [ RunTime:0.001236s ]
[2024-12-04T19:23:39+08:00][sql] SELECT `menu` FROM `bot_menu` WHERE  `menu` = '菜单' LIMIT 1 [ RunTime:0.000542s ]
[2024-12-04T19:23:39+08:00][sql] SELECT `status` FROM `bot_menu` WHERE  `menu` = '菜单' LIMIT 1 [ RunTime:0.000149s ]
[2024-12-04T19:23:39+08:00][sql] SELECT `permission` FROM `bot_menu` WHERE  `menu` = '菜单' LIMIT 1 [ RunTime:0.000113s ]
[2024-12-04T19:23:39+08:00][sql] SHOW FULL COLUMNS FROM `bot_userinfo` [ RunTime:0.000626s ]
[2024-12-04T19:23:39+08:00][sql] SELECT `permission` FROM `bot_userinfo` WHERE  `union_openid` = '51690C10640588D7830D58026BA236AC' LIMIT 1 [ RunTime:0.000208s ]
[2024-12-04T19:23:39+08:00][sql] SELECT `content` FROM `bot_menu` WHERE  `menu` = '菜单' LIMIT 1 [ RunTime:0.000121s ]
[2024-12-04T19:23:39+08:00][sql] SELECT `points` FROM `bot_userinfo` WHERE  `union_openid` = '51690C10640588D7830D58026BA236AC' LIMIT 1 [ RunTime:0.000123s ]
[2024-12-04T19:23:39+08:00][sql] SELECT `permission` FROM `bot_userinfo` WHERE  `union_openid` = '51690C10640588D7830D58026BA236AC' LIMIT 1 [ RunTime:0.000105s ]
[2024-12-04T19:23:39+08:00][sql] SELECT `balance` FROM `bot_userinfo` WHERE  `union_openid` = '51690C10640588D7830D58026BA236AC' LIMIT 1 [ RunTime:0.000103s ]
[2024-12-04T19:23:39+08:00][sql] SHOW FULL COLUMNS FROM `bot_dau` [ RunTime:0.000573s ]
[2024-12-04T19:23:39+08:00][sql] SELECT SUM(`received_messages`) AS think_sum FROM `bot_dau` [ RunTime:0.000191s ]
[2024-12-04T19:23:39+08:00][sql] SELECT SUM(`sent_messages`) AS think_sum FROM `bot_dau` [ RunTime:0.000109s ]
[2024-12-04T19:23:39+08:00][sql] SHOW FULL COLUMNS FROM `users_bot` [ RunTime:0.000528s ]
[2024-12-04T19:23:39+08:00][sql] SELECT COUNT(*) AS think_count FROM `users_bot` [ RunTime:0.025855s ]
[2024-12-04T19:23:39+08:00][sql] SELECT COUNT(*) AS think_count FROM `users_bot` [ RunTime:0.031831s ]
[2024-12-04T20:07:37+08:00][sql] CONNECT:[ UseTime:0.002150s ] mysql:host=127.0.0.1;port=3306;dbname=lebot;charset=utf8
[2024-12-04T20:07:37+08:00][sql] SHOW FULL COLUMNS FROM `bot_directives` [ RunTime:0.003556s ]
[2024-12-04T20:07:37+08:00][sql] SELECT `directives` FROM `bot_directives` WHERE  `directives` = 'directivesnew' LIMIT 1 [ RunTime:0.000729s ]
[2024-12-04T20:07:37+08:00][sql] SHOW FULL COLUMNS FROM `bot_userinfo` [ RunTime:0.001544s ]
[2024-12-04T20:07:37+08:00][sql] SELECT `points` FROM `bot_userinfo` WHERE  `union_openid` = '51690C10640588D7830D58026BA236AC' LIMIT 1 [ RunTime:0.000414s ]
[2024-12-04T20:07:37+08:00][sql] SELECT `permission` FROM `bot_userinfo` WHERE  `union_openid` = '51690C10640588D7830D58026BA236AC' LIMIT 1 [ RunTime:0.000280s ]
[2024-12-04T20:07:37+08:00][sql] SELECT `balance` FROM `bot_userinfo` WHERE  `union_openid` = '51690C10640588D7830D58026BA236AC' LIMIT 1 [ RunTime:0.000266s ]
[2024-12-04T20:07:37+08:00][sql] SHOW FULL COLUMNS FROM `bot_dau` [ RunTime:0.001849s ]
[2024-12-04T20:07:37+08:00][sql] SELECT SUM(`received_messages`) AS think_sum FROM `bot_dau` [ RunTime:0.000630s ]
[2024-12-04T20:07:37+08:00][sql] SELECT SUM(`sent_messages`) AS think_sum FROM `bot_dau` [ RunTime:0.000391s ]
[2024-12-04T20:07:37+08:00][sql] SHOW FULL COLUMNS FROM `users_bot` [ RunTime:0.000979s ]
[2024-12-04T20:07:37+08:00][sql] SELECT COUNT(*) AS think_count FROM `users_bot` [ RunTime:0.001277s ]
[2024-12-04T20:07:37+08:00][sql] SELECT COUNT(*) AS think_count FROM `users_bot` [ RunTime:0.000756s ]
[2024-12-04T20:07:50+08:00][sql] CONNECT:[ UseTime:0.004392s ] mysql:host=127.0.0.1;port=3306;dbname=lebot;charset=utf8
[2024-12-04T20:07:50+08:00][sql] SHOW FULL COLUMNS FROM `bot_directives` [ RunTime:0.001440s ]
[2024-12-04T20:07:50+08:00][sql] SELECT `directives` FROM `bot_directives` WHERE  `directives` = 'directivesnew' LIMIT 1 [ RunTime:0.000330s ]
[2024-12-04T20:07:50+08:00][sql] SHOW FULL COLUMNS FROM `bot_userinfo` [ RunTime:0.000811s ]
[2024-12-04T20:07:50+08:00][sql] SELECT `points` FROM `bot_userinfo` WHERE  `union_openid` = '51690C10640588D7830D58026BA236AC' LIMIT 1 [ RunTime:0.000412s ]
[2024-12-04T20:07:50+08:00][sql] SELECT `permission` FROM `bot_userinfo` WHERE  `union_openid` = '51690C10640588D7830D58026BA236AC' LIMIT 1 [ RunTime:0.000209s ]
[2024-12-04T20:07:50+08:00][sql] SELECT `balance` FROM `bot_userinfo` WHERE  `union_openid` = '51690C10640588D7830D58026BA236AC' LIMIT 1 [ RunTime:0.000232s ]
[2024-12-04T20:07:50+08:00][sql] SHOW FULL COLUMNS FROM `bot_dau` [ RunTime:0.000713s ]
[2024-12-04T20:07:50+08:00][sql] SELECT SUM(`received_messages`) AS think_sum FROM `bot_dau` [ RunTime:0.000276s ]
[2024-12-04T20:07:50+08:00][sql] SELECT SUM(`sent_messages`) AS think_sum FROM `bot_dau` [ RunTime:0.000127s ]
[2024-12-04T20:07:50+08:00][sql] SHOW FULL COLUMNS FROM `users_bot` [ RunTime:0.000530s ]
[2024-12-04T20:07:50+08:00][sql] SELECT COUNT(*) AS think_count FROM `users_bot` [ RunTime:0.001052s ]
[2024-12-04T20:07:50+08:00][sql] SELECT COUNT(*) AS think_count FROM `users_bot` [ RunTime:0.000991s ]
[2024-12-04T20:16:02+08:00][sql] CONNECT:[ UseTime:0.001460s ] mysql:host=127.0.0.1;port=3306;dbname=lebot;charset=utf8
[2024-12-04T20:16:02+08:00][sql] SHOW FULL COLUMNS FROM `bot_directives` [ RunTime:0.003177s ]
[2024-12-04T20:16:02+08:00][sql] SELECT `directives` FROM `bot_directives` WHERE  `directives` = 'directivesnew' LIMIT 1 [ RunTime:0.001757s ]
[2024-12-04T20:16:02+08:00][sql] SHOW FULL COLUMNS FROM `bot_userinfo` [ RunTime:0.001341s ]
[2024-12-04T20:16:02+08:00][sql] SELECT `points` FROM `bot_userinfo` WHERE  `union_openid` = '51690C10640588D7830D58026BA236AC' LIMIT 1 [ RunTime:0.000865s ]
[2024-12-04T20:16:02+08:00][sql] SELECT `permission` FROM `bot_userinfo` WHERE  `union_openid` = '51690C10640588D7830D58026BA236AC' LIMIT 1 [ RunTime:0.000790s ]
[2024-12-04T20:16:02+08:00][sql] SELECT `balance` FROM `bot_userinfo` WHERE  `union_openid` = '51690C10640588D7830D58026BA236AC' LIMIT 1 [ RunTime:0.000749s ]
[2024-12-04T20:16:02+08:00][sql] SHOW FULL COLUMNS FROM `bot_dau` [ RunTime:0.002381s ]
[2024-12-04T20:16:02+08:00][sql] SELECT SUM(`received_messages`) AS think_sum FROM `bot_dau` [ RunTime:0.000978s ]
[2024-12-04T20:16:02+08:00][sql] SELECT SUM(`sent_messages`) AS think_sum FROM `bot_dau` [ RunTime:0.000755s ]
[2024-12-04T20:16:02+08:00][sql] SHOW FULL COLUMNS FROM `users_bot` [ RunTime:0.002399s ]
[2024-12-04T20:16:02+08:00][sql] SELECT COUNT(*) AS think_count FROM `users_bot` [ RunTime:0.002758s ]
[2024-12-04T20:16:02+08:00][sql] SELECT COUNT(*) AS think_count FROM `users_bot` [ RunTime:0.002034s ]
[2024-12-04T20:16:03+08:00][sql] CONNECT:[ UseTime:0.001625s ] mysql:host=127.0.0.1;port=3306;dbname=lebot;charset=utf8
[2024-12-04T20:16:03+08:00][sql] SHOW FULL COLUMNS FROM `bot_directives` [ RunTime:0.002142s ]
[2024-12-04T20:16:03+08:00][sql] SELECT `directives` FROM `bot_directives` WHERE  `directives` = 'directivesnew' LIMIT 1 [ RunTime:0.000629s ]
[2024-12-04T20:16:03+08:00][sql] SHOW FULL COLUMNS FROM `bot_userinfo` [ RunTime:0.000983s ]
[2024-12-04T20:16:03+08:00][sql] SELECT `points` FROM `bot_userinfo` WHERE  `union_openid` = '51690C10640588D7830D58026BA236AC' LIMIT 1 [ RunTime:0.000397s ]
[2024-12-04T20:16:03+08:00][sql] SELECT `permission` FROM `bot_userinfo` WHERE  `union_openid` = '51690C10640588D7830D58026BA236AC' LIMIT 1 [ RunTime:0.000209s ]
[2024-12-04T20:16:03+08:00][sql] SELECT `balance` FROM `bot_userinfo` WHERE  `union_openid` = '51690C10640588D7830D58026BA236AC' LIMIT 1 [ RunTime:0.000272s ]
[2024-12-04T20:16:03+08:00][sql] SHOW FULL COLUMNS FROM `bot_dau` [ RunTime:0.001128s ]
[2024-12-04T20:16:03+08:00][sql] SELECT SUM(`received_messages`) AS think_sum FROM `bot_dau` [ RunTime:0.000672s ]
[2024-12-04T20:16:03+08:00][sql] SELECT SUM(`sent_messages`) AS think_sum FROM `bot_dau` [ RunTime:0.000434s ]
[2024-12-04T20:16:03+08:00][sql] SHOW FULL COLUMNS FROM `users_bot` [ RunTime:0.001336s ]
[2024-12-04T20:16:03+08:00][sql] SELECT COUNT(*) AS think_count FROM `users_bot` [ RunTime:0.001603s ]
[2024-12-04T20:16:03+08:00][sql] SELECT COUNT(*) AS think_count FROM `users_bot` [ RunTime:0.001118s ]
[2024-12-04T20:19:19+08:00][sql] CONNECT:[ UseTime:0.009502s ] mysql:host=127.0.0.1;port=3306;dbname=lebot;charset=utf8
[2024-12-04T20:19:19+08:00][error] [10501]SQLSTATE[42S02]: Base table or view not found: 1146 Table 'lebot.users' doesn't exist[D:\Desktop\x\php\ThinkPHP\vendor\topthink\think-orm\src\db\PDOConnection.php:836]
[2024-12-04T20:29:28+08:00][sql] CONNECT:[ UseTime:0.001513s ] mysql:host=127.0.0.1;port=3306;dbname=lebot;charset=utf8
[2024-12-04T20:29:28+08:00][sql] SHOW FULL COLUMNS FROM `users` [ RunTime:0.001160s ]
[2024-12-04T20:29:28+08:00][sql] SELECT * FROM `users` WHERE  `username` = 'xiaole' LIMIT 1 [ RunTime:0.000239s ]
[2024-12-04T20:29:30+08:00][sql] CONNECT:[ UseTime:0.008337s ] mysql:host=127.0.0.1;port=3306;dbname=lebot;charset=utf8
[2024-12-04T20:29:30+08:00][sql] SHOW FULL COLUMNS FROM `bot_dau` [ RunTime:0.001308s ]
[2024-12-04T20:29:30+08:00][sql] SELECT SUM(`received_messages`) AS think_sum FROM `bot_dau` [ RunTime:0.000242s ]
[2024-12-04T20:29:30+08:00][sql] SELECT SUM(`sent_messages`) AS think_sum FROM `bot_dau` [ RunTime:0.000122s ]
[2024-12-04T20:29:30+08:00][sql] SHOW FULL COLUMNS FROM `users_bot` [ RunTime:0.000637s ]
[2024-12-04T20:29:30+08:00][sql] SELECT COUNT(*) AS think_count FROM `users_bot` [ RunTime:0.000856s ]
[2024-12-04T20:29:30+08:00][sql] SELECT COUNT(*) AS think_count FROM `users_bot` [ RunTime:0.000662s ]
[2024-12-04T20:30:33+08:00][sql] CONNECT:[ UseTime:0.010621s ] mysql:host=127.0.0.1;port=3306;dbname=lebot;charset=utf8
[2024-12-04T20:30:33+08:00][sql] SHOW FULL COLUMNS FROM `log` [ RunTime:0.001522s ]
[2024-12-04T20:30:33+08:00][sql] SELECT * FROM `log` ORDER BY `time` DESC LIMIT 50 [ RunTime:0.000364s ]
[2024-12-04T20:30:42+08:00][sql] CONNECT:[ UseTime:0.008840s ] mysql:host=127.0.0.1;port=3306;dbname=lebot;charset=utf8
[2024-12-04T20:30:42+08:00][sql] SHOW FULL COLUMNS FROM `bot_directives` [ RunTime:0.001067s ]
[2024-12-04T20:30:42+08:00][sql] SELECT `directives` FROM `bot_directives` WHERE  `directives` = 'directivesnew' LIMIT 1 [ RunTime:0.000367s ]
[2024-12-04T20:30:42+08:00][sql] SHOW FULL COLUMNS FROM `bot_userinfo` [ RunTime:0.000731s ]
[2024-12-04T20:30:42+08:00][sql] SELECT `points` FROM `bot_userinfo` WHERE  `union_openid` = '51690C10640588D7830D58026BA236AC' LIMIT 1 [ RunTime:0.000200s ]
[2024-12-04T20:30:42+08:00][sql] SELECT `permission` FROM `bot_userinfo` WHERE  `union_openid` = '51690C10640588D7830D58026BA236AC' LIMIT 1 [ RunTime:0.000121s ]
[2024-12-04T20:30:42+08:00][sql] SELECT `balance` FROM `bot_userinfo` WHERE  `union_openid` = '51690C10640588D7830D58026BA236AC' LIMIT 1 [ RunTime:0.000108s ]
[2024-12-04T20:30:42+08:00][sql] SHOW FULL COLUMNS FROM `bot_dau` [ RunTime:0.000609s ]
[2024-12-04T20:30:42+08:00][sql] SELECT SUM(`received_messages`) AS think_sum FROM `bot_dau` [ RunTime:0.000192s ]
[2024-12-04T20:30:42+08:00][sql] SELECT SUM(`sent_messages`) AS think_sum FROM `bot_dau` [ RunTime:0.000113s ]
[2024-12-04T20:30:42+08:00][sql] SHOW FULL COLUMNS FROM `users_bot` [ RunTime:0.000524s ]
[2024-12-04T20:30:42+08:00][sql] SELECT COUNT(*) AS think_count FROM `users_bot` [ RunTime:0.001285s ]
[2024-12-04T20:30:42+08:00][sql] SELECT COUNT(*) AS think_count FROM `users_bot` [ RunTime:0.000954s ]
[2024-12-04T20:30:43+08:00][sql] CONNECT:[ UseTime:0.005174s ] mysql:host=127.0.0.1;port=3306;dbname=lebot;charset=utf8
[2024-12-04T20:30:43+08:00][sql] SHOW FULL COLUMNS FROM `bot_directives` [ RunTime:0.001247s ]
[2024-12-04T20:30:43+08:00][sql] SELECT `directives` FROM `bot_directives` WHERE  `directives` = 'directivesnew' LIMIT 1 [ RunTime:0.000363s ]
[2024-12-04T20:30:43+08:00][sql] SHOW FULL COLUMNS FROM `bot_userinfo` [ RunTime:0.000700s ]
[2024-12-04T20:30:43+08:00][sql] SELECT `points` FROM `bot_userinfo` WHERE  `union_openid` = '51690C10640588D7830D58026BA236AC' LIMIT 1 [ RunTime:0.000199s ]
[2024-12-04T20:30:43+08:00][sql] SELECT `permission` FROM `bot_userinfo` WHERE  `union_openid` = '51690C10640588D7830D58026BA236AC' LIMIT 1 [ RunTime:0.000121s ]
[2024-12-04T20:30:43+08:00][sql] SELECT `balance` FROM `bot_userinfo` WHERE  `union_openid` = '51690C10640588D7830D58026BA236AC' LIMIT 1 [ RunTime:0.000106s ]
[2024-12-04T20:30:43+08:00][sql] SHOW FULL COLUMNS FROM `bot_dau` [ RunTime:0.000674s ]
[2024-12-04T20:30:43+08:00][sql] SELECT SUM(`received_messages`) AS think_sum FROM `bot_dau` [ RunTime:0.000227s ]
[2024-12-04T20:30:43+08:00][sql] SELECT SUM(`sent_messages`) AS think_sum FROM `bot_dau` [ RunTime:0.000109s ]
[2024-12-04T20:30:43+08:00][sql] SHOW FULL COLUMNS FROM `users_bot` [ RunTime:0.000569s ]
[2024-12-04T20:30:43+08:00][sql] SELECT COUNT(*) AS think_count FROM `users_bot` [ RunTime:0.001083s ]
[2024-12-04T20:30:43+08:00][sql] SELECT COUNT(*) AS think_count FROM `users_bot` [ RunTime:0.004938s ]
[2024-12-04T20:30:44+08:00][sql] CONNECT:[ UseTime:0.010639s ] mysql:host=127.0.0.1;port=3306;dbname=lebot;charset=utf8
[2024-12-04T20:30:44+08:00][sql] SHOW FULL COLUMNS FROM `bot_directives` [ RunTime:0.001158s ]
[2024-12-04T20:30:44+08:00][sql] SELECT `directives` FROM `bot_directives` WHERE  `directives` = 'directivesnew' LIMIT 1 [ RunTime:0.000239s ]
[2024-12-04T20:30:44+08:00][sql] SHOW FULL COLUMNS FROM `bot_userinfo` [ RunTime:0.000624s ]
[2024-12-04T20:30:44+08:00][sql] SELECT `points` FROM `bot_userinfo` WHERE  `union_openid` = '51690C10640588D7830D58026BA236AC' LIMIT 1 [ RunTime:0.000197s ]
[2024-12-04T20:30:44+08:00][sql] SELECT `permission` FROM `bot_userinfo` WHERE  `union_openid` = '51690C10640588D7830D58026BA236AC' LIMIT 1 [ RunTime:0.000119s ]
[2024-12-04T20:30:44+08:00][sql] SELECT `balance` FROM `bot_userinfo` WHERE  `union_openid` = '51690C10640588D7830D58026BA236AC' LIMIT 1 [ RunTime:0.000109s ]
[2024-12-04T20:30:44+08:00][sql] SHOW FULL COLUMNS FROM `bot_dau` [ RunTime:0.000587s ]
[2024-12-04T20:30:44+08:00][sql] SELECT SUM(`received_messages`) AS think_sum FROM `bot_dau` [ RunTime:0.000198s ]
[2024-12-04T20:30:44+08:00][sql] SELECT SUM(`sent_messages`) AS think_sum FROM `bot_dau` [ RunTime:0.000112s ]
[2024-12-04T20:30:44+08:00][sql] SHOW FULL COLUMNS FROM `users_bot` [ RunTime:0.000529s ]
[2024-12-04T20:30:44+08:00][sql] SELECT COUNT(*) AS think_count FROM `users_bot` [ RunTime:0.000981s ]
[2024-12-04T20:30:44+08:00][sql] SELECT COUNT(*) AS think_count FROM `users_bot` [ RunTime:0.000882s ]
[2024-12-04T20:30:53+08:00][sql] CONNECT:[ UseTime:0.010670s ] mysql:host=127.0.0.1;port=3306;dbname=lebot;charset=utf8
[2024-12-04T20:30:53+08:00][sql] SHOW FULL COLUMNS FROM `bot_directives` [ RunTime:0.001209s ]
[2024-12-04T20:30:53+08:00][sql] SELECT `directives` FROM `bot_directives` WHERE  `directives` = 'directivesnew' LIMIT 1 [ RunTime:0.000303s ]
[2024-12-04T20:30:53+08:00][sql] SHOW FULL COLUMNS FROM `bot_userinfo` [ RunTime:0.000710s ]
[2024-12-04T20:30:53+08:00][sql] SELECT `points` FROM `bot_userinfo` WHERE  `union_openid` = '51690C10640588D7830D58026BA236AC' LIMIT 1 [ RunTime:0.000148s ]
[2024-12-04T20:30:53+08:00][sql] SELECT `permission` FROM `bot_userinfo` WHERE  `union_openid` = '51690C10640588D7830D58026BA236AC' LIMIT 1 [ RunTime:0.000115s ]
[2024-12-04T20:30:53+08:00][sql] SELECT `balance` FROM `bot_userinfo` WHERE  `union_openid` = '51690C10640588D7830D58026BA236AC' LIMIT 1 [ RunTime:0.000110s ]
[2024-12-04T20:30:53+08:00][sql] SHOW FULL COLUMNS FROM `bot_dau` [ RunTime:0.000544s ]
[2024-12-04T20:30:53+08:00][sql] SELECT SUM(`received_messages`) AS think_sum FROM `bot_dau` [ RunTime:0.000149s ]
[2024-12-04T20:30:53+08:00][sql] SELECT SUM(`sent_messages`) AS think_sum FROM `bot_dau` [ RunTime:0.000111s ]
[2024-12-04T20:30:53+08:00][sql] SHOW FULL COLUMNS FROM `users_bot` [ RunTime:0.000543s ]
[2024-12-04T20:30:53+08:00][sql] SELECT COUNT(*) AS think_count FROM `users_bot` [ RunTime:0.000881s ]
[2024-12-04T20:30:53+08:00][sql] SELECT COUNT(*) AS think_count FROM `users_bot` [ RunTime:0.000547s ]
[2024-12-04T20:30:54+08:00][sql] CONNECT:[ UseTime:0.001113s ] mysql:host=127.0.0.1;port=3306;dbname=lebot;charset=utf8
[2024-12-04T20:30:54+08:00][sql] SHOW FULL COLUMNS FROM `bot_directives` [ RunTime:0.001070s ]
[2024-12-04T20:30:54+08:00][sql] SELECT `directives` FROM `bot_directives` WHERE  `directives` = 'directivesnew' LIMIT 1 [ RunTime:0.000292s ]
[2024-12-04T20:30:54+08:00][sql] SHOW FULL COLUMNS FROM `bot_userinfo` [ RunTime:0.000755s ]
[2024-12-04T20:30:54+08:00][sql] SELECT `points` FROM `bot_userinfo` WHERE  `union_openid` = '51690C10640588D7830D58026BA236AC' LIMIT 1 [ RunTime:0.000239s ]
[2024-12-04T20:30:54+08:00][sql] SELECT `permission` FROM `bot_userinfo` WHERE  `union_openid` = '51690C10640588D7830D58026BA236AC' LIMIT 1 [ RunTime:0.000180s ]
[2024-12-04T20:30:54+08:00][sql] SELECT `balance` FROM `bot_userinfo` WHERE  `union_openid` = '51690C10640588D7830D58026BA236AC' LIMIT 1 [ RunTime:0.000188s ]
[2024-12-04T20:30:54+08:00][sql] SHOW FULL COLUMNS FROM `bot_dau` [ RunTime:0.000622s ]
[2024-12-04T20:30:54+08:00][sql] SELECT SUM(`received_messages`) AS think_sum FROM `bot_dau` [ RunTime:0.000206s ]
[2024-12-04T20:30:54+08:00][sql] SELECT SUM(`sent_messages`) AS think_sum FROM `bot_dau` [ RunTime:0.000115s ]
[2024-12-04T20:30:54+08:00][sql] SHOW FULL COLUMNS FROM `users_bot` [ RunTime:0.000623s ]
[2024-12-04T20:30:54+08:00][sql] SELECT COUNT(*) AS think_count FROM `users_bot` [ RunTime:0.001019s ]
[2024-12-04T20:30:54+08:00][sql] SELECT COUNT(*) AS think_count FROM `users_bot` [ RunTime:0.000988s ]
[2024-12-04T20:30:54+08:00][sql] CONNECT:[ UseTime:0.001419s ] mysql:host=127.0.0.1;port=3306;dbname=lebot;charset=utf8
[2024-12-04T20:30:54+08:00][sql] SHOW FULL COLUMNS FROM `bot_directives` [ RunTime:0.001108s ]
[2024-12-04T20:30:54+08:00][sql] SELECT `directives` FROM `bot_directives` WHERE  `directives` = 'directivesnew' LIMIT 1 [ RunTime:0.000235s ]
[2024-12-04T20:30:54+08:00][sql] SHOW FULL COLUMNS FROM `bot_userinfo` [ RunTime:0.000716s ]
[2024-12-04T20:30:54+08:00][sql] SELECT `points` FROM `bot_userinfo` WHERE  `union_openid` = '51690C10640588D7830D58026BA236AC' LIMIT 1 [ RunTime:0.000234s ]
[2024-12-04T20:30:54+08:00][sql] SELECT `permission` FROM `bot_userinfo` WHERE  `union_openid` = '51690C10640588D7830D58026BA236AC' LIMIT 1 [ RunTime:0.000117s ]
[2024-12-04T20:30:54+08:00][sql] SELECT `balance` FROM `bot_userinfo` WHERE  `union_openid` = '51690C10640588D7830D58026BA236AC' LIMIT 1 [ RunTime:0.000107s ]
[2024-12-04T20:30:54+08:00][sql] SHOW FULL COLUMNS FROM `bot_dau` [ RunTime:0.000591s ]
[2024-12-04T20:30:54+08:00][sql] SELECT SUM(`received_messages`) AS think_sum FROM `bot_dau` [ RunTime:0.000198s ]
[2024-12-04T20:30:54+08:00][sql] SELECT SUM(`sent_messages`) AS think_sum FROM `bot_dau` [ RunTime:0.000112s ]
[2024-12-04T20:30:54+08:00][sql] SHOW FULL COLUMNS FROM `users_bot` [ RunTime:0.000524s ]
[2024-12-04T20:30:54+08:00][sql] SELECT COUNT(*) AS think_count FROM `users_bot` [ RunTime:0.000966s ]
[2024-12-04T20:30:54+08:00][sql] SELECT COUNT(*) AS think_count FROM `users_bot` [ RunTime:0.000806s ]
[2024-12-04T20:30:55+08:00][sql] CONNECT:[ UseTime:0.020123s ] mysql:host=127.0.0.1;port=3306;dbname=lebot;charset=utf8
[2024-12-04T20:30:55+08:00][sql] SHOW FULL COLUMNS FROM `bot_directives` [ RunTime:0.002315s ]
[2024-12-04T20:30:55+08:00][sql] SELECT `directives` FROM `bot_directives` WHERE  `directives` = 'directivesnew' LIMIT 1 [ RunTime:0.000615s ]
[2024-12-04T20:30:55+08:00][sql] SHOW FULL COLUMNS FROM `bot_userinfo` [ RunTime:0.001503s ]
[2024-12-04T20:30:55+08:00][sql] SELECT `points` FROM `bot_userinfo` WHERE  `union_openid` = '51690C10640588D7830D58026BA236AC' LIMIT 1 [ RunTime:0.000697s ]
[2024-12-04T20:30:55+08:00][sql] SELECT `permission` FROM `bot_userinfo` WHERE  `union_openid` = '51690C10640588D7830D58026BA236AC' LIMIT 1 [ RunTime:0.000276s ]
[2024-12-04T20:30:55+08:00][sql] SELECT `balance` FROM `bot_userinfo` WHERE  `union_openid` = '51690C10640588D7830D58026BA236AC' LIMIT 1 [ RunTime:0.000214s ]
[2024-12-04T20:30:55+08:00][sql] SHOW FULL COLUMNS FROM `bot_dau` [ RunTime:0.001131s ]
[2024-12-04T20:30:55+08:00][sql] SELECT SUM(`received_messages`) AS think_sum FROM `bot_dau` [ RunTime:0.000321s ]
[2024-12-04T20:30:55+08:00][sql] SELECT SUM(`sent_messages`) AS think_sum FROM `bot_dau` [ RunTime:0.000199s ]
[2024-12-04T20:30:55+08:00][sql] SHOW FULL COLUMNS FROM `users_bot` [ RunTime:0.000921s ]
[2024-12-04T20:30:55+08:00][sql] SELECT COUNT(*) AS think_count FROM `users_bot` [ RunTime:0.001063s ]
[2024-12-04T20:30:55+08:00][sql] SELECT COUNT(*) AS think_count FROM `users_bot` [ RunTime:0.000559s ]
[2024-12-04T20:30:55+08:00][sql] CONNECT:[ UseTime:0.001124s ] mysql:host=127.0.0.1;port=3306;dbname=lebot;charset=utf8
[2024-12-04T20:30:55+08:00][sql] SHOW FULL COLUMNS FROM `bot_directives` [ RunTime:0.001173s ]
[2024-12-04T20:30:55+08:00][sql] SELECT `directives` FROM `bot_directives` WHERE  `directives` = 'directivesnew' LIMIT 1 [ RunTime:0.000376s ]
[2024-12-04T20:30:55+08:00][sql] SHOW FULL COLUMNS FROM `bot_userinfo` [ RunTime:0.000788s ]
[2024-12-04T20:30:55+08:00][sql] SELECT `points` FROM `bot_userinfo` WHERE  `union_openid` = '51690C10640588D7830D58026BA236AC' LIMIT 1 [ RunTime:0.000210s ]
[2024-12-04T20:30:55+08:00][sql] SELECT `permission` FROM `bot_userinfo` WHERE  `union_openid` = '51690C10640588D7830D58026BA236AC' LIMIT 1 [ RunTime:0.000125s ]
[2024-12-04T20:30:55+08:00][sql] SELECT `balance` FROM `bot_userinfo` WHERE  `union_openid` = '51690C10640588D7830D58026BA236AC' LIMIT 1 [ RunTime:0.000111s ]
[2024-12-04T20:30:55+08:00][sql] SHOW FULL COLUMNS FROM `bot_dau` [ RunTime:0.000618s ]
[2024-12-04T20:30:55+08:00][sql] SELECT SUM(`received_messages`) AS think_sum FROM `bot_dau` [ RunTime:0.000199s ]
[2024-12-04T20:30:55+08:00][sql] SELECT SUM(`sent_messages`) AS think_sum FROM `bot_dau` [ RunTime:0.000110s ]
[2024-12-04T20:30:55+08:00][sql] SHOW FULL COLUMNS FROM `users_bot` [ RunTime:0.000529s ]
[2024-12-04T20:30:55+08:00][sql] SELECT COUNT(*) AS think_count FROM `users_bot` [ RunTime:0.000904s ]
[2024-12-04T20:30:55+08:00][sql] SELECT COUNT(*) AS think_count FROM `users_bot` [ RunTime:0.000771s ]
[2024-12-04T20:30:55+08:00][sql] CONNECT:[ UseTime:0.005145s ] mysql:host=127.0.0.1;port=3306;dbname=lebot;charset=utf8
[2024-12-04T20:30:55+08:00][sql] SHOW FULL COLUMNS FROM `bot_directives` [ RunTime:0.001118s ]
[2024-12-04T20:30:55+08:00][sql] SELECT `directives` FROM `bot_directives` WHERE  `directives` = 'directivesnew' LIMIT 1 [ RunTime:0.000242s ]
[2024-12-04T20:30:55+08:00][sql] SHOW FULL COLUMNS FROM `bot_userinfo` [ RunTime:0.000759s ]
[2024-12-04T20:30:55+08:00][sql] SELECT `points` FROM `bot_userinfo` WHERE  `union_openid` = '51690C10640588D7830D58026BA236AC' LIMIT 1 [ RunTime:0.000234s ]
[2024-12-04T20:30:55+08:00][sql] SELECT `permission` FROM `bot_userinfo` WHERE  `union_openid` = '51690C10640588D7830D58026BA236AC' LIMIT 1 [ RunTime:0.000124s ]
[2024-12-04T20:30:55+08:00][sql] SELECT `balance` FROM `bot_userinfo` WHERE  `union_openid` = '51690C10640588D7830D58026BA236AC' LIMIT 1 [ RunTime:0.000113s ]
[2024-12-04T20:30:55+08:00][sql] SHOW FULL COLUMNS FROM `bot_dau` [ RunTime:0.000566s ]
[2024-12-04T20:30:55+08:00][sql] SELECT SUM(`received_messages`) AS think_sum FROM `bot_dau` [ RunTime:0.000198s ]
[2024-12-04T20:30:55+08:00][sql] SELECT SUM(`sent_messages`) AS think_sum FROM `bot_dau` [ RunTime:0.000117s ]
[2024-12-04T20:30:55+08:00][sql] SHOW FULL COLUMNS FROM `users_bot` [ RunTime:0.000537s ]
[2024-12-04T20:30:55+08:00][sql] SELECT COUNT(*) AS think_count FROM `users_bot` [ RunTime:0.000941s ]
[2024-12-04T20:30:55+08:00][sql] SELECT COUNT(*) AS think_count FROM `users_bot` [ RunTime:0.000651s ]
[2024-12-04T20:31:24+08:00][sql] CONNECT:[ UseTime:0.010620s ] mysql:host=127.0.0.1;port=3306;dbname=lebot;charset=utf8
[2024-12-04T20:31:24+08:00][sql] SHOW FULL COLUMNS FROM `log` [ RunTime:0.001157s ]
[2024-12-04T20:31:24+08:00][sql] SELECT * FROM `log` ORDER BY `time` DESC LIMIT 50 [ RunTime:0.000403s ]
[2024-12-04T20:31:28+08:00][sql] CONNECT:[ UseTime:0.001810s ] mysql:host=127.0.0.1;port=3306;dbname=lebot;charset=utf8
[2024-12-04T20:31:28+08:00][sql] SHOW FULL COLUMNS FROM `bot_directives` [ RunTime:0.001049s ]
[2024-12-04T20:31:28+08:00][sql] SELECT `directives` FROM `bot_directives` WHERE  `directives` = 'directivesnew' LIMIT 1 [ RunTime:0.000350s ]
[2024-12-04T20:31:28+08:00][sql] SHOW FULL COLUMNS FROM `bot_userinfo` [ RunTime:0.000767s ]
[2024-12-04T20:31:28+08:00][sql] SELECT `points` FROM `bot_userinfo` WHERE  `union_openid` = '51690C10640588D7830D58026BA236AC' LIMIT 1 [ RunTime:0.000299s ]
[2024-12-04T20:31:28+08:00][sql] SELECT `permission` FROM `bot_userinfo` WHERE  `union_openid` = '51690C10640588D7830D58026BA236AC' LIMIT 1 [ RunTime:0.000276s ]
[2024-12-04T20:31:28+08:00][sql] SELECT `balance` FROM `bot_userinfo` WHERE  `union_openid` = '51690C10640588D7830D58026BA236AC' LIMIT 1 [ RunTime:0.000332s ]
[2024-12-04T20:31:28+08:00][sql] SHOW FULL COLUMNS FROM `bot_dau` [ RunTime:0.000801s ]
[2024-12-04T20:31:28+08:00][sql] SELECT SUM(`received_messages`) AS think_sum FROM `bot_dau` [ RunTime:0.000539s ]
[2024-12-04T20:31:28+08:00][sql] SELECT SUM(`sent_messages`) AS think_sum FROM `bot_dau` [ RunTime:0.000320s ]
[2024-12-04T20:31:28+08:00][sql] SHOW FULL COLUMNS FROM `users_bot` [ RunTime:0.000900s ]
[2024-12-04T20:31:28+08:00][sql] SELECT COUNT(*) AS think_count FROM `users_bot` [ RunTime:0.009687s ]
[2024-12-04T20:31:28+08:00][sql] SELECT COUNT(*) AS think_count FROM `users_bot` [ RunTime:0.001451s ]
[2024-12-04T20:31:28+08:00][sql] SHOW FULL COLUMNS FROM `bot_menu` [ RunTime:0.002630s ]
[2024-12-04T20:31:28+08:00][sql] SELECT `menu` FROM `bot_menu` WHERE  `menu` = '运行信息' LIMIT 1 [ RunTime:0.001063s ]
[2024-12-04T20:31:28+08:00][sql] SELECT `points` FROM `bot_userinfo` WHERE  `union_openid` = '51690C10640588D7830D58026BA236AC' LIMIT 1 [ RunTime:0.000795s ]
[2024-12-04T20:31:28+08:00][sql] SELECT `permission` FROM `bot_userinfo` WHERE  `union_openid` = '51690C10640588D7830D58026BA236AC' LIMIT 1 [ RunTime:0.000681s ]
[2024-12-04T20:31:28+08:00][sql] SELECT `balance` FROM `bot_userinfo` WHERE  `union_openid` = '51690C10640588D7830D58026BA236AC' LIMIT 1 [ RunTime:0.000682s ]
[2024-12-04T20:31:28+08:00][sql] SELECT SUM(`received_messages`) AS think_sum FROM `bot_dau` [ RunTime:0.000646s ]
[2024-12-04T20:31:28+08:00][sql] SELECT SUM(`sent_messages`) AS think_sum FROM `bot_dau` [ RunTime:0.000623s ]
[2024-12-04T20:31:28+08:00][sql] SELECT COUNT(*) AS think_count FROM `users_bot` [ RunTime:0.002005s ]
[2024-12-04T20:31:28+08:00][sql] SELECT COUNT(*) AS think_count FROM `users_bot` [ RunTime:0.001806s ]
[2024-12-04T20:31:29+08:00][sql] CONNECT:[ UseTime:0.001880s ] mysql:host=127.0.0.1;port=3306;dbname=lebot;charset=utf8
[2024-12-04T20:31:29+08:00][sql] SHOW FULL COLUMNS FROM `bot_directives` [ RunTime:0.003461s ]
[2024-12-04T20:31:29+08:00][sql] SELECT `directives` FROM `bot_directives` WHERE  `directives` = 'directivesnew' LIMIT 1 [ RunTime:0.001100s ]
[2024-12-04T20:31:29+08:00][sql] SHOW FULL COLUMNS FROM `bot_userinfo` [ RunTime:0.001846s ]
[2024-12-04T20:31:29+08:00][sql] SELECT `points` FROM `bot_userinfo` WHERE  `union_openid` = '51690C10640588D7830D58026BA236AC' LIMIT 1 [ RunTime:0.000384s ]
[2024-12-04T20:31:29+08:00][sql] SELECT `permission` FROM `bot_userinfo` WHERE  `union_openid` = '51690C10640588D7830D58026BA236AC' LIMIT 1 [ RunTime:0.000210s ]
[2024-12-04T20:31:29+08:00][sql] SELECT `balance` FROM `bot_userinfo` WHERE  `union_openid` = '51690C10640588D7830D58026BA236AC' LIMIT 1 [ RunTime:0.000189s ]
[2024-12-04T20:31:29+08:00][sql] SHOW FULL COLUMNS FROM `bot_dau` [ RunTime:0.000702s ]
[2024-12-04T20:31:29+08:00][sql] SELECT SUM(`received_messages`) AS think_sum FROM `bot_dau` [ RunTime:0.000333s ]
[2024-12-04T20:31:29+08:00][sql] SELECT SUM(`sent_messages`) AS think_sum FROM `bot_dau` [ RunTime:0.000160s ]
[2024-12-04T20:31:29+08:00][sql] SHOW FULL COLUMNS FROM `users_bot` [ RunTime:0.000604s ]
[2024-12-04T20:31:29+08:00][sql] SELECT COUNT(*) AS think_count FROM `users_bot` [ RunTime:0.001233s ]
[2024-12-04T20:31:29+08:00][sql] SELECT COUNT(*) AS think_count FROM `users_bot` [ RunTime:0.001039s ]
[2024-12-04T20:31:29+08:00][sql] SHOW FULL COLUMNS FROM `bot_menu` [ RunTime:0.000872s ]
[2024-12-04T20:31:29+08:00][sql] SELECT `menu` FROM `bot_menu` WHERE  `menu` = '运行信息' LIMIT 1 [ RunTime:0.000430s ]
[2024-12-04T20:31:29+08:00][sql] SELECT `points` FROM `bot_userinfo` WHERE  `union_openid` = '51690C10640588D7830D58026BA236AC' LIMIT 1 [ RunTime:0.000373s ]
[2024-12-04T20:31:29+08:00][sql] SELECT `permission` FROM `bot_userinfo` WHERE  `union_openid` = '51690C10640588D7830D58026BA236AC' LIMIT 1 [ RunTime:0.000402s ]
[2024-12-04T20:31:29+08:00][sql] SELECT `balance` FROM `bot_userinfo` WHERE  `union_openid` = '51690C10640588D7830D58026BA236AC' LIMIT 1 [ RunTime:0.000271s ]
[2024-12-04T20:31:29+08:00][sql] SELECT SUM(`received_messages`) AS think_sum FROM `bot_dau` [ RunTime:0.000284s ]
[2024-12-04T20:31:29+08:00][sql] SELECT SUM(`sent_messages`) AS think_sum FROM `bot_dau` [ RunTime:0.000344s ]
[2024-12-04T20:31:29+08:00][sql] SELECT COUNT(*) AS think_count FROM `users_bot` [ RunTime:0.001100s ]
[2024-12-04T20:31:29+08:00][sql] SELECT COUNT(*) AS think_count FROM `users_bot` [ RunTime:0.000860s ]
[2024-12-04T20:31:40+08:00][sql] CONNECT:[ UseTime:0.001283s ] mysql:host=127.0.0.1;port=3306;dbname=lebot;charset=utf8
[2024-12-04T20:31:40+08:00][sql] SHOW FULL COLUMNS FROM `bot_directives` [ RunTime:0.001210s ]
[2024-12-04T20:31:40+08:00][sql] SELECT `directives` FROM `bot_directives` WHERE  `directives` = 'directivesnew' LIMIT 1 [ RunTime:0.000349s ]
[2024-12-04T20:31:40+08:00][sql] SHOW FULL COLUMNS FROM `bot_userinfo` [ RunTime:0.000794s ]
[2024-12-04T20:31:40+08:00][sql] SELECT `points` FROM `bot_userinfo` WHERE  `union_openid` = '51690C10640588D7830D58026BA236AC' LIMIT 1 [ RunTime:0.000322s ]
[2024-12-04T20:31:40+08:00][sql] SELECT `permission` FROM `bot_userinfo` WHERE  `union_openid` = '51690C10640588D7830D58026BA236AC' LIMIT 1 [ RunTime:0.000281s ]
[2024-12-04T20:31:40+08:00][sql] SELECT `balance` FROM `bot_userinfo` WHERE  `union_openid` = '51690C10640588D7830D58026BA236AC' LIMIT 1 [ RunTime:0.000275s ]
[2024-12-04T20:31:40+08:00][sql] SHOW FULL COLUMNS FROM `bot_dau` [ RunTime:0.000728s ]
[2024-12-04T20:31:40+08:00][sql] SELECT SUM(`received_messages`) AS think_sum FROM `bot_dau` [ RunTime:0.000247s ]
[2024-12-04T20:31:40+08:00][sql] SELECT SUM(`sent_messages`) AS think_sum FROM `bot_dau` [ RunTime:0.000145s ]
[2024-12-04T20:31:40+08:00][sql] SHOW FULL COLUMNS FROM `users_bot` [ RunTime:0.000640s ]
[2024-12-04T20:31:40+08:00][sql] SELECT COUNT(*) AS think_count FROM `users_bot` [ RunTime:0.001430s ]
[2024-12-04T20:31:40+08:00][sql] SELECT COUNT(*) AS think_count FROM `users_bot` [ RunTime:0.001266s ]
[2024-12-04T20:31:40+08:00][sql] SHOW FULL COLUMNS FROM `bot_menu` [ RunTime:0.000554s ]
[2024-12-04T20:31:40+08:00][sql] SELECT `menu` FROM `bot_menu` WHERE  `menu` = '菜单' LIMIT 1 [ RunTime:0.000202s ]
[2024-12-04T20:31:40+08:00][sql] SELECT `status` FROM `bot_menu` WHERE  `menu` = '菜单' LIMIT 1 [ RunTime:0.000117s ]
[2024-12-04T20:31:40+08:00][sql] SELECT `permission` FROM `bot_menu` WHERE  `menu` = '菜单' LIMIT 1 [ RunTime:0.000106s ]
[2024-12-04T20:31:40+08:00][sql] SELECT `permission` FROM `bot_userinfo` WHERE  `union_openid` = '51690C10640588D7830D58026BA236AC' LIMIT 1 [ RunTime:0.000102s ]
[2024-12-04T20:31:40+08:00][sql] SELECT `content` FROM `bot_menu` WHERE  `menu` = '菜单' LIMIT 1 [ RunTime:0.000101s ]
[2024-12-04T20:31:40+08:00][sql] SELECT `points` FROM `bot_userinfo` WHERE  `union_openid` = '51690C10640588D7830D58026BA236AC' LIMIT 1 [ RunTime:0.000121s ]
[2024-12-04T20:31:40+08:00][sql] SELECT `permission` FROM `bot_userinfo` WHERE  `union_openid` = '51690C10640588D7830D58026BA236AC' LIMIT 1 [ RunTime:0.000100s ]
[2024-12-04T20:31:40+08:00][sql] SELECT `balance` FROM `bot_userinfo` WHERE  `union_openid` = '51690C10640588D7830D58026BA236AC' LIMIT 1 [ RunTime:0.000099s ]
[2024-12-04T20:31:40+08:00][sql] SELECT SUM(`received_messages`) AS think_sum FROM `bot_dau` [ RunTime:0.000109s ]
[2024-12-04T20:31:40+08:00][sql] SELECT SUM(`sent_messages`) AS think_sum FROM `bot_dau` [ RunTime:0.000096s ]
[2024-12-04T20:31:40+08:00][sql] SELECT COUNT(*) AS think_count FROM `users_bot` [ RunTime:0.000927s ]
[2024-12-04T20:31:40+08:00][sql] SELECT COUNT(*) AS think_count FROM `users_bot` [ RunTime:0.000696s ]
[2024-12-04T20:33:23+08:00][sql] CONNECT:[ UseTime:0.001043s ] mysql:host=127.0.0.1;port=3306;dbname=lebot;charset=utf8
[2024-12-04T20:33:23+08:00][sql] SHOW FULL COLUMNS FROM `bot_directives` [ RunTime:0.001097s ]
[2024-12-04T20:33:23+08:00][error] [10501]SQLSTATE[42S22]: Column not found: 1054 Unknown column 'directivesnew' in 'field list'[D:\Desktop\x\php\ThinkPHP\vendor\topthink\think-orm\src\db\PDOConnection.php:836]
[2024-12-04T20:34:20+08:00][sql] CONNECT:[ UseTime:0.014989s ] mysql:host=127.0.0.1;port=3306;dbname=lebot;charset=utf8
[2024-12-04T20:34:20+08:00][sql] SHOW FULL COLUMNS FROM `bot_directives` [ RunTime:0.001275s ]
[2024-12-04T20:34:20+08:00][error] [10501]SQLSTATE[42S22]: Column not found: 1054 Unknown column 'directivesnew' in 'field list'[D:\Desktop\x\php\ThinkPHP\vendor\topthink\think-orm\src\db\PDOConnection.php:836]
[2024-12-04T20:35:43+08:00][sql] CONNECT:[ UseTime:0.003869s ] mysql:host=127.0.0.1;port=3306;dbname=lebot;charset=utf8
[2024-12-04T20:35:43+08:00][sql] SHOW FULL COLUMNS FROM `bot_directives` [ RunTime:0.001089s ]
[2024-12-04T20:35:43+08:00][sql] SELECT `newdirectives` FROM `bot_directives` WHERE  `newdirectives` = '运行信息' LIMIT 1 [ RunTime:0.000415s ]
[2024-12-04T20:35:43+08:00][sql] SELECT `directives` FROM `bot_directives` WHERE  `newdirectives` = '运行信息' LIMIT 1 [ RunTime:0.000280s ]
[2024-12-04T20:35:43+08:00][sql] SELECT `status` FROM `bot_directives` WHERE  `directives` = '运行信息' LIMIT 1 [ RunTime:0.000155s ]
[2024-12-04T20:35:43+08:00][sql] SELECT `permission` FROM `bot_directives` WHERE  `directives` = '运行信息' LIMIT 1 [ RunTime:0.000118s ]
[2024-12-04T20:35:43+08:00][sql] SHOW FULL COLUMNS FROM `bot_userinfo` [ RunTime:0.000779s ]
[2024-12-04T20:35:43+08:00][sql] SELECT `permission` FROM `bot_userinfo` WHERE  `union_openid` = '51690C10640588D7830D58026BA236AC' LIMIT 1 [ RunTime:0.000209s ]
[2024-12-04T20:35:43+08:00][sql] SELECT `content` FROM `bot_directives` WHERE  `directives` = '运行信息' LIMIT 1 [ RunTime:0.000130s ]
[2024-12-04T20:35:43+08:00][sql] SELECT `points` FROM `bot_userinfo` WHERE  `union_openid` = '51690C10640588D7830D58026BA236AC' LIMIT 1 [ RunTime:0.000166s ]
[2024-12-04T20:35:43+08:00][sql] SELECT `permission` FROM `bot_userinfo` WHERE  `union_openid` = '51690C10640588D7830D58026BA236AC' LIMIT 1 [ RunTime:0.000104s ]
[2024-12-04T20:35:43+08:00][sql] SELECT `balance` FROM `bot_userinfo` WHERE  `union_openid` = '51690C10640588D7830D58026BA236AC' LIMIT 1 [ RunTime:0.000104s ]
[2024-12-04T20:35:43+08:00][sql] SHOW FULL COLUMNS FROM `bot_dau` [ RunTime:0.000623s ]
[2024-12-04T20:35:43+08:00][sql] SELECT SUM(`received_messages`) AS think_sum FROM `bot_dau` [ RunTime:0.000221s ]
[2024-12-04T20:35:43+08:00][sql] SELECT SUM(`sent_messages`) AS think_sum FROM `bot_dau` [ RunTime:0.000115s ]
[2024-12-04T20:35:43+08:00][sql] SHOW FULL COLUMNS FROM `users_bot` [ RunTime:0.000556s ]
[2024-12-04T20:35:43+08:00][sql] SELECT COUNT(*) AS think_count FROM `users_bot` [ RunTime:0.002088s ]
[2024-12-04T20:35:43+08:00][sql] SELECT COUNT(*) AS think_count FROM `users_bot` [ RunTime:0.000878s ]
[2024-12-04T20:48:11+08:00][sql] CONNECT:[ UseTime:0.001358s ] mysql:host=127.0.0.1;port=3306;dbname=lebot;charset=utf8
[2024-12-04T20:48:11+08:00][sql] SHOW FULL COLUMNS FROM `bot_directives` [ RunTime:0.001243s ]
[2024-12-04T20:48:11+08:00][sql] SELECT `newdirectives` FROM `bot_directives` WHERE  `newdirectives` = '运行信息' LIMIT 1 [ RunTime:0.000182s ]
[2024-12-04T20:48:11+08:00][sql] SELECT `directives` FROM `bot_directives` WHERE  `newdirectives` = '运行信息' LIMIT 1 [ RunTime:0.000125s ]
[2024-12-04T20:48:11+08:00][sql] SELECT `status` FROM `bot_directives` WHERE  `directives` = '运行信息' LIMIT 1 [ RunTime:0.000109s ]
[2024-12-04T20:48:11+08:00][sql] SELECT `permission` FROM `bot_directives` WHERE  `directives` = '运行信息' LIMIT 1 [ RunTime:0.000103s ]
[2024-12-04T20:48:11+08:00][sql] SHOW FULL COLUMNS FROM `bot_userinfo` [ RunTime:0.000618s ]
[2024-12-04T20:48:11+08:00][sql] SELECT `permission` FROM `bot_userinfo` WHERE  `union_openid` = '51690C10640588D7830D58026BA236AC' LIMIT 1 [ RunTime:0.000139s ]
[2024-12-04T20:48:11+08:00][sql] SELECT `content` FROM `bot_directives` WHERE  `directives` = '运行信息' LIMIT 1 [ RunTime:0.000120s ]
[2024-12-04T20:48:11+08:00][sql] SELECT `points` FROM `bot_userinfo` WHERE  `union_openid` = '51690C10640588D7830D58026BA236AC' LIMIT 1 [ RunTime:0.000123s ]
[2024-12-04T20:48:11+08:00][sql] SELECT `permission` FROM `bot_userinfo` WHERE  `union_openid` = '51690C10640588D7830D58026BA236AC' LIMIT 1 [ RunTime:0.000125s ]
[2024-12-04T20:48:11+08:00][sql] SELECT `balance` FROM `bot_userinfo` WHERE  `union_openid` = '51690C10640588D7830D58026BA236AC' LIMIT 1 [ RunTime:0.000111s ]
[2024-12-04T20:48:11+08:00][sql] SHOW FULL COLUMNS FROM `bot_dau` [ RunTime:0.000752s ]
[2024-12-04T20:48:11+08:00][sql] SELECT SUM(`received_messages`) AS think_sum FROM `bot_dau` [ RunTime:0.000175s ]
[2024-12-04T20:48:11+08:00][sql] SELECT SUM(`sent_messages`) AS think_sum FROM `bot_dau` [ RunTime:0.000104s ]
[2024-12-04T20:48:11+08:00][sql] SHOW FULL COLUMNS FROM `users_bot` [ RunTime:0.000690s ]
[2024-12-04T20:48:11+08:00][sql] SELECT COUNT(*) AS think_count FROM `users_bot` [ RunTime:0.001377s ]
[2024-12-04T20:48:11+08:00][sql] SELECT COUNT(*) AS think_count FROM `users_bot` [ RunTime:0.001008s ]
