[2024-12-05T20:18:16+08:00][error] [10501]SQLSTATE[HY000] [2002] 由于目标计算机积极拒绝，无法连接。[D:\Desktop\x\php\lebot\vendor\topthink\think-orm\src\db\PDOConnection.php:836]
[2024-12-05T20:18:18+08:00][error] [10501]SQLSTATE[HY000] [2002] 由于目标计算机积极拒绝，无法连接。[D:\Desktop\x\php\lebot\vendor\topthink\think-orm\src\db\PDOConnection.php:836]
[2024-12-05T20:18:46+08:00][error] [10501]SQLSTATE[HY000] [2002] 由于目标计算机积极拒绝，无法连接。[D:\Desktop\x\php\lebot\vendor\topthink\think-orm\src\db\PDOConnection.php:836]
[2024-12-05T20:19:31+08:00][error] [10501]SQLSTATE[HY000] [2002] 由于目标计算机积极拒绝，无法连接。[D:\Desktop\x\php\lebot\vendor\topthink\think-orm\src\db\PDOConnection.php:836]
[2024-12-05T20:19:33+08:00][error] [10501]SQLSTATE[HY000] [2002] 由于目标计算机积极拒绝，无法连接。[D:\Desktop\x\php\lebot\vendor\topthink\think-orm\src\db\PDOConnection.php:836]
[2024-12-05T20:19:35+08:00][error] [10501]SQLSTATE[HY000] [2002] 由于目标计算机积极拒绝，无法连接。[D:\Desktop\x\php\lebot\vendor\topthink\think-orm\src\db\PDOConnection.php:836]
[2024-12-05T20:19:38+08:00][error] [10501]SQLSTATE[HY000] [2002] 由于目标计算机积极拒绝，无法连接。[D:\Desktop\x\php\lebot\vendor\topthink\think-orm\src\db\PDOConnection.php:836]
[2024-12-05T20:19:40+08:00][error] [10501]SQLSTATE[HY000] [2002] 由于目标计算机积极拒绝，无法连接。[D:\Desktop\x\php\lebot\vendor\topthink\think-orm\src\db\PDOConnection.php:836]
[2024-12-05T20:19:42+08:00][error] [10501]SQLSTATE[HY000] [2002] 由于目标计算机积极拒绝，无法连接。[D:\Desktop\x\php\lebot\vendor\topthink\think-orm\src\db\PDOConnection.php:836]
[2024-12-05T20:19:45+08:00][error] [10501]SQLSTATE[HY000] [2002] 由于目标计算机积极拒绝，无法连接。[D:\Desktop\x\php\lebot\vendor\topthink\think-orm\src\db\PDOConnection.php:836]
[2024-12-05T20:23:17+08:00][error] [10501]SQLSTATE[HY000] [2002] 由于目标计算机积极拒绝，无法连接。[D:\Desktop\x\php\lebot\vendor\topthink\think-orm\src\db\PDOConnection.php:836]
[2024-12-05T20:23:20+08:00][error] [10501]SQLSTATE[HY000] [2002] 由于目标计算机积极拒绝，无法连接。[D:\Desktop\x\php\lebot\vendor\topthink\think-orm\src\db\PDOConnection.php:836]
[2024-12-05T20:28:13+08:00][sql] CONNECT:[ UseTime:0.004024s ] mysql:host=127.0.0.1;port=3306;dbname=lebot;charset=utf8
[2024-12-05T20:28:13+08:00][sql] SHOW FULL COLUMNS FROM `users` [ RunTime:0.006408s ]
[2024-12-05T20:28:13+08:00][sql] SELECT * FROM `users` WHERE  `username` = 'xiaole' LIMIT 1 [ RunTime:0.004257s ]
[2024-12-05T20:28:15+08:00][sql] CONNECT:[ UseTime:0.001576s ] mysql:host=127.0.0.1;port=3306;dbname=lebot;charset=utf8
[2024-12-05T20:28:15+08:00][sql] SHOW FULL COLUMNS FROM `bot_dau` [ RunTime:0.003707s ]
[2024-12-05T20:28:15+08:00][sql] SELECT SUM(`received_messages`) AS think_sum FROM `bot_dau` [ RunTime:0.000948s ]
[2024-12-05T20:28:15+08:00][sql] SELECT SUM(`sent_messages`) AS think_sum FROM `bot_dau` [ RunTime:0.000200s ]
[2024-12-05T20:28:15+08:00][sql] SHOW FULL COLUMNS FROM `users_bot` [ RunTime:0.001026s ]
[2024-12-05T20:28:15+08:00][sql] SELECT COUNT(*) AS think_count FROM `users_bot` [ RunTime:0.001507s ]
[2024-12-05T20:28:15+08:00][sql] SELECT COUNT(*) AS think_count FROM `users_bot` [ RunTime:0.000997s ]
[2024-12-05T20:28:19+08:00][sql] CONNECT:[ UseTime:0.017372s ] mysql:host=127.0.0.1;port=3306;dbname=lebot;charset=utf8
[2024-12-05T20:28:19+08:00][sql] SHOW FULL COLUMNS FROM `log` [ RunTime:0.002176s ]
[2024-12-05T20:28:19+08:00][sql] SELECT * FROM `log` ORDER BY `time` DESC LIMIT 50 [ RunTime:0.001095s ]
[2024-12-05T20:28:21+08:00][sql] CONNECT:[ UseTime:0.015253s ] mysql:host=127.0.0.1;port=3306;dbname=lebot;charset=utf8
[2024-12-05T20:28:21+08:00][sql] SHOW FULL COLUMNS FROM `bot_dau` [ RunTime:0.002065s ]
[2024-12-05T20:28:21+08:00][sql] SELECT SUM(`received_messages`) AS think_sum FROM `bot_dau` [ RunTime:0.000799s ]
[2024-12-05T20:28:21+08:00][sql] SELECT SUM(`sent_messages`) AS think_sum FROM `bot_dau` [ RunTime:0.000332s ]
[2024-12-05T20:28:21+08:00][sql] SHOW FULL COLUMNS FROM `users_bot` [ RunTime:0.001300s ]
[2024-12-05T20:28:21+08:00][sql] SELECT COUNT(*) AS think_count FROM `users_bot` [ RunTime:0.001283s ]
[2024-12-05T20:28:21+08:00][sql] SELECT COUNT(*) AS think_count FROM `users_bot` [ RunTime:0.000983s ]
[2024-12-05T20:28:22+08:00][sql] CONNECT:[ UseTime:0.001303s ] mysql:host=127.0.0.1;port=3306;dbname=lebot;charset=utf8
[2024-12-05T20:28:22+08:00][sql] SHOW FULL COLUMNS FROM `users_bot` [ RunTime:0.001786s ]
[2024-12-05T20:28:22+08:00][sql] SELECT `ID`,`QQ`,`AppID`,`Token`,`AppSecret` FROM `users_bot` [ RunTime:0.000528s ]
[2024-12-05T20:28:24+08:00][sql] CONNECT:[ UseTime:0.001168s ] mysql:host=127.0.0.1;port=3306;dbname=lebot;charset=utf8
[2024-12-05T20:28:24+08:00][sql] SHOW FULL COLUMNS FROM `log` [ RunTime:0.002420s ]
[2024-12-05T20:28:24+08:00][sql] SELECT * FROM `log` ORDER BY `time` DESC LIMIT 50 [ RunTime:0.000629s ]
[2024-12-05T21:18:48+08:00][sql] CONNECT:[ UseTime:0.006255s ] mysql:host=127.0.0.1;port=3306;dbname=lebot;charset=utf8
[2024-12-05T21:18:48+08:00][sql] SHOW FULL COLUMNS FROM `users` [ RunTime:0.004803s ]
[2024-12-05T21:18:48+08:00][sql] SELECT * FROM `users` WHERE  `username` = 'xiaole' LIMIT 1 [ RunTime:0.000495s ]
[2024-12-05T21:18:50+08:00][sql] CONNECT:[ UseTime:0.001316s ] mysql:host=127.0.0.1;port=3306;dbname=lebot;charset=utf8
[2024-12-05T21:18:50+08:00][sql] SHOW FULL COLUMNS FROM `bot_dau` [ RunTime:0.004715s ]
[2024-12-05T21:18:50+08:00][sql] SELECT SUM(`received_messages`) AS think_sum FROM `bot_dau` [ RunTime:0.001550s ]
[2024-12-05T21:18:50+08:00][sql] SELECT SUM(`sent_messages`) AS think_sum FROM `bot_dau` [ RunTime:0.000662s ]
[2024-12-05T21:18:50+08:00][sql] SHOW FULL COLUMNS FROM `users_bot` [ RunTime:0.003290s ]
[2024-12-05T21:18:50+08:00][sql] SELECT COUNT(*) AS think_count FROM `users_bot` [ RunTime:0.003479s ]
[2024-12-05T21:18:50+08:00][sql] SELECT COUNT(*) AS think_count FROM `users_bot` [ RunTime:0.001994s ]
[2024-12-05T21:18:51+08:00][sql] CONNECT:[ UseTime:0.001247s ] mysql:host=127.0.0.1;port=3306;dbname=lebot;charset=utf8
[2024-12-05T21:18:51+08:00][sql] SHOW FULL COLUMNS FROM `users_bot` [ RunTime:0.002810s ]
[2024-12-05T21:18:51+08:00][sql] SELECT `ID`,`QQ`,`AppID`,`Token`,`AppSecret` FROM `users_bot` [ RunTime:0.000320s ]
[2024-12-05T21:18:52+08:00][sql] CONNECT:[ UseTime:0.001726s ] mysql:host=127.0.0.1;port=3306;dbname=lebot;charset=utf8
[2024-12-05T21:18:52+08:00][sql] SHOW FULL COLUMNS FROM `log` [ RunTime:0.003530s ]
[2024-12-05T21:18:52+08:00][sql] SELECT * FROM `log` ORDER BY `time` DESC LIMIT 50 [ RunTime:0.000589s ]
[2024-12-05T21:52:14+08:00][sql] CONNECT:[ UseTime:0.002338s ] mysql:host=127.0.0.1;port=3306;dbname=lebot;charset=utf8
[2024-12-05T21:52:14+08:00][sql] SHOW FULL COLUMNS FROM `log` [ RunTime:0.002096s ]
[2024-12-05T21:52:14+08:00][error] [10501]SQLSTATE[HY000]: General error: 1364 Field 'id' doesn't have a default value[D:\Desktop\x\php\lebot\vendor\topthink\think-orm\src\db\PDOConnection.php:836]
[2024-12-05T21:54:20+08:00][sql] CONNECT:[ UseTime:0.005594s ] mysql:host=127.0.0.1;port=3306;dbname=lebot;charset=utf8
[2024-12-05T21:54:20+08:00][sql] SHOW FULL COLUMNS FROM `log` [ RunTime:0.001522s ]
[2024-12-05T21:54:20+08:00][sql] INSERT INTO `log` SET `time` = '2024-12-05 21:54:20' , `type` = '群聊消息' , `union_openid` = '51690C10640588D7830D58026BA236AC' , `group_openid` = 'B44BF9FFCCF2DB81C04FAE0B668B255B' , `content` = 'aa' [ RunTime:0.004180s ]
[2024-12-05T21:54:20+08:00][sql] SELECT COUNT(*) AS think_count FROM `log` [ RunTime:0.001256s ]
[2024-12-05T21:54:20+08:00][sql] SHOW FULL COLUMNS FROM `bot_dau` [ RunTime:0.000867s ]
[2024-12-05T21:54:20+08:00][sql] SELECT * FROM `bot_dau` WHERE  `date` = '2024-12-05' LIMIT 1 [ RunTime:0.000960s ]
[2024-12-05T21:54:20+08:00][error] [10501]SQLSTATE[HY000]: General error: 1364 Field 'id' doesn't have a default value[D:\Desktop\x\php\lebot\vendor\topthink\think-orm\src\db\PDOConnection.php:836]
[2024-12-05T21:55:12+08:00][sql] CONNECT:[ UseTime:0.016149s ] mysql:host=127.0.0.1;port=3306;dbname=lebot;charset=utf8
[2024-12-05T21:55:12+08:00][sql] SHOW FULL COLUMNS FROM `log` [ RunTime:0.002062s ]
[2024-12-05T21:55:12+08:00][sql] INSERT INTO `log` SET `time` = '2024-12-05 21:55:12' , `type` = '群聊消息' , `union_openid` = '51690C10640588D7830D58026BA236AC' , `group_openid` = 'B44BF9FFCCF2DB81C04FAE0B668B255B' , `content` = 'aa' [ RunTime:0.007967s ]
[2024-12-05T21:55:12+08:00][sql] SELECT COUNT(*) AS think_count FROM `log` [ RunTime:0.001955s ]
[2024-12-05T21:55:12+08:00][sql] SHOW FULL COLUMNS FROM `bot_dau` [ RunTime:0.001123s ]
[2024-12-05T21:55:12+08:00][sql] SELECT * FROM `bot_dau` WHERE  `date` = '2024-12-05' LIMIT 1 [ RunTime:0.000434s ]
[2024-12-05T21:55:12+08:00][sql] INSERT INTO `bot_dau` SET `date` = '2024-12-05' , `received_messages` = 0 , `sent_messages` = 0 , `user_count` = 0 , `group_count` = 0 , `usage_frequency` = 0 , `channel_private_chat` = 0 , `group_private_chat` = 0 [ RunTime:0.004221s ]
[2024-12-05T21:55:12+08:00][sql] SELECT * FROM `bot_dau` WHERE  `date` = '2024-12-05' LIMIT 1 [ RunTime:0.000533s ]
[2024-12-05T21:55:12+08:00][sql] UPDATE `bot_dau`  SET `received_messages` = `received_messages` + 1 , `group_count` = `group_count` + 1  WHERE  `id` = 5 [ RunTime:0.006475s ]
[2024-12-05T21:55:12+08:00][sql] SHOW FULL COLUMNS FROM `bot_userinfo` [ RunTime:0.002280s ]
[2024-12-05T21:55:12+08:00][sql] SELECT * FROM `bot_userinfo` WHERE  `union_openid` = '51690C10640588D7830D58026BA236AC' LIMIT 1 [ RunTime:0.001519s ]
[2024-12-05T21:55:12+08:00][sql] UPDATE `bot_userinfo`  SET `post_date` = '2024-12-05'  WHERE  `id` = 1 [ RunTime:0.003660s ]
[2024-12-05T21:55:12+08:00][sql] SELECT * FROM `bot_dau` WHERE  `date` = '2024-12-05' LIMIT 1 [ RunTime:0.000468s ]
[2024-12-05T21:55:12+08:00][sql] UPDATE `bot_dau`  SET `user_count` = `user_count` + 1  WHERE  `id` = 5 [ RunTime:0.003361s ]
