[2024-12-06T13:53:17+08:00][sql] CONNECT:[ UseTime:0.004748s ] mysql:host=127.0.0.1;port=3306;dbname=lebot;charset=utf8
[2024-12-06T13:53:17+08:00][sql] SHOW FULL COLUMNS FROM `log` [ RunTime:0.005950s ]
[2024-12-06T13:53:17+08:00][sql] INSERT INTO `log` SET `time` = '2024-12-06 13:53:16' , `type` = '群聊消息' , `union_openid` = '51690C10640588D7830D58026BA236AC' , `group_openid` = 'B44BF9FFCCF2DB81C04FAE0B668B255B' , `content` = ' 你好鸭' [ RunTime:0.008831s ]
[2024-12-06T13:53:17+08:00][sql] SELECT COUNT(*) AS think_count FROM `log` [ RunTime:0.001095s ]
[2024-12-06T13:53:17+08:00][sql] SHOW FULL COLUMNS FROM `bot_dau` [ RunTime:0.001148s ]
[2024-12-06T13:53:17+08:00][sql] SELECT * FROM `bot_dau` WHERE  `date` = '2024-12-06' LIMIT 1 [ RunTime:0.000998s ]
[2024-12-06T13:53:17+08:00][sql] INSERT INTO `bot_dau` SET `date` = '2024-12-06' , `received_messages` = 0 , `sent_messages` = 0 , `user_count` = 0 , `group_count` = 0 , `usage_frequency` = 0 , `channel_private_chat` = 0 , `group_private_chat` = 0 [ RunTime:0.003536s ]
[2024-12-06T13:53:17+08:00][sql] SELECT * FROM `bot_dau` WHERE  `date` = '2024-12-06' LIMIT 1 [ RunTime:0.000211s ]
[2024-12-06T13:53:17+08:00][sql] UPDATE `bot_dau`  SET `received_messages` = `received_messages` + 1 , `group_count` = `group_count` + 1  WHERE  `id` = 6 [ RunTime:0.002501s ]
[2024-12-06T13:53:17+08:00][sql] SHOW FULL COLUMNS FROM `bot_userinfo` [ RunTime:0.001248s ]
[2024-12-06T13:53:17+08:00][sql] SELECT * FROM `bot_userinfo` WHERE  `union_openid` = '51690C10640588D7830D58026BA236AC' LIMIT 1 [ RunTime:0.002252s ]
[2024-12-06T13:53:17+08:00][sql] UPDATE `bot_userinfo`  SET `post_date` = '2024-12-06'  WHERE  `id` = 1 [ RunTime:0.002462s ]
[2024-12-06T13:53:17+08:00][sql] SELECT * FROM `bot_dau` WHERE  `date` = '2024-12-06' LIMIT 1 [ RunTime:0.000244s ]
[2024-12-06T13:53:17+08:00][sql] UPDATE `bot_dau`  SET `user_count` = `user_count` + 1  WHERE  `id` = 6 [ RunTime:0.003086s ]
[2024-12-06T13:53:17+08:00][sql] SHOW FULL COLUMNS FROM `bot_menu` [ RunTime:0.001346s ]
[2024-12-06T13:53:17+08:00][sql] SELECT `menu` FROM `bot_menu` WHERE  `menu` = '你好鸭' LIMIT 1 [ RunTime:0.002741s ]
[2024-12-06T13:53:17+08:00][sql] SELECT `points` FROM `bot_userinfo` WHERE  `union_openid` = '51690C10640588D7830D58026BA236AC' LIMIT 1 [ RunTime:0.000318s ]
[2024-12-06T13:53:17+08:00][sql] SELECT `permission` FROM `bot_userinfo` WHERE  `union_openid` = '51690C10640588D7830D58026BA236AC' LIMIT 1 [ RunTime:0.000128s ]
[2024-12-06T13:53:17+08:00][sql] SELECT `balance` FROM `bot_userinfo` WHERE  `union_openid` = '51690C10640588D7830D58026BA236AC' LIMIT 1 [ RunTime:0.000112s ]
[2024-12-06T13:53:17+08:00][sql] SELECT SUM(`received_messages`) AS think_sum FROM `bot_dau` [ RunTime:0.000189s ]
[2024-12-06T13:53:17+08:00][sql] SELECT SUM(`sent_messages`) AS think_sum FROM `bot_dau` [ RunTime:0.000146s ]
[2024-12-06T13:53:17+08:00][sql] SHOW FULL COLUMNS FROM `users_bot` [ RunTime:0.001089s ]
[2024-12-06T13:53:17+08:00][sql] SELECT COUNT(*) AS think_count FROM `users_bot` [ RunTime:0.002675s ]
[2024-12-06T13:53:17+08:00][sql] SELECT COUNT(*) AS think_count FROM `users_bot` [ RunTime:0.002015s ]
[2024-12-06T13:53:17+08:00][sql] SELECT * FROM `bot_dau` WHERE  `date` = '2024-12-06' LIMIT 1 [ RunTime:0.000314s ]
[2024-12-06T13:53:17+08:00][sql] UPDATE `bot_dau`  SET `sent_messages` = `sent_messages` + 1  WHERE  `id` = 6 [ RunTime:0.003121s ]
[2024-12-06T13:53:17+08:00][sql] SELECT * FROM `users_bot` WHERE  `AppID` = '102450011' LIMIT 1 [ RunTime:0.000347s ]
[2024-12-06T13:53:17+08:00][sql] UPDATE `users_bot`  SET `AccessToken` = '7uWjoB1n-qjGj4voqBYiMzLD-Cv2Wz2Mc_8sL_ARAVkmUC66Q0IuLJ56YT_k6Ly5aZUvdHvppon49w' , `AccessToken_time` = '1733467603'  WHERE  `AppID` = '102450011' [ RunTime:0.004589s ]
[2024-12-06T13:53:17+08:00][error] [2]Trying to access array offset on value of type null[D:\Desktop\x\php\lebot\app\index\helper\API\openapi.php:243]
