[2024-12-09T16:22:26+08:00][error] [10501]SQLSTATE[HY000] [2002] Áî±‰∫éÁõÆÊ†áËÆ°ÁÆóÊú∫ÁßØÊûÅÊãíÁªùÔºåÊó†Ê≥ïËøûÊé•„ÄÇ[D:\Desktop\x\php\lebot\vendor\topthink\think-orm\src\db\PDOConnection.php:836]
[2024-12-09T16:22:37+08:00][error] [10501]SQLSTATE[HY000] [2002] Áî±‰∫éÁõÆÊ†áËÆ°ÁÆóÊú∫ÁßØÊûÅÊãíÁªùÔºåÊó†Ê≥ïËøûÊé•„ÄÇ[D:\Desktop\x\php\lebot\vendor\topthink\think-orm\src\db\PDOConnection.php:836]
[2024-12-09T16:22:46+08:00][sql] CONNECT:[ UseTime:0.026285s ] mysql:host=127.0.0.1;port=3306;dbname=lebot;charset=utf8
[2024-12-09T16:22:46+08:00][sql] SHOW FULL COLUMNS FROM `users` [ RunTime:0.004855s ]
[2024-12-09T16:22:46+08:00][sql] SELECT * FROM `users` WHERE  `username` = 'xiaole' LIMIT 1 [ RunTime:0.005892s ]
[2024-12-09T16:22:48+08:00][sql] CONNECT:[ UseTime:0.018410s ] mysql:host=127.0.0.1;port=3306;dbname=lebot;charset=utf8
[2024-12-09T16:22:48+08:00][sql] SHOW FULL COLUMNS FROM `bot_dau` [ RunTime:0.002743s ]
[2024-12-09T16:22:48+08:00][sql] SELECT SUM(`received_messages`) AS think_sum FROM `bot_dau` [ RunTime:0.002722s ]
[2024-12-09T16:22:48+08:00][sql] SELECT SUM(`sent_messages`) AS think_sum FROM `bot_dau` [ RunTime:0.000294s ]
[2024-12-09T16:22:48+08:00][sql] SHOW FULL COLUMNS FROM `users_bot` [ RunTime:0.001385s ]
[2024-12-09T16:22:48+08:00][sql] SELECT COUNT(*) AS think_count FROM `users_bot` [ RunTime:0.002990s ]
[2024-12-09T16:22:48+08:00][sql] SELECT COUNT(*) AS think_count FROM `users_bot` [ RunTime:0.000944s ]
[2024-12-09T16:24:14+08:00][error] [2]Undefined array key "Â"[D:\Desktop\x\php\lebot\app\index\helper\Messageprocessing.php:83]
[2024-12-09T16:29:44+08:00][error] [0]Invalid character encountered during decoding: Â[D:\Desktop\x\php\lebot\app\index\helper\Messageprocessing.php:87]
[2024-12-09T16:29:49+08:00][error] [0]Invalid character encountered during decoding: Â[D:\Desktop\x\php\lebot\app\index\helper\Messageprocessing.php:87]
[2024-12-09T16:30:17+08:00][error] [0]Invalid character encountered during decoding: Â[D:\Desktop\x\php\lebot\app\index\helper\Messageprocessing.php:87]
[2024-12-09T16:33:06+08:00][error] [0]Invalid character encountered during decoding: Â[D:\Desktop\x\php\lebot\app\index\helper\Messageprocessing.php:87]
[2024-12-09T16:33:29+08:00][error] [0]Invalid character encountered during decoding: Â[D:\Desktop\x\php\lebot\app\index\helper\Messageprocessing.php:87]
[2024-12-09T16:37:02+08:00][error] [0]Decoding failed: Invalid character encountered during decoding: Â[D:\Desktop\x\php\lebot\app\index\helper\Messageprocessing.php:119]
[2024-12-09T16:39:01+08:00][error] [0]Decoding failed: Invalid character encountered during decoding: Â[D:\Desktop\x\php\lebot\app\index\helper\Messageprocessing.php:119]
[2024-12-09T16:40:00+08:00][error] [0]Decoding failed: Invalid character encountered during decoding: Â[D:\Desktop\x\php\lebot\app\index\helper\Messageprocessing.php:123]
[2024-12-09T18:49:56+08:00][error] [8192]Invalid characters passed for attempted conversion, these have been ignored[D:\Desktop\x\php\lebot\app\index\helper\Messageprocessing.php:79]
[2024-12-09T18:51:18+08:00][error] [8192]Invalid characters passed for attempted conversion, these have been ignored[D:\Desktop\x\php\lebot\app\index\helper\Messageprocessing.php:79]
[2024-12-09T19:14:34+08:00][error] [8192]Invalid characters passed for attempted conversion, these have been ignored[D:\Desktop\x\php\lebot\app\index\helper\Messageprocessing.php:104]
[2024-12-09T19:15:51+08:00][error] [8192]Invalid characters passed for attempted conversion, these have been ignored[D:\Desktop\x\php\lebot\app\index\helper\Messageprocessing.php:110]
[2024-12-09T19:15:53+08:00][error] [8192]Invalid characters passed for attempted conversion, these have been ignored[D:\Desktop\x\php\lebot\app\index\helper\Messageprocessing.php:110]
[2024-12-09T19:17:25+08:00][error] [8192]Invalid characters passed for attempted conversion, these have been ignored[D:\Desktop\x\php\lebot\app\index\helper\Messageprocessing.php:106]
[2024-12-09T19:43:30+08:00][sql] CONNECT:[ UseTime:0.005502s ] mysql:host=127.0.0.1;port=3306;dbname=lebot;charset=utf8
[2024-12-09T19:43:30+08:00][sql] SHOW FULL COLUMNS FROM `bot_directives` [ RunTime:0.016243s ]
[2024-12-09T19:43:30+08:00][sql] SELECT `newdirectives` FROM `bot_directives` WHERE  `newdirectives` = 'ËøêË°å‰ø°ÊÅØ' LIMIT 1 [ RunTime:0.004662s ]
[2024-12-09T19:43:30+08:00][sql] SELECT `directives` FROM `bot_directives` WHERE  `newdirectives` = 'ËøêË°å‰ø°ÊÅØ' LIMIT 1 [ RunTime:0.000742s ]
[2024-12-09T19:43:30+08:00][sql] SELECT `status` FROM `bot_directives` WHERE  `directives` = 'ËøêË°å‰ø°ÊÅØ' LIMIT 1 [ RunTime:0.000761s ]
[2024-12-09T19:43:30+08:00][sql] SELECT `permission` FROM `bot_directives` WHERE  `directives` = 'ËøêË°å‰ø°ÊÅØ' LIMIT 1 [ RunTime:0.000789s ]
[2024-12-09T19:43:30+08:00][sql] SHOW FULL COLUMNS FROM `bot_userinfo` [ RunTime:0.004059s ]
[2024-12-09T19:43:30+08:00][sql] SELECT `permission` FROM `bot_userinfo` WHERE  `union_openid` = '51690C10640588D7830D58026BA236AC' LIMIT 1 [ RunTime:0.003895s ]
[2024-12-09T19:43:30+08:00][sql] SELECT `content` FROM `bot_directives` WHERE  `directives` = 'ËøêË°å‰ø°ÊÅØ' LIMIT 1 [ RunTime:0.000840s ]
[2024-12-09T19:43:30+08:00][sql] SELECT `points` FROM `bot_userinfo` WHERE  `union_openid` = '51690C10640588D7830D58026BA236AC' LIMIT 1 [ RunTime:0.000944s ]
[2024-12-09T19:43:30+08:00][sql] SELECT `permission` FROM `bot_userinfo` WHERE  `union_openid` = '51690C10640588D7830D58026BA236AC' LIMIT 1 [ RunTime:0.000770s ]
[2024-12-09T19:43:30+08:00][sql] SELECT `balance` FROM `bot_userinfo` WHERE  `union_openid` = '51690C10640588D7830D58026BA236AC' LIMIT 1 [ RunTime:0.000588s ]
[2024-12-09T19:43:30+08:00][sql] SHOW FULL COLUMNS FROM `bot_dau` [ RunTime:0.002177s ]
[2024-12-09T19:43:30+08:00][sql] SELECT SUM(`received_messages`) AS think_sum FROM `bot_dau` [ RunTime:0.001149s ]
[2024-12-09T19:43:30+08:00][sql] SELECT SUM(`sent_messages`) AS think_sum FROM `bot_dau` [ RunTime:0.000782s ]
[2024-12-09T19:43:30+08:00][sql] SHOW FULL COLUMNS FROM `users_bot` [ RunTime:0.002381s ]
[2024-12-09T19:43:30+08:00][sql] SELECT COUNT(*) AS think_count FROM `users_bot` [ RunTime:0.005301s ]
[2024-12-09T19:43:30+08:00][sql] SELECT COUNT(*) AS think_count FROM `users_bot` [ RunTime:0.001508s ]
[2024-12-09T22:05:13+08:00][error] [10501]SQLSTATE[HY000] [2002] Áî±‰∫éÁõÆÊ†áËÆ°ÁÆóÊú∫ÁßØÊûÅÊãíÁªùÔºåÊó†Ê≥ïËøûÊé•„ÄÇ[D:\Desktop\x\php\lebot\vendor\topthink\think-orm\src\db\PDOConnection.php:836]
[2024-12-09T22:05:16+08:00][error] [10501]SQLSTATE[HY000] [2002] Áî±‰∫éÁõÆÊ†áËÆ°ÁÆóÊú∫ÁßØÊûÅÊãíÁªùÔºåÊó†Ê≥ïËøûÊé•„ÄÇ[D:\Desktop\x\php\lebot\vendor\topthink\think-orm\src\db\PDOConnection.php:836]
[2024-12-09T22:05:21+08:00][error] [10501]SQLSTATE[HY000] [2002] Áî±‰∫éÁõÆÊ†áËÆ°ÁÆóÊú∫ÁßØÊûÅÊãíÁªùÔºåÊó†Ê≥ïËøûÊé•„ÄÇ[D:\Desktop\x\php\lebot\vendor\topthink\think-orm\src\db\PDOConnection.php:836]
[2024-12-09T22:05:37+08:00][error] [10501]SQLSTATE[HY000] [2002] Áî±‰∫éÁõÆÊ†áËÆ°ÁÆóÊú∫ÁßØÊûÅÊãíÁªùÔºåÊó†Ê≥ïËøûÊé•„ÄÇ[D:\Desktop\x\php\lebot\vendor\topthink\think-orm\src\db\PDOConnection.php:836]
[2024-12-09T22:05:53+08:00][sql] CONNECT:[ UseTime:0.011827s ] mysql:host=127.0.0.1;port=3306;dbname=lebot;charset=utf8
[2024-12-09T22:05:53+08:00][sql] SHOW FULL COLUMNS FROM `bot_directives` [ RunTime:0.004515s ]
[2024-12-09T22:05:53+08:00][sql] SELECT `newdirectives` FROM `bot_directives` WHERE  `newdirectives` = 'ËøêË°å‰ø°ÊÅØ' LIMIT 1 [ RunTime:0.004411s ]
[2024-12-09T22:05:53+08:00][sql] SELECT `directives` FROM `bot_directives` WHERE  `newdirectives` = 'ËøêË°å‰ø°ÊÅØ' LIMIT 1 [ RunTime:0.000271s ]
[2024-12-09T22:05:53+08:00][sql] SELECT `status` FROM `bot_directives` WHERE  `directives` = 'ËøêË°å‰ø°ÊÅØ' LIMIT 1 [ RunTime:0.000411s ]
[2024-12-09T22:05:53+08:00][sql] SELECT `permission` FROM `bot_directives` WHERE  `directives` = 'ËøêË°å‰ø°ÊÅØ' LIMIT 1 [ RunTime:0.000128s ]
[2024-12-09T22:05:53+08:00][sql] SHOW FULL COLUMNS FROM `bot_userinfo` [ RunTime:0.000821s ]
[2024-12-09T22:05:53+08:00][sql] SELECT `permission` FROM `bot_userinfo` WHERE  `union_openid` = '51690C10640588D7830D58026BA236AC' LIMIT 1 [ RunTime:0.001494s ]
[2024-12-09T22:05:53+08:00][sql] SELECT `content` FROM `bot_directives` WHERE  `directives` = 'ËøêË°å‰ø°ÊÅØ' LIMIT 1 [ RunTime:0.000304s ]
[2024-12-09T22:05:53+08:00][sql] SELECT `points` FROM `bot_userinfo` WHERE  `union_openid` = '51690C10640588D7830D58026BA236AC' LIMIT 1 [ RunTime:0.000290s ]
[2024-12-09T22:05:53+08:00][sql] SELECT `permission` FROM `bot_userinfo` WHERE  `union_openid` = '51690C10640588D7830D58026BA236AC' LIMIT 1 [ RunTime:0.000235s ]
[2024-12-09T22:05:53+08:00][sql] SELECT `balance` FROM `bot_userinfo` WHERE  `union_openid` = '51690C10640588D7830D58026BA236AC' LIMIT 1 [ RunTime:0.000201s ]
[2024-12-09T22:05:53+08:00][sql] SHOW FULL COLUMNS FROM `bot_dau` [ RunTime:0.001058s ]
[2024-12-09T22:05:53+08:00][sql] SELECT SUM(`received_messages`) AS think_sum FROM `bot_dau` [ RunTime:0.001608s ]
[2024-12-09T22:05:53+08:00][sql] SELECT SUM(`sent_messages`) AS think_sum FROM `bot_dau` [ RunTime:0.000189s ]
[2024-12-09T22:05:53+08:00][sql] SHOW FULL COLUMNS FROM `users_bot` [ RunTime:0.000851s ]
[2024-12-09T22:05:53+08:00][sql] SELECT COUNT(*) AS think_count FROM `users_bot` [ RunTime:0.004236s ]
[2024-12-09T22:05:53+08:00][sql] SELECT COUNT(*) AS think_count FROM `users_bot` [ RunTime:0.000501s ]
[2024-12-09T22:05:54+08:00][sql] CONNECT:[ UseTime:0.000954s ] mysql:host=127.0.0.1;port=3306;dbname=lebot;charset=utf8
[2024-12-09T22:05:54+08:00][sql] SHOW FULL COLUMNS FROM `bot_directives` [ RunTime:0.001192s ]
[2024-12-09T22:05:54+08:00][sql] SELECT `newdirectives` FROM `bot_directives` WHERE  `newdirectives` = 'ËøêË°å‰ø°ÊÅØ' LIMIT 1 [ RunTime:0.000237s ]
[2024-12-09T22:05:54+08:00][sql] SELECT `directives` FROM `bot_directives` WHERE  `newdirectives` = 'ËøêË°å‰ø°ÊÅØ' LIMIT 1 [ RunTime:0.000131s ]
[2024-12-09T22:05:54+08:00][sql] SELECT `status` FROM `bot_directives` WHERE  `directives` = 'ËøêË°å‰ø°ÊÅØ' LIMIT 1 [ RunTime:0.000112s ]
[2024-12-09T22:05:54+08:00][sql] SELECT `permission` FROM `bot_directives` WHERE  `directives` = 'ËøêË°å‰ø°ÊÅØ' LIMIT 1 [ RunTime:0.000106s ]
[2024-12-09T22:05:54+08:00][sql] SHOW FULL COLUMNS FROM `bot_userinfo` [ RunTime:0.000624s ]
[2024-12-09T22:05:54+08:00][sql] SELECT `permission` FROM `bot_userinfo` WHERE  `union_openid` = '51690C10640588D7830D58026BA236AC' LIMIT 1 [ RunTime:0.000195s ]
[2024-12-09T22:05:54+08:00][sql] SELECT `content` FROM `bot_directives` WHERE  `directives` = 'ËøêË°å‰ø°ÊÅØ' LIMIT 1 [ RunTime:0.000127s ]
[2024-12-09T22:05:54+08:00][sql] SELECT `points` FROM `bot_userinfo` WHERE  `union_openid` = '51690C10640588D7830D58026BA236AC' LIMIT 1 [ RunTime:0.000127s ]
[2024-12-09T22:05:54+08:00][sql] SELECT `permission` FROM `bot_userinfo` WHERE  `union_openid` = '51690C10640588D7830D58026BA236AC' LIMIT 1 [ RunTime:0.000110s ]
[2024-12-09T22:05:54+08:00][sql] SELECT `balance` FROM `bot_userinfo` WHERE  `union_openid` = '51690C10640588D7830D58026BA236AC' LIMIT 1 [ RunTime:0.000107s ]
[2024-12-09T22:05:54+08:00][sql] SHOW FULL COLUMNS FROM `bot_dau` [ RunTime:0.000590s ]
[2024-12-09T22:05:54+08:00][sql] SELECT SUM(`received_messages`) AS think_sum FROM `bot_dau` [ RunTime:0.000189s ]
[2024-12-09T22:05:54+08:00][sql] SELECT SUM(`sent_messages`) AS think_sum FROM `bot_dau` [ RunTime:0.000112s ]
[2024-12-09T22:05:54+08:00][sql] SHOW FULL COLUMNS FROM `users_bot` [ RunTime:0.000569s ]
[2024-12-09T22:05:54+08:00][sql] SELECT COUNT(*) AS think_count FROM `users_bot` [ RunTime:0.001883s ]
[2024-12-09T22:05:54+08:00][sql] SELECT COUNT(*) AS think_count FROM `users_bot` [ RunTime:0.001054s ]
[2024-12-09T22:05:55+08:00][sql] CONNECT:[ UseTime:0.000960s ] mysql:host=127.0.0.1;port=3306;dbname=lebot;charset=utf8
[2024-12-09T22:05:55+08:00][sql] SHOW FULL COLUMNS FROM `bot_directives` [ RunTime:0.001285s ]
[2024-12-09T22:05:55+08:00][sql] SELECT `newdirectives` FROM `bot_directives` WHERE  `newdirectives` = 'ËøêË°å‰ø°ÊÅØ' LIMIT 1 [ RunTime:0.000242s ]
[2024-12-09T22:05:55+08:00][sql] SELECT `directives` FROM `bot_directives` WHERE  `newdirectives` = 'ËøêË°å‰ø°ÊÅØ' LIMIT 1 [ RunTime:0.000134s ]
[2024-12-09T22:05:55+08:00][sql] SELECT `status` FROM `bot_directives` WHERE  `directives` = 'ËøêË°å‰ø°ÊÅØ' LIMIT 1 [ RunTime:0.000113s ]
[2024-12-09T22:05:55+08:00][sql] SELECT `permission` FROM `bot_directives` WHERE  `directives` = 'ËøêË°å‰ø°ÊÅØ' LIMIT 1 [ RunTime:0.000107s ]
[2024-12-09T22:05:55+08:00][sql] SHOW FULL COLUMNS FROM `bot_userinfo` [ RunTime:0.000638s ]
[2024-12-09T22:05:55+08:00][sql] SELECT `permission` FROM `bot_userinfo` WHERE  `union_openid` = '51690C10640588D7830D58026BA236AC' LIMIT 1 [ RunTime:0.000195s ]
[2024-12-09T22:05:55+08:00][sql] SELECT `content` FROM `bot_directives` WHERE  `directives` = 'ËøêË°å‰ø°ÊÅØ' LIMIT 1 [ RunTime:0.000128s ]
[2024-12-09T22:05:55+08:00][sql] SELECT `points` FROM `bot_userinfo` WHERE  `union_openid` = '51690C10640588D7830D58026BA236AC' LIMIT 1 [ RunTime:0.000150s ]
[2024-12-09T22:05:55+08:00][sql] SELECT `permission` FROM `bot_userinfo` WHERE  `union_openid` = '51690C10640588D7830D58026BA236AC' LIMIT 1 [ RunTime:0.000116s ]
[2024-12-09T22:05:55+08:00][sql] SELECT `balance` FROM `bot_userinfo` WHERE  `union_openid` = '51690C10640588D7830D58026BA236AC' LIMIT 1 [ RunTime:0.000108s ]
[2024-12-09T22:05:55+08:00][sql] SHOW FULL COLUMNS FROM `bot_dau` [ RunTime:0.000662s ]
[2024-12-09T22:05:55+08:00][sql] SELECT SUM(`received_messages`) AS think_sum FROM `bot_dau` [ RunTime:0.000197s ]
[2024-12-09T22:05:55+08:00][sql] SELECT SUM(`sent_messages`) AS think_sum FROM `bot_dau` [ RunTime:0.000116s ]
[2024-12-09T22:05:55+08:00][sql] SHOW FULL COLUMNS FROM `users_bot` [ RunTime:0.000580s ]
[2024-12-09T22:05:55+08:00][sql] SELECT COUNT(*) AS think_count FROM `users_bot` [ RunTime:0.001222s ]
[2024-12-09T22:05:55+08:00][sql] SELECT COUNT(*) AS think_count FROM `users_bot` [ RunTime:0.000773s ]
[2024-12-09T22:06:14+08:00][sql] CONNECT:[ UseTime:0.006010s ] mysql:host=127.0.0.1;port=3306;dbname=lebot;charset=utf8
[2024-12-09T22:06:14+08:00][sql] SHOW FULL COLUMNS FROM `bot_directives` [ RunTime:0.001353s ]
[2024-12-09T22:06:14+08:00][sql] SELECT `newdirectives` FROM `bot_directives` WHERE  `newdirectives` = 'ËøêË°å‰ø°ÊÅØ' LIMIT 1 [ RunTime:0.000294s ]
[2024-12-09T22:06:14+08:00][sql] SELECT `directives` FROM `bot_directives` WHERE  `newdirectives` = 'ËøêË°å‰ø°ÊÅØ' LIMIT 1 [ RunTime:0.000211s ]
[2024-12-09T22:06:14+08:00][sql] SELECT `status` FROM `bot_directives` WHERE  `directives` = 'ËøêË°å‰ø°ÊÅØ' LIMIT 1 [ RunTime:0.000206s ]
[2024-12-09T22:06:14+08:00][sql] SELECT `permission` FROM `bot_directives` WHERE  `directives` = 'ËøêË°å‰ø°ÊÅØ' LIMIT 1 [ RunTime:0.000116s ]
[2024-12-09T22:06:14+08:00][sql] SHOW FULL COLUMNS FROM `bot_userinfo` [ RunTime:0.000627s ]
[2024-12-09T22:06:14+08:00][sql] SELECT `permission` FROM `bot_userinfo` WHERE  `union_openid` = '51690C10640588D7830D58026BA236AC' LIMIT 1 [ RunTime:0.000193s ]
[2024-12-09T22:06:14+08:00][sql] SELECT `content` FROM `bot_directives` WHERE  `directives` = 'ËøêË°å‰ø°ÊÅØ' LIMIT 1 [ RunTime:0.000122s ]
[2024-12-09T22:06:14+08:00][sql] SELECT `points` FROM `bot_userinfo` WHERE  `union_openid` = '51690C10640588D7830D58026BA236AC' LIMIT 1 [ RunTime:0.000548s ]
[2024-12-09T22:06:14+08:00][sql] SELECT `permission` FROM `bot_userinfo` WHERE  `union_openid` = '51690C10640588D7830D58026BA236AC' LIMIT 1 [ RunTime:0.000232s ]
[2024-12-09T22:06:14+08:00][sql] SELECT `balance` FROM `bot_userinfo` WHERE  `union_openid` = '51690C10640588D7830D58026BA236AC' LIMIT 1 [ RunTime:0.000167s ]
[2024-12-09T22:06:14+08:00][sql] SHOW FULL COLUMNS FROM `bot_dau` [ RunTime:0.001009s ]
[2024-12-09T22:06:14+08:00][sql] SELECT SUM(`received_messages`) AS think_sum FROM `bot_dau` [ RunTime:0.000273s ]
[2024-12-09T22:06:14+08:00][sql] SELECT SUM(`sent_messages`) AS think_sum FROM `bot_dau` [ RunTime:0.000151s ]
[2024-12-09T22:06:14+08:00][sql] SHOW FULL COLUMNS FROM `users_bot` [ RunTime:0.000780s ]
[2024-12-09T22:06:14+08:00][sql] SELECT COUNT(*) AS think_count FROM `users_bot` [ RunTime:0.001449s ]
[2024-12-09T22:06:14+08:00][sql] SELECT COUNT(*) AS think_count FROM `users_bot` [ RunTime:0.001019s ]
[2024-12-09T22:07:56+08:00][sql] CONNECT:[ UseTime:0.004249s ] mysql:host=127.0.0.1;port=3306;dbname=lebot;charset=utf8
[2024-12-09T22:07:56+08:00][sql] SHOW FULL COLUMNS FROM `bot_directives` [ RunTime:0.001224s ]
[2024-12-09T22:07:56+08:00][sql] SELECT `newdirectives` FROM `bot_directives` WHERE  `newdirectives` = 'ËøêË°å‰ø°ÊÅØ' LIMIT 1 [ RunTime:0.000398s ]
[2024-12-09T22:07:56+08:00][sql] SELECT `directives` FROM `bot_directives` WHERE  `newdirectives` = 'ËøêË°å‰ø°ÊÅØ' LIMIT 1 [ RunTime:0.000214s ]
[2024-12-09T22:07:56+08:00][sql] SELECT `status` FROM `bot_directives` WHERE  `directives` = 'ËøêË°å‰ø°ÊÅØ' LIMIT 1 [ RunTime:0.000117s ]
[2024-12-09T22:07:56+08:00][sql] SELECT `permission` FROM `bot_directives` WHERE  `directives` = 'ËøêË°å‰ø°ÊÅØ' LIMIT 1 [ RunTime:0.000105s ]
[2024-12-09T22:07:56+08:00][sql] SHOW FULL COLUMNS FROM `bot_userinfo` [ RunTime:0.000651s ]
[2024-12-09T22:07:56+08:00][sql] SELECT `permission` FROM `bot_userinfo` WHERE  `union_openid` = '51690C10640588D7830D58026BA236AC' LIMIT 1 [ RunTime:0.000194s ]
[2024-12-09T22:07:56+08:00][sql] SELECT `content` FROM `bot_directives` WHERE  `directives` = 'ËøêË°å‰ø°ÊÅØ' LIMIT 1 [ RunTime:0.000123s ]
[2024-12-09T22:07:56+08:00][sql] SELECT `points` FROM `bot_userinfo` WHERE  `union_openid` = '51690C10640588D7830D58026BA236AC' LIMIT 1 [ RunTime:0.000355s ]
[2024-12-09T22:07:56+08:00][sql] SELECT `permission` FROM `bot_userinfo` WHERE  `union_openid` = '51690C10640588D7830D58026BA236AC' LIMIT 1 [ RunTime:0.000236s ]
[2024-12-09T22:07:56+08:00][sql] SELECT `balance` FROM `bot_userinfo` WHERE  `union_openid` = '51690C10640588D7830D58026BA236AC' LIMIT 1 [ RunTime:0.000308s ]
[2024-12-09T22:07:56+08:00][sql] SHOW FULL COLUMNS FROM `bot_dau` [ RunTime:0.000846s ]
[2024-12-09T22:07:56+08:00][sql] SELECT SUM(`received_messages`) AS think_sum FROM `bot_dau` [ RunTime:0.000228s ]
[2024-12-09T22:07:56+08:00][sql] SELECT SUM(`sent_messages`) AS think_sum FROM `bot_dau` [ RunTime:0.000116s ]
[2024-12-09T22:07:56+08:00][sql] SHOW FULL COLUMNS FROM `users_bot` [ RunTime:0.000603s ]
[2024-12-09T22:07:56+08:00][sql] SELECT COUNT(*) AS think_count FROM `users_bot` [ RunTime:0.000951s ]
[2024-12-09T22:07:56+08:00][sql] SELECT COUNT(*) AS think_count FROM `users_bot` [ RunTime:0.000661s ]
[2024-12-09T22:08:11+08:00][sql] CONNECT:[ UseTime:0.019613s ] mysql:host=127.0.0.1;port=3306;dbname=lebot;charset=utf8
[2024-12-09T22:08:11+08:00][sql] SHOW FULL COLUMNS FROM `bot_directives` [ RunTime:0.001941s ]
[2024-12-09T22:08:11+08:00][sql] SELECT `newdirectives` FROM `bot_directives` WHERE  `newdirectives` = 'ËøêË°å‰ø°ÊÅØ' LIMIT 1 [ RunTime:0.000687s ]
[2024-12-09T22:08:11+08:00][sql] SELECT `directives` FROM `bot_directives` WHERE  `newdirectives` = 'ËøêË°å‰ø°ÊÅØ' LIMIT 1 [ RunTime:0.000391s ]
[2024-12-09T22:08:11+08:00][sql] SELECT `status` FROM `bot_directives` WHERE  `directives` = 'ËøêË°å‰ø°ÊÅØ' LIMIT 1 [ RunTime:0.000346s ]
[2024-12-09T22:08:11+08:00][sql] SELECT `permission` FROM `bot_directives` WHERE  `directives` = 'ËøêË°å‰ø°ÊÅØ' LIMIT 1 [ RunTime:0.000685s ]
[2024-12-09T22:08:11+08:00][sql] SHOW FULL COLUMNS FROM `bot_userinfo` [ RunTime:0.001070s ]
[2024-12-09T22:08:11+08:00][sql] SELECT `permission` FROM `bot_userinfo` WHERE  `union_openid` = '51690C10640588D7830D58026BA236AC' LIMIT 1 [ RunTime:0.000479s ]
[2024-12-09T22:08:11+08:00][sql] SELECT `content` FROM `bot_directives` WHERE  `directives` = 'ËøêË°å‰ø°ÊÅØ' LIMIT 1 [ RunTime:0.000223s ]
[2024-12-09T22:08:11+08:00][sql] SELECT `points` FROM `bot_userinfo` WHERE  `union_openid` = '51690C10640588D7830D58026BA236AC' LIMIT 1 [ RunTime:0.000813s ]
[2024-12-09T22:08:11+08:00][sql] SELECT `permission` FROM `bot_userinfo` WHERE  `union_openid` = '51690C10640588D7830D58026BA236AC' LIMIT 1 [ RunTime:0.000367s ]
[2024-12-09T22:08:11+08:00][sql] SELECT `balance` FROM `bot_userinfo` WHERE  `union_openid` = '51690C10640588D7830D58026BA236AC' LIMIT 1 [ RunTime:0.000368s ]
[2024-12-09T22:08:11+08:00][sql] SHOW FULL COLUMNS FROM `bot_dau` [ RunTime:0.001024s ]
[2024-12-09T22:08:11+08:00][sql] SELECT SUM(`received_messages`) AS think_sum FROM `bot_dau` [ RunTime:0.000480s ]
[2024-12-09T22:08:11+08:00][sql] SELECT SUM(`sent_messages`) AS think_sum FROM `bot_dau` [ RunTime:0.000318s ]
[2024-12-09T22:08:11+08:00][sql] SHOW FULL COLUMNS FROM `users_bot` [ RunTime:0.000825s ]
[2024-12-09T22:08:11+08:00][sql] SELECT COUNT(*) AS think_count FROM `users_bot` [ RunTime:0.001316s ]
[2024-12-09T22:08:11+08:00][sql] SELECT COUNT(*) AS think_count FROM `users_bot` [ RunTime:0.001173s ]
[2024-12-09T22:08:23+08:00][sql] CONNECT:[ UseTime:0.003960s ] mysql:host=127.0.0.1;port=3306;dbname=lebot;charset=utf8
[2024-12-09T22:08:23+08:00][sql] SHOW FULL COLUMNS FROM `bot_directives` [ RunTime:0.001570s ]
[2024-12-09T22:08:23+08:00][sql] SELECT `newdirectives` FROM `bot_directives` WHERE  `newdirectives` = 'ËøêË°å‰ø°ÊÅØ' LIMIT 1 [ RunTime:0.001078s ]
[2024-12-09T22:08:23+08:00][sql] SELECT `directives` FROM `bot_directives` WHERE  `newdirectives` = 'ËøêË°å‰ø°ÊÅØ' LIMIT 1 [ RunTime:0.000812s ]
[2024-12-09T22:08:23+08:00][sql] SELECT `status` FROM `bot_directives` WHERE  `directives` = 'ËøêË°å‰ø°ÊÅØ' LIMIT 1 [ RunTime:0.000637s ]
[2024-12-09T22:08:23+08:00][sql] SELECT `permission` FROM `bot_directives` WHERE  `directives` = 'ËøêË°å‰ø°ÊÅØ' LIMIT 1 [ RunTime:0.000550s ]
[2024-12-09T22:08:23+08:00][sql] SHOW FULL COLUMNS FROM `bot_userinfo` [ RunTime:0.001758s ]
[2024-12-09T22:08:23+08:00][sql] SELECT `permission` FROM `bot_userinfo` WHERE  `union_openid` = '51690C10640588D7830D58026BA236AC' LIMIT 1 [ RunTime:0.000608s ]
[2024-12-09T22:08:23+08:00][sql] SELECT `content` FROM `bot_directives` WHERE  `directives` = 'ËøêË°å‰ø°ÊÅØ' LIMIT 1 [ RunTime:0.000373s ]
[2024-12-09T22:08:23+08:00][sql] SELECT `points` FROM `bot_userinfo` WHERE  `union_openid` = '51690C10640588D7830D58026BA236AC' LIMIT 1 [ RunTime:0.000650s ]
[2024-12-09T22:08:23+08:00][sql] SELECT `permission` FROM `bot_userinfo` WHERE  `union_openid` = '51690C10640588D7830D58026BA236AC' LIMIT 1 [ RunTime:0.000391s ]
[2024-12-09T22:08:23+08:00][sql] SELECT `balance` FROM `bot_userinfo` WHERE  `union_openid` = '51690C10640588D7830D58026BA236AC' LIMIT 1 [ RunTime:0.000426s ]
[2024-12-09T22:08:23+08:00][sql] SHOW FULL COLUMNS FROM `bot_dau` [ RunTime:0.000908s ]
[2024-12-09T22:08:23+08:00][sql] SELECT SUM(`received_messages`) AS think_sum FROM `bot_dau` [ RunTime:0.000365s ]
[2024-12-09T22:08:23+08:00][sql] SELECT SUM(`sent_messages`) AS think_sum FROM `bot_dau` [ RunTime:0.000351s ]
[2024-12-09T22:08:23+08:00][sql] SHOW FULL COLUMNS FROM `users_bot` [ RunTime:0.000714s ]
[2024-12-09T22:08:23+08:00][sql] SELECT COUNT(*) AS think_count FROM `users_bot` [ RunTime:0.001497s ]
[2024-12-09T22:08:23+08:00][sql] SELECT COUNT(*) AS think_count FROM `users_bot` [ RunTime:0.001031s ]
[2024-12-09T22:10:54+08:00][sql] CONNECT:[ UseTime:0.013417s ] mysql:host=127.0.0.1;port=3306;dbname=lebot;charset=utf8
[2024-12-09T22:10:54+08:00][sql] SHOW FULL COLUMNS FROM `bot_directives` [ RunTime:0.001460s ]
[2024-12-09T22:10:54+08:00][sql] SELECT `newdirectives` FROM `bot_directives` WHERE  `newdirectives` = 'ËøêË°å‰ø°ÊÅØ' LIMIT 1 [ RunTime:0.000235s ]
[2024-12-09T22:10:54+08:00][sql] SELECT `directives` FROM `bot_directives` WHERE  `newdirectives` = 'ËøêË°å‰ø°ÊÅØ' LIMIT 1 [ RunTime:0.000129s ]
[2024-12-09T22:10:54+08:00][sql] SELECT `status` FROM `bot_directives` WHERE  `directives` = 'ËøêË°å‰ø°ÊÅØ' LIMIT 1 [ RunTime:0.000111s ]
[2024-12-09T22:10:54+08:00][sql] SELECT `permission` FROM `bot_directives` WHERE  `directives` = 'ËøêË°å‰ø°ÊÅØ' LIMIT 1 [ RunTime:0.000105s ]
[2024-12-09T22:10:54+08:00][sql] SHOW FULL COLUMNS FROM `bot_userinfo` [ RunTime:0.000645s ]
[2024-12-09T22:10:54+08:00][sql] SELECT `permission` FROM `bot_userinfo` WHERE  `union_openid` = '51690C10640588D7830D58026BA236AC' LIMIT 1 [ RunTime:0.000198s ]
[2024-12-09T22:10:54+08:00][sql] SELECT `content` FROM `bot_directives` WHERE  `directives` = 'ËøêË°å‰ø°ÊÅØ' LIMIT 1 [ RunTime:0.000124s ]
[2024-12-09T22:10:54+08:00][sql] SELECT `points` FROM `bot_userinfo` WHERE  `union_openid` = '51690C10640588D7830D58026BA236AC' LIMIT 1 [ RunTime:0.000121s ]
[2024-12-09T22:10:54+08:00][sql] SELECT `permission` FROM `bot_userinfo` WHERE  `union_openid` = '51690C10640588D7830D58026BA236AC' LIMIT 1 [ RunTime:0.000108s ]
[2024-12-09T22:10:54+08:00][sql] SELECT `balance` FROM `bot_userinfo` WHERE  `union_openid` = '51690C10640588D7830D58026BA236AC' LIMIT 1 [ RunTime:0.000102s ]
[2024-12-09T22:10:54+08:00][sql] SHOW FULL COLUMNS FROM `bot_dau` [ RunTime:0.000623s ]
[2024-12-09T22:10:54+08:00][sql] SELECT SUM(`received_messages`) AS think_sum FROM `bot_dau` [ RunTime:0.000240s ]
[2024-12-09T22:10:54+08:00][sql] SELECT SUM(`sent_messages`) AS think_sum FROM `bot_dau` [ RunTime:0.000129s ]
[2024-12-09T22:10:54+08:00][sql] SHOW FULL COLUMNS FROM `users_bot` [ RunTime:0.000539s ]
[2024-12-09T22:10:54+08:00][sql] SELECT COUNT(*) AS think_count FROM `users_bot` [ RunTime:0.000974s ]
[2024-12-09T22:10:54+08:00][sql] SELECT COUNT(*) AS think_count FROM `users_bot` [ RunTime:0.000733s ]
[2024-12-09T22:10:58+08:00][sql] CONNECT:[ UseTime:0.001746s ] mysql:host=127.0.0.1;port=3306;dbname=lebot;charset=utf8
[2024-12-09T22:10:58+08:00][sql] SHOW FULL COLUMNS FROM `bot_directives` [ RunTime:0.002139s ]
[2024-12-09T22:10:58+08:00][sql] SELECT `newdirectives` FROM `bot_directives` WHERE  `newdirectives` = 'ËøêË°å‰ø°ÊÅØ' LIMIT 1 [ RunTime:0.000552s ]
[2024-12-09T22:10:58+08:00][sql] SELECT `directives` FROM `bot_directives` WHERE  `newdirectives` = 'ËøêË°å‰ø°ÊÅØ' LIMIT 1 [ RunTime:0.000265s ]
[2024-12-09T22:10:58+08:00][sql] SELECT `status` FROM `bot_directives` WHERE  `directives` = 'ËøêË°å‰ø°ÊÅØ' LIMIT 1 [ RunTime:0.000229s ]
[2024-12-09T22:10:58+08:00][sql] SELECT `permission` FROM `bot_directives` WHERE  `directives` = 'ËøêË°å‰ø°ÊÅØ' LIMIT 1 [ RunTime:0.000214s ]
[2024-12-09T22:10:58+08:00][sql] SHOW FULL COLUMNS FROM `bot_userinfo` [ RunTime:0.001331s ]
[2024-12-09T22:10:58+08:00][sql] SELECT `permission` FROM `bot_userinfo` WHERE  `union_openid` = '51690C10640588D7830D58026BA236AC' LIMIT 1 [ RunTime:0.000408s ]
[2024-12-09T22:10:58+08:00][sql] SELECT `content` FROM `bot_directives` WHERE  `directives` = 'ËøêË°å‰ø°ÊÅØ' LIMIT 1 [ RunTime:0.000264s ]
[2024-12-09T22:10:58+08:00][sql] SELECT `points` FROM `bot_userinfo` WHERE  `union_openid` = '51690C10640588D7830D58026BA236AC' LIMIT 1 [ RunTime:0.000300s ]
[2024-12-09T22:10:58+08:00][sql] SELECT `permission` FROM `bot_userinfo` WHERE  `union_openid` = '51690C10640588D7830D58026BA236AC' LIMIT 1 [ RunTime:0.001125s ]
[2024-12-09T22:10:58+08:00][sql] SELECT `balance` FROM `bot_userinfo` WHERE  `union_openid` = '51690C10640588D7830D58026BA236AC' LIMIT 1 [ RunTime:0.000459s ]
[2024-12-09T22:10:58+08:00][sql] SHOW FULL COLUMNS FROM `bot_dau` [ RunTime:0.001512s ]
[2024-12-09T22:10:58+08:00][sql] SELECT SUM(`received_messages`) AS think_sum FROM `bot_dau` [ RunTime:0.000494s ]
[2024-12-09T22:10:58+08:00][sql] SELECT SUM(`sent_messages`) AS think_sum FROM `bot_dau` [ RunTime:0.000352s ]
[2024-12-09T22:10:58+08:00][sql] SHOW FULL COLUMNS FROM `users_bot` [ RunTime:0.000973s ]
[2024-12-09T22:10:58+08:00][sql] SELECT COUNT(*) AS think_count FROM `users_bot` [ RunTime:0.001070s ]
[2024-12-09T22:10:58+08:00][sql] SELECT COUNT(*) AS think_count FROM `users_bot` [ RunTime:0.000562s ]
[2024-12-09T22:10:59+08:00][sql] CONNECT:[ UseTime:0.001806s ] mysql:host=127.0.0.1;port=3306;dbname=lebot;charset=utf8
[2024-12-09T22:10:59+08:00][sql] SHOW FULL COLUMNS FROM `bot_directives` [ RunTime:0.001625s ]
[2024-12-09T22:10:59+08:00][sql] SELECT `newdirectives` FROM `bot_directives` WHERE  `newdirectives` = 'ËøêË°å‰ø°ÊÅØ' LIMIT 1 [ RunTime:0.000531s ]
[2024-12-09T22:10:59+08:00][sql] SELECT `directives` FROM `bot_directives` WHERE  `newdirectives` = 'ËøêË°å‰ø°ÊÅØ' LIMIT 1 [ RunTime:0.000827s ]
[2024-12-09T22:10:59+08:00][sql] SELECT `status` FROM `bot_directives` WHERE  `directives` = 'ËøêË°å‰ø°ÊÅØ' LIMIT 1 [ RunTime:0.000607s ]
[2024-12-09T22:10:59+08:00][sql] SELECT `permission` FROM `bot_directives` WHERE  `directives` = 'ËøêË°å‰ø°ÊÅØ' LIMIT 1 [ RunTime:0.000497s ]
[2024-12-09T22:10:59+08:00][sql] SHOW FULL COLUMNS FROM `bot_userinfo` [ RunTime:0.001755s ]
[2024-12-09T22:10:59+08:00][sql] SELECT `permission` FROM `bot_userinfo` WHERE  `union_openid` = '51690C10640588D7830D58026BA236AC' LIMIT 1 [ RunTime:0.000590s ]
[2024-12-09T22:10:59+08:00][sql] SELECT `content` FROM `bot_directives` WHERE  `directives` = 'ËøêË°å‰ø°ÊÅØ' LIMIT 1 [ RunTime:0.000405s ]
[2024-12-09T22:10:59+08:00][sql] SELECT `points` FROM `bot_userinfo` WHERE  `union_openid` = '51690C10640588D7830D58026BA236AC' LIMIT 1 [ RunTime:0.000427s ]
[2024-12-09T22:10:59+08:00][sql] SELECT `permission` FROM `bot_userinfo` WHERE  `union_openid` = '51690C10640588D7830D58026BA236AC' LIMIT 1 [ RunTime:0.000345s ]
[2024-12-09T22:10:59+08:00][sql] SELECT `balance` FROM `bot_userinfo` WHERE  `union_openid` = '51690C10640588D7830D58026BA236AC' LIMIT 1 [ RunTime:0.000362s ]
[2024-12-09T22:10:59+08:00][sql] SHOW FULL COLUMNS FROM `bot_dau` [ RunTime:0.001568s ]
[2024-12-09T22:10:59+08:00][sql] SELECT SUM(`received_messages`) AS think_sum FROM `bot_dau` [ RunTime:0.000518s ]
[2024-12-09T22:10:59+08:00][sql] SELECT SUM(`sent_messages`) AS think_sum FROM `bot_dau` [ RunTime:0.000331s ]
[2024-12-09T22:10:59+08:00][sql] SHOW FULL COLUMNS FROM `users_bot` [ RunTime:0.001270s ]
[2024-12-09T22:10:59+08:00][sql] SELECT COUNT(*) AS think_count FROM `users_bot` [ RunTime:0.002919s ]
[2024-12-09T22:10:59+08:00][sql] SELECT COUNT(*) AS think_count FROM `users_bot` [ RunTime:0.001434s ]
[2024-12-09T22:12:30+08:00][sql] CONNECT:[ UseTime:0.001393s ] mysql:host=127.0.0.1;port=3306;dbname=lebot;charset=utf8
[2024-12-09T22:12:30+08:00][sql] SHOW FULL COLUMNS FROM `bot_directives` [ RunTime:0.001514s ]
[2024-12-09T22:12:30+08:00][sql] SELECT `newdirectives` FROM `bot_directives` WHERE  `newdirectives` = 'ËøêË°å‰ø°ÊÅØ' LIMIT 1 [ RunTime:0.000429s ]
[2024-12-09T22:12:30+08:00][sql] SELECT `directives` FROM `bot_directives` WHERE  `newdirectives` = 'ËøêË°å‰ø°ÊÅØ' LIMIT 1 [ RunTime:0.000335s ]
[2024-12-09T22:12:30+08:00][sql] SELECT `status` FROM `bot_directives` WHERE  `directives` = 'ËøêË°å‰ø°ÊÅØ' LIMIT 1 [ RunTime:0.000255s ]
[2024-12-09T22:12:30+08:00][sql] SELECT `permission` FROM `bot_directives` WHERE  `directives` = 'ËøêË°å‰ø°ÊÅØ' LIMIT 1 [ RunTime:0.000182s ]
[2024-12-09T22:12:30+08:00][sql] SHOW FULL COLUMNS FROM `bot_userinfo` [ RunTime:0.000641s ]
[2024-12-09T22:12:30+08:00][sql] SELECT `permission` FROM `bot_userinfo` WHERE  `union_openid` = '51690C10640588D7830D58026BA236AC' LIMIT 1 [ RunTime:0.000232s ]
[2024-12-09T22:12:30+08:00][sql] SELECT `content` FROM `bot_directives` WHERE  `directives` = 'ËøêË°å‰ø°ÊÅØ' LIMIT 1 [ RunTime:0.000120s ]
[2024-12-09T22:12:30+08:00][sql] SELECT `points` FROM `bot_userinfo` WHERE  `union_openid` = '51690C10640588D7830D58026BA236AC' LIMIT 1 [ RunTime:0.000369s ]
[2024-12-09T22:12:30+08:00][sql] SELECT `permission` FROM `bot_userinfo` WHERE  `union_openid` = '51690C10640588D7830D58026BA236AC' LIMIT 1 [ RunTime:0.000138s ]
[2024-12-09T22:12:30+08:00][sql] SELECT `balance` FROM `bot_userinfo` WHERE  `union_openid` = '51690C10640588D7830D58026BA236AC' LIMIT 1 [ RunTime:0.000114s ]
[2024-12-09T22:12:30+08:00][sql] SHOW FULL COLUMNS FROM `bot_dau` [ RunTime:0.000838s ]
[2024-12-09T22:12:30+08:00][sql] SELECT SUM(`received_messages`) AS think_sum FROM `bot_dau` [ RunTime:0.000312s ]
[2024-12-09T22:12:30+08:00][sql] SELECT SUM(`sent_messages`) AS think_sum FROM `bot_dau` [ RunTime:0.000167s ]
[2024-12-09T22:12:30+08:00][sql] SHOW FULL COLUMNS FROM `users_bot` [ RunTime:0.000658s ]
[2024-12-09T22:12:30+08:00][sql] SELECT COUNT(*) AS think_count FROM `users_bot` [ RunTime:0.001812s ]
[2024-12-09T22:12:30+08:00][sql] SELECT COUNT(*) AS think_count FROM `users_bot` [ RunTime:0.000888s ]
