[2024-12-10T18:56:15+08:00][error] [10501]SQLSTATE[HY000] [2002] 由于目标计算机积极拒绝，无法连接。[D:\Desktop\x\php\lebot\vendor\topthink\think-orm\src\db\PDOConnection.php:836]
[2024-12-10T18:59:13+08:00][sql] CONNECT:[ UseTime:0.008810s ] mysql:host=127.0.0.1;port=3306;dbname=lebot;charset=utf8
[2024-12-10T18:59:13+08:00][sql] SHOW FULL COLUMNS FROM `users` [ RunTime:0.004495s ]
[2024-12-10T18:59:13+08:00][sql] SELECT * FROM `users` WHERE  `username` = 'xiaole' LIMIT 1 [ RunTime:0.009300s ]
[2024-12-10T18:59:16+08:00][sql] CONNECT:[ UseTime:0.012469s ] mysql:host=127.0.0.1;port=3306;dbname=lebot;charset=utf8
[2024-12-10T18:59:16+08:00][sql] SHOW FULL COLUMNS FROM `bot_dau` [ RunTime:0.002312s ]
[2024-12-10T18:59:16+08:00][sql] SELECT SUM(`received_messages`) AS think_sum FROM `bot_dau` [ RunTime:0.007698s ]
[2024-12-10T18:59:16+08:00][sql] SELECT SUM(`sent_messages`) AS think_sum FROM `bot_dau` [ RunTime:0.000474s ]
[2024-12-10T18:59:16+08:00][sql] SHOW FULL COLUMNS FROM `bot_userinfo` [ RunTime:0.001441s ]
[2024-12-10T18:59:16+08:00][sql] SELECT COUNT(*) AS think_count FROM `bot_userinfo` [ RunTime:0.008941s ]
[2024-12-10T18:59:16+08:00][sql] SHOW FULL COLUMNS FROM `users_bot` [ RunTime:0.001576s ]
[2024-12-10T18:59:16+08:00][sql] SELECT COUNT(*) AS think_count FROM `users_bot` [ RunTime:0.007942s ]
[2024-12-10T19:09:07+08:00][sql] CONNECT:[ UseTime:0.001204s ] mysql:host=127.0.0.1;port=3306;dbname=lebot;charset=utf8
[2024-12-10T19:09:07+08:00][sql] SHOW FULL COLUMNS FROM `bot_dau` [ RunTime:0.001405s ]
[2024-12-10T19:09:07+08:00][sql] SELECT SUM(`received_messages`) AS think_sum FROM `bot_dau` [ RunTime:0.000375s ]
[2024-12-10T19:09:07+08:00][sql] SELECT SUM(`sent_messages`) AS think_sum FROM `bot_dau` [ RunTime:0.000153s ]
[2024-12-10T19:09:07+08:00][sql] SHOW FULL COLUMNS FROM `bot_userinfo` [ RunTime:0.000717s ]
[2024-12-10T19:09:07+08:00][sql] SELECT COUNT(*) AS think_count FROM `bot_userinfo` [ RunTime:0.001155s ]
[2024-12-10T19:09:07+08:00][sql] SHOW FULL COLUMNS FROM `users_bot` [ RunTime:0.000821s ]
[2024-12-10T19:09:07+08:00][sql] SELECT COUNT(*) AS think_count FROM `users_bot` [ RunTime:0.000845s ]
[2024-12-10T19:09:08+08:00][sql] CONNECT:[ UseTime:0.021467s ] mysql:host=127.0.0.1;port=3306;dbname=lebot;charset=utf8
[2024-12-10T19:09:08+08:00][sql] SHOW FULL COLUMNS FROM `bot_dau` [ RunTime:0.001323s ]
[2024-12-10T19:09:08+08:00][sql] SELECT SUM(`received_messages`) AS think_sum FROM `bot_dau` [ RunTime:0.000336s ]
[2024-12-10T19:09:08+08:00][sql] SELECT SUM(`sent_messages`) AS think_sum FROM `bot_dau` [ RunTime:0.000128s ]
[2024-12-10T19:09:08+08:00][sql] SHOW FULL COLUMNS FROM `bot_userinfo` [ RunTime:0.000657s ]
[2024-12-10T19:09:08+08:00][sql] SELECT COUNT(*) AS think_count FROM `bot_userinfo` [ RunTime:0.000975s ]
[2024-12-10T19:09:08+08:00][sql] SHOW FULL COLUMNS FROM `users_bot` [ RunTime:0.000595s ]
[2024-12-10T19:09:08+08:00][sql] SELECT COUNT(*) AS think_count FROM `users_bot` [ RunTime:0.000881s ]
[2024-12-10T19:09:09+08:00][sql] CONNECT:[ UseTime:0.014418s ] mysql:host=127.0.0.1;port=3306;dbname=lebot;charset=utf8
[2024-12-10T19:09:09+08:00][sql] SHOW FULL COLUMNS FROM `bot_dau` [ RunTime:0.001508s ]
[2024-12-10T19:09:09+08:00][sql] SELECT SUM(`received_messages`) AS think_sum FROM `bot_dau` [ RunTime:0.000230s ]
[2024-12-10T19:09:09+08:00][sql] SELECT SUM(`sent_messages`) AS think_sum FROM `bot_dau` [ RunTime:0.000121s ]
[2024-12-10T19:09:09+08:00][sql] SHOW FULL COLUMNS FROM `bot_userinfo` [ RunTime:0.000621s ]
[2024-12-10T19:09:09+08:00][sql] SELECT COUNT(*) AS think_count FROM `bot_userinfo` [ RunTime:0.001435s ]
[2024-12-10T19:09:09+08:00][sql] SHOW FULL COLUMNS FROM `users_bot` [ RunTime:0.000610s ]
[2024-12-10T19:09:09+08:00][sql] SELECT COUNT(*) AS think_count FROM `users_bot` [ RunTime:0.001049s ]
