[2024-12-14T10:21:03+08:00][sql] CONNECT:[ UseTime:0.003571s ] mysql:host=127.0.0.1;port=3306;dbname=lebot;charset=utf8
[2024-12-14T10:21:03+08:00][sql] SHOW FULL COLUMNS FROM `users` [ RunTime:0.004453s ]
[2024-12-14T10:21:03+08:00][sql] SELECT * FROM `users` WHERE  `username` = 'xiaole' LIMIT 1 [ RunTime:0.003973s ]
[2024-12-14T10:21:05+08:00][sql] CONNECT:[ UseTime:0.000988s ] mysql:host=127.0.0.1;port=3306;dbname=lebot;charset=utf8
[2024-12-14T10:21:05+08:00][sql] SHOW FULL COLUMNS FROM `bot_dau` [ RunTime:0.001949s ]
[2024-12-14T10:21:05+08:00][sql] SELECT SUM(`received_messages`) AS think_sum FROM `bot_dau` [ RunTime:0.001773s ]
[2024-12-14T10:21:05+08:00][sql] SELECT SUM(`sent_messages`) AS think_sum FROM `bot_dau` [ RunTime:0.000149s ]
[2024-12-14T10:21:05+08:00][sql] SHOW FULL COLUMNS FROM `bot_userinfo` [ RunTime:0.000902s ]
[2024-12-14T10:21:05+08:00][sql] SELECT COUNT(*) AS think_count FROM `bot_userinfo` [ RunTime:0.002327s ]
[2024-12-14T10:21:05+08:00][sql] SHOW FULL COLUMNS FROM `users_bot` [ RunTime:0.000955s ]
[2024-12-14T10:21:05+08:00][sql] SELECT COUNT(*) AS think_count FROM `users_bot` [ RunTime:0.002152s ]
[2024-12-14T10:21:11+08:00][sql] CONNECT:[ UseTime:0.009499s ] mysql:host=127.0.0.1;port=3306;dbname=lebot;charset=utf8
[2024-12-14T10:21:11+08:00][sql] SHOW FULL COLUMNS FROM `log` [ RunTime:0.001921s ]
[2024-12-14T10:21:11+08:00][sql] SELECT * FROM `log` ORDER BY `time` DESC LIMIT 50 [ RunTime:0.002108s ]
[2024-12-14T10:21:18+08:00][sql] CONNECT:[ UseTime:0.005079s ] mysql:host=127.0.0.1;port=3306;dbname=lebot;charset=utf8
[2024-12-14T10:21:18+08:00][sql] SHOW FULL COLUMNS FROM `bot_dau` [ RunTime:0.001422s ]
[2024-12-14T10:21:18+08:00][sql] SELECT SUM(`received_messages`) AS think_sum FROM `bot_dau` [ RunTime:0.000242s ]
[2024-12-14T10:21:18+08:00][sql] SELECT SUM(`sent_messages`) AS think_sum FROM `bot_dau` [ RunTime:0.000121s ]
[2024-12-14T10:21:18+08:00][sql] SHOW FULL COLUMNS FROM `bot_userinfo` [ RunTime:0.000636s ]
[2024-12-14T10:21:18+08:00][sql] SELECT COUNT(*) AS think_count FROM `bot_userinfo` [ RunTime:0.001083s ]
[2024-12-14T10:21:18+08:00][sql] SHOW FULL COLUMNS FROM `users_bot` [ RunTime:0.000721s ]
[2024-12-14T10:21:18+08:00][sql] SELECT COUNT(*) AS think_count FROM `users_bot` [ RunTime:0.001179s ]
[2024-12-14T10:21:23+08:00][sql] CONNECT:[ UseTime:0.000913s ] mysql:host=127.0.0.1;port=3306;dbname=lebot;charset=utf8
[2024-12-14T10:21:23+08:00][sql] SHOW FULL COLUMNS FROM `users` [ RunTime:0.001529s ]
[2024-12-14T10:21:23+08:00][sql] SELECT * FROM `users` WHERE  `username` = 'xiaole'  AND `id` <> 1 LIMIT 1 [ RunTime:0.000556s ]
[2024-12-14T10:21:23+08:00][sql] UPDATE `users`  SET `username` = 'xiaole' , `name` = '小乐' , `qq` = '3057054240' , `email` = '3057054240@qq.com'  WHERE  `id` = 1 [ RunTime:0.000406s ]
[2024-12-14T10:21:38+08:00][sql] CONNECT:[ UseTime:0.013301s ] mysql:host=127.0.0.1;port=3306;dbname=lebot;charset=utf8
[2024-12-14T10:21:38+08:00][sql] SHOW FULL COLUMNS FROM `users` [ RunTime:0.001521s ]
[2024-12-14T10:21:38+08:00][sql] SELECT * FROM `users` WHERE  `username` = 'xiaole'  AND `id` <> 1 LIMIT 1 [ RunTime:0.000328s ]
[2024-12-14T10:21:38+08:00][sql] UPDATE `users`  SET `username` = 'xiaole' , `name` = '小乐乐' , `qq` = '3057054240' , `email` = '3057054240@qq.com'  WHERE  `id` = 1 [ RunTime:0.005059s ]
[2024-12-14T10:21:38+08:00][sql] SELECT * FROM `users` WHERE  `id` = 1 LIMIT 1 [ RunTime:0.000615s ]
[2024-12-14T10:21:46+08:00][sql] CONNECT:[ UseTime:0.010366s ] mysql:host=127.0.0.1;port=3306;dbname=lebot;charset=utf8
[2024-12-14T10:21:46+08:00][sql] SHOW FULL COLUMNS FROM `users` [ RunTime:0.001578s ]
[2024-12-14T10:21:46+08:00][sql] SELECT * FROM `users` WHERE  `username` = 'xiaole'  AND `id` <> 1 LIMIT 1 [ RunTime:0.000414s ]
[2024-12-14T10:21:46+08:00][sql] UPDATE `users`  SET `username` = 'xiaole' , `name` = '小乐' , `qq` = '3057054240' , `email` = '3057054240@qq.com'  WHERE  `id` = 1 [ RunTime:0.003298s ]
[2024-12-14T10:21:46+08:00][sql] SELECT * FROM `users` WHERE  `id` = 1 LIMIT 1 [ RunTime:0.000303s ]
[2024-12-14T10:22:08+08:00][sql] CONNECT:[ UseTime:0.001118s ] mysql:host=127.0.0.1;port=3306;dbname=lebot;charset=utf8
[2024-12-14T10:22:08+08:00][sql] SHOW FULL COLUMNS FROM `bot_dau` [ RunTime:0.001363s ]
[2024-12-14T10:22:08+08:00][sql] SELECT SUM(`received_messages`) AS think_sum FROM `bot_dau` [ RunTime:0.000316s ]
[2024-12-14T10:22:08+08:00][sql] SELECT SUM(`sent_messages`) AS think_sum FROM `bot_dau` [ RunTime:0.000133s ]
[2024-12-14T10:22:08+08:00][sql] SHOW FULL COLUMNS FROM `bot_userinfo` [ RunTime:0.000625s ]
[2024-12-14T10:22:08+08:00][sql] SELECT COUNT(*) AS think_count FROM `bot_userinfo` [ RunTime:0.001218s ]
[2024-12-14T10:22:08+08:00][sql] SHOW FULL COLUMNS FROM `users_bot` [ RunTime:0.000991s ]
[2024-12-14T10:22:08+08:00][sql] SELECT COUNT(*) AS think_count FROM `users_bot` [ RunTime:0.001008s ]
