[2024-11-11T15:44:22+08:00][error] [0]函数不存在: \add()[D:\Desktop\x\php\ThinkPHP\vendor\topthink\framework\src\think\Container.php:290]
[2024-11-11T15:44:53+08:00][error] [0]函数不存在: \add()[D:\Desktop\x\php\ThinkPHP\vendor\topthink\framework\src\think\Container.php:290]
[2024-11-11T15:45:27+08:00][error] [0]函数不存在: \add()[D:\Desktop\x\php\ThinkPHP\vendor\topthink\framework\src\think\Container.php:290]
[2024-11-11T15:45:42+08:00][error] [0]函数不存在: \add()[D:\Desktop\x\php\ThinkPHP\vendor\topthink\framework\src\think\Container.php:290]
[2024-11-11T15:46:21+08:00][error] [0]模板文件不存在:D:\Desktop\x\php\ThinkPHP\app\index\view\common\layout.html[D:\Desktop\x\php\ThinkPHP\vendor\topthink\think-template\src\Template.php:1238]
[2024-11-11T15:46:47+08:00][error] [0]模板文件不存在:D:\Desktop\x\php\ThinkPHP\app\index\view\common\layout.html[D:\Desktop\x\php\ThinkPHP\vendor\topthink\think-template\src\Template.php:1238]
[2024-11-11T15:47:27+08:00][error] [0]模板文件不存在:D:\Desktop\x\php\ThinkPHP\app\index\view\common\layout.html[D:\Desktop\x\php\ThinkPHP\vendor\topthink\think-template\src\Template.php:1238]
[2024-11-11T15:48:15+08:00][error] [0]模板文件不存在:D:\Desktop\x\php\ThinkPHP\app\index\view\common\add.html[D:\Desktop\x\php\ThinkPHP\vendor\topthink\think-template\src\Template.php:1238]
[2024-11-11T18:38:32+08:00][error] [0]模板文件不存在:D:\Desktop\x\php\ThinkPHP\app\index\view\common\layout.html[D:\Desktop\x\php\ThinkPHP\vendor\topthink\think-template\src\Template.php:1238]
[2024-11-11T18:38:35+08:00][error] [0]模板文件不存在:D:\Desktop\x\php\ThinkPHP\app\index\view\common\layout.html[D:\Desktop\x\php\ThinkPHP\vendor\topthink\think-template\src\Template.php:1238]
[2024-11-11T18:38:38+08:00][error] [0]模板文件不存在:D:\Desktop\x\php\ThinkPHP\app\index\view\common\layout.html[D:\Desktop\x\php\ThinkPHP\vendor\topthink\think-template\src\Template.php:1238]
[2024-11-11T18:39:58+08:00][error] [0]模板文件不存在:D:\Desktop\x\php\ThinkPHP\app\index\view\common\layout.html[D:\Desktop\x\php\ThinkPHP\vendor\topthink\think-template\src\Template.php:1238]
[2024-11-11T18:41:07+08:00][error] [64]Cannot redeclare app\index\controller\Index::login()[D:\Desktop\x\php\ThinkPHP\app\index\controller\Index.php:24]
[2024-11-11T18:41:28+08:00][error] [0]模板文件不存在:D:\Desktop\x\php\ThinkPHP\app\index\view\common\layout.html[D:\Desktop\x\php\ThinkPHP\vendor\topthink\think-template\src\Template.php:1238]
[2024-11-11T18:41:30+08:00][error] [0]模板文件不存在:D:\Desktop\x\php\ThinkPHP\app\index\view\common\layout.html[D:\Desktop\x\php\ThinkPHP\vendor\topthink\think-template\src\Template.php:1238]
[2024-11-11T18:42:29+08:00][error] [0]模板文件不存在:D:\Desktop\x\php\ThinkPHP\app\index\view\common\layout.html[D:\Desktop\x\php\ThinkPHP\vendor\topthink\think-template\src\Template.php:1238]
[2024-11-11T18:42:36+08:00][error] [0]模板文件不存在:D:\Desktop\x\php\ThinkPHP\app\index\view\common\layout.html[D:\Desktop\x\php\ThinkPHP\vendor\topthink\think-template\src\Template.php:1238]
[2024-11-11T18:43:27+08:00][error] [0]模板文件不存在:D:\Desktop\x\php\ThinkPHP\app\index\view\layout.html[D:\Desktop\x\php\ThinkPHP\vendor\topthink\think-template\src\Template.php:1238]
[2024-11-11T18:43:30+08:00][error] [0]模板文件不存在:D:\Desktop\x\php\ThinkPHP\app\index\view\layout.html[D:\Desktop\x\php\ThinkPHP\vendor\topthink\think-template\src\Template.php:1238]
[2024-11-11T18:44:41+08:00][error] [0]Undefined constant "PJAX"[D:\Desktop\x\php\ThinkPHP\runtime\index\temp\8ce6997bccd78750436b984b65a262d3.php:2]
[2024-11-11T18:46:09+08:00][error] [0]语法错误: unexpected token "else", expecting end of file[D:\Desktop\x\php\ThinkPHP\runtime\index\temp\8ce6997bccd78750436b984b65a262d3.php:250]
[2024-11-11T18:46:12+08:00][error] [0]语法错误: unexpected token "else", expecting end of file[D:\Desktop\x\php\ThinkPHP\runtime\index\temp\8ce6997bccd78750436b984b65a262d3.php:250]
[2024-11-11T18:46:21+08:00][error] [0]语法错误: unexpected token "else", expecting end of file[D:\Desktop\x\php\ThinkPHP\runtime\index\temp\8ce6997bccd78750436b984b65a262d3.php:6]
[2024-11-11T18:47:10+08:00][error] [2]Undefined variable $notice[D:\Desktop\x\php\ThinkPHP\runtime\index\temp\8ce6997bccd78750436b984b65a262d3.php:628]
[2024-11-11T18:49:08+08:00][error] [2]Undefined variable $arr[D:\Desktop\x\php\ThinkPHP\runtime\index\temp\8ce6997bccd78750436b984b65a262d3.php:631]
[2024-11-11T18:49:29+08:00][error] [2]Undefined variable $arr[D:\Desktop\x\php\ThinkPHP\runtime\index\temp\8ce6997bccd78750436b984b65a262d3.php:631]
[2024-11-11T18:50:17+08:00][error] [2]Undefined variable $arr[D:\Desktop\x\php\ThinkPHP\runtime\index\temp\8ce6997bccd78750436b984b65a262d3.php:631]
[2024-11-11T18:51:02+08:00][error] [0]模板文件不存在:D:\Desktop\x\php\ThinkPHP\app\index\view\common\layout.html[D:\Desktop\x\php\ThinkPHP\vendor\topthink\think-template\src\Template.php:1238]
[2024-11-11T18:51:25+08:00][error] [2]Undefined variable $notice[D:\Desktop\x\php\ThinkPHP\runtime\index\temp\8ce6997bccd78750436b984b65a262d3.php:628]
[2024-11-11T18:55:25+08:00][error] [2]Undefined variable $notice[D:\Desktop\x\php\ThinkPHP\runtime\index\temp\8ce6997bccd78750436b984b65a262d3.php:628]
[2024-11-11T18:58:44+08:00][error] [0]语法错误: unexpected token ">"[D:\Desktop\x\php\ThinkPHP\runtime\index\temp\8ce6997bccd78750436b984b65a262d3.php:617]
[2024-11-11T18:58:56+08:00][error] [0]语法错误: unexpected token ">"[D:\Desktop\x\php\ThinkPHP\runtime\index\temp\8ce6997bccd78750436b984b65a262d3.php:617]
[2024-11-11T18:59:10+08:00][error] [2]Undefined variable $quota_used[D:\Desktop\x\php\ThinkPHP\runtime\index\temp\8ce6997bccd78750436b984b65a262d3.php:626]
[2024-11-11T18:59:23+08:00][error] [2]Undefined variable $quota_used[D:\Desktop\x\php\ThinkPHP\runtime\index\temp\8ce6997bccd78750436b984b65a262d3.php:626]
[2024-11-11T19:00:55+08:00][error] [2]Undefined variable $quota_used[D:\Desktop\x\php\ThinkPHP\runtime\index\temp\8ce6997bccd78750436b984b65a262d3.php:626]
[2024-11-11T19:13:30+08:00][error] [0]Undefined constant "PJAX"[D:\Desktop\x\php\ThinkPHP\runtime\index\temp\8ce6997bccd78750436b984b65a262d3.php:2]
[2024-11-11T19:14:31+08:00][error] [0]Undefined constant "PJAX"[D:\Desktop\x\php\ThinkPHP\runtime\index\temp\8ce6997bccd78750436b984b65a262d3.php:2]
