[2024-11-29T12:35:17+08:00][sql] CONNECT:[ UseTime:0.004264s ] mysql:host=127.0.0.1;port=3306;dbname=lebot;charset=utf8
[2024-11-29T12:35:17+08:00][sql] SHOW FULL COLUMNS FROM `users` [ RunTime:0.004975s ]
[2024-11-29T12:35:17+08:00][sql] SELECT * FROM `users` WHERE  `username` = 'xiaole' LIMIT 1 [ RunTime:0.010685s ]
[2024-11-29T14:05:09+08:00][error] [0]Call to undefined function app\index\controller\updateBotUserInfo()[D:\Desktop\x\php\ThinkPHP\app\index\controller\text.php:11]
[2024-11-29T14:05:52+08:00][sql] CONNECT:[ UseTime:0.003501s ] mysql:host=127.0.0.1;port=3306;dbname=lebot;charset=utf8
[2024-11-29T14:05:52+08:00][sql] SHOW FULL COLUMNS FROM `bot_userinfo` [ RunTime:0.003613s ]
[2024-11-29T14:05:52+08:00][sql] SELECT * FROM `bot_userinfo` WHERE  `union_openid` = '9004725D8037D1E859C655FBD9A776F4' LIMIT 1 [ RunTime:0.000802s ]
[2024-11-29T14:05:52+08:00][sql] INSERT INTO `bot_userinfo` SET `union_openid` = '9004725D8037D1E859C655FBD9A776F4' , `post_date` = '2024-11-29' , `post_count` = 0 [ RunTime:0.008476s ]
[2024-11-29T14:05:52+08:00][sql] SHOW FULL COLUMNS FROM `bot_dau` [ RunTime:0.001065s ]
[2024-11-29T14:05:52+08:00][sql] UPDATE `bot_dau`  SET `user_count` = `user_count` + 1  WHERE  `date` = '2024-11-29' [ RunTime:0.005778s ]
[2024-11-29T14:07:24+08:00][sql] CONNECT:[ UseTime:0.015127s ] mysql:host=127.0.0.1;port=3306;dbname=lebot;charset=utf8
[2024-11-29T14:07:24+08:00][sql] SHOW FULL COLUMNS FROM `bot_userinfo` [ RunTime:0.001319s ]
[2024-11-29T14:07:24+08:00][sql] SELECT * FROM `bot_userinfo` WHERE  `union_openid` = '9004725D8037D1E859C655FBD9A776F4' LIMIT 1 [ RunTime:0.000395s ]
[2024-11-29T14:16:04+08:00][sql] CONNECT:[ UseTime:0.002186s ] mysql:host=127.0.0.1;port=3306;dbname=lebot;charset=utf8
[2024-11-29T14:16:04+08:00][sql] SHOW FULL COLUMNS FROM `bot_userinfo` [ RunTime:0.002932s ]
[2024-11-29T14:16:04+08:00][sql] SELECT * FROM `bot_userinfo` WHERE  `union_openid` = '9004725D8037D1E859C655FBD9A776F4' LIMIT 1 [ RunTime:0.000668s ]
[2024-11-29T14:16:04+08:00][sql] INSERT INTO `bot_userinfo` SET `union_openid` = '9004725D8037D1E859C655FBD9A776F4' , `post_date` = '2024-11-29' , `post_count` = 0 [ RunTime:0.004705s ]
[2024-11-29T14:16:04+08:00][sql] SHOW FULL COLUMNS FROM `bot_dau` [ RunTime:0.001980s ]
[2024-11-29T14:16:04+08:00][sql] UPDATE `bot_dau`  SET `user_count` = `user_count` + 1  WHERE  `date` = '2024-11-29' [ RunTime:0.000592s ]
[2024-11-29T14:16:50+08:00][sql] CONNECT:[ UseTime:0.005354s ] mysql:host=127.0.0.1;port=3306;dbname=lebot;charset=utf8
[2024-11-29T14:16:50+08:00][sql] SHOW FULL COLUMNS FROM `bot_dau` [ RunTime:0.001540s ]
[2024-11-29T14:16:50+08:00][sql] SELECT * FROM `bot_dau` WHERE  `date` = '2024-11-29' LIMIT 1 [ RunTime:0.000346s ]
[2024-11-29T14:16:50+08:00][sql] INSERT INTO `bot_dau` SET `date` = '2024-11-29' , `received_messages` = 0 , `sent_messages` = 0 , `user_count` = 0 , `group_count` = 0 , `usage_frequency` = 0 , `channel_private_chat` = 0 , `group_private_chat` = 0 [ RunTime:0.014797s ]
[2024-11-29T14:16:50+08:00][sql] SELECT * FROM `bot_dau` WHERE  `date` = '2024-11-29' LIMIT 1 [ RunTime:0.000315s ]
[2024-11-29T14:16:50+08:00][sql] UPDATE `bot_dau`  SET `received_messages` = `received_messages` + 1 , `group_count` = `group_count` + 1  WHERE  `id` = 1 [ RunTime:0.004817s ]
[2024-11-29T14:16:50+08:00][sql] SHOW FULL COLUMNS FROM `bot_userinfo` [ RunTime:0.001189s ]
[2024-11-29T14:16:50+08:00][sql] SELECT * FROM `bot_userinfo` WHERE  `union_openid` = '9004725D8037D1E859C655FBD9A776F4' LIMIT 1 [ RunTime:0.000333s ]
[2024-11-29T14:17:34+08:00][sql] CONNECT:[ UseTime:0.015883s ] mysql:host=127.0.0.1;port=3306;dbname=lebot;charset=utf8
[2024-11-29T14:17:34+08:00][sql] SHOW FULL COLUMNS FROM `bot_dau` [ RunTime:0.001721s ]
[2024-11-29T14:17:34+08:00][sql] SELECT * FROM `bot_dau` WHERE  `date` = '2024-11-29' LIMIT 1 [ RunTime:0.000651s ]
[2024-11-29T14:17:34+08:00][sql] UPDATE `bot_dau`  SET `received_messages` = `received_messages` + 1 , `group_count` = `group_count` + 1  WHERE  `id` = 1 [ RunTime:0.003409s ]
[2024-11-29T14:17:34+08:00][sql] SHOW FULL COLUMNS FROM `bot_userinfo` [ RunTime:0.002736s ]
[2024-11-29T14:17:34+08:00][sql] SELECT * FROM `bot_userinfo` WHERE  `union_openid` = '9004725D8037D1E859C655FBD9A776F4' LIMIT 1 [ RunTime:0.000943s ]
[2024-11-29T14:17:34+08:00][sql] INSERT INTO `bot_userinfo` SET `union_openid` = '9004725D8037D1E859C655FBD9A776F4' , `post_date` = '2024-11-29' , `post_count` = 0 [ RunTime:0.006659s ]
[2024-11-29T14:17:34+08:00][sql] UPDATE `bot_dau`  SET `user_count` = `user_count` + 1  WHERE  `date` = '2024-11-29' [ RunTime:0.002371s ]
[2024-11-29T14:27:17+08:00][error] [0]Call to undefined function app\index\controller\updateBotUserInfo()[D:\Desktop\x\php\ThinkPHP\app\index\controller\text.php:13]
[2024-11-29T14:28:34+08:00][sql] CONNECT:[ UseTime:0.001025s ] mysql:host=127.0.0.1;port=3306;dbname=lebot;charset=utf8
[2024-11-29T14:28:34+08:00][sql] SHOW FULL COLUMNS FROM `bot_userinfo` [ RunTime:0.002228s ]
[2024-11-29T14:28:34+08:00][sql] SELECT * FROM `bot_userinfo` WHERE  `union_openid` = '9004725D8037D1E859C655FBD9A776F4' LIMIT 1 [ RunTime:0.000584s ]
[2024-11-29T14:28:34+08:00][sql] INSERT INTO `bot_userinfo` SET `union_openid` = '9004725D8037D1E859C655FBD9A776F4' , `post_date` = '2024-11-29' , `post_count` = 0 [ RunTime:0.003491s ]
[2024-11-29T14:28:34+08:00][sql] SHOW FULL COLUMNS FROM `bot_dau` [ RunTime:0.000836s ]
[2024-11-29T14:28:34+08:00][sql] SELECT * FROM `bot_dau` WHERE  `date` = '2024-11-29' LIMIT 1 [ RunTime:0.000470s ]
[2024-11-29T14:28:34+08:00][sql] INSERT INTO `bot_dau` SET `date` = '2024-11-29' , `received_messages` = 0 , `sent_messages` = 0 , `user_count` = 0 , `group_count` = 0 , `usage_frequency` = 0 , `channel_private_chat` = 0 , `group_private_chat` = 0 [ RunTime:0.003084s ]
[2024-11-29T14:28:34+08:00][sql] SELECT * FROM `bot_dau` WHERE  `date` = '2024-11-29' LIMIT 1 [ RunTime:0.000158s ]
[2024-11-29T14:28:34+08:00][sql] UPDATE `bot_dau`  SET `user_count` = `user_count` + 1  WHERE  `id` = 1 [ RunTime:0.002819s ]
[2024-11-29T14:29:02+08:00][sql] CONNECT:[ UseTime:0.001714s ] mysql:host=127.0.0.1;port=3306;dbname=lebot;charset=utf8
[2024-11-29T14:29:02+08:00][sql] SHOW FULL COLUMNS FROM `bot_userinfo` [ RunTime:0.002740s ]
[2024-11-29T14:29:02+08:00][sql] SELECT * FROM `bot_userinfo` WHERE  `union_openid` = '9004725D8037D1E859C655FBD9A776F4' LIMIT 1 [ RunTime:0.000467s ]
[2024-11-29T14:29:32+08:00][sql] CONNECT:[ UseTime:0.000759s ] mysql:host=127.0.0.1;port=3306;dbname=lebot;charset=utf8
[2024-11-29T14:29:32+08:00][sql] SHOW FULL COLUMNS FROM `bot_dau` [ RunTime:0.001388s ]
[2024-11-29T14:29:32+08:00][sql] SELECT * FROM `bot_dau` WHERE  `date` = '2024-11-29' LIMIT 1 [ RunTime:0.000242s ]
[2024-11-29T14:29:32+08:00][sql] UPDATE `bot_dau`  SET `received_messages` = `received_messages` + 1 , `group_count` = `group_count` + 1  WHERE  `id` = 1 [ RunTime:0.004637s ]
[2024-11-29T14:29:34+08:00][sql] CONNECT:[ UseTime:0.001302s ] mysql:host=127.0.0.1;port=3306;dbname=lebot;charset=utf8
[2024-11-29T14:29:34+08:00][sql] SHOW FULL COLUMNS FROM `bot_dau` [ RunTime:0.001451s ]
[2024-11-29T14:29:34+08:00][sql] SELECT * FROM `bot_dau` WHERE  `date` = '2024-11-29' LIMIT 1 [ RunTime:0.000383s ]
[2024-11-29T14:29:34+08:00][sql] UPDATE `bot_dau`  SET `received_messages` = `received_messages` + 1 , `group_count` = `group_count` + 1  WHERE  `id` = 1 [ RunTime:0.004419s ]
[2024-11-29T14:29:59+08:00][sql] CONNECT:[ UseTime:0.001918s ] mysql:host=127.0.0.1;port=3306;dbname=lebot;charset=utf8
[2024-11-29T14:29:59+08:00][sql] SHOW FULL COLUMNS FROM `bot_dau` [ RunTime:0.001486s ]
[2024-11-29T14:29:59+08:00][sql] SELECT * FROM `bot_dau` WHERE  `date` = '2024-11-29' LIMIT 1 [ RunTime:0.000414s ]
[2024-11-29T14:29:59+08:00][sql] UPDATE `bot_dau`  SET `received_messages` = `received_messages` + 1 , `group_private_chat` = `group_private_chat` + 1  WHERE  `id` = 1 [ RunTime:0.003820s ]
[2024-11-29T14:29:59+08:00][sql] CONNECT:[ UseTime:0.001032s ] mysql:host=127.0.0.1;port=3306;dbname=lebot;charset=utf8
[2024-11-29T14:29:59+08:00][sql] SHOW FULL COLUMNS FROM `bot_dau` [ RunTime:0.001524s ]
[2024-11-29T14:29:59+08:00][sql] SELECT * FROM `bot_dau` WHERE  `date` = '2024-11-29' LIMIT 1 [ RunTime:0.000364s ]
[2024-11-29T14:29:59+08:00][sql] UPDATE `bot_dau`  SET `received_messages` = `received_messages` + 1 , `group_private_chat` = `group_private_chat` + 1  WHERE  `id` = 1 [ RunTime:0.003251s ]
[2024-11-29T14:29:59+08:00][sql] CONNECT:[ UseTime:0.012735s ] mysql:host=127.0.0.1;port=3306;dbname=lebot;charset=utf8
[2024-11-29T14:29:59+08:00][sql] SHOW FULL COLUMNS FROM `bot_dau` [ RunTime:0.001302s ]
[2024-11-29T14:29:59+08:00][sql] SELECT * FROM `bot_dau` WHERE  `date` = '2024-11-29' LIMIT 1 [ RunTime:0.000242s ]
[2024-11-29T14:29:59+08:00][sql] UPDATE `bot_dau`  SET `received_messages` = `received_messages` + 1 , `group_private_chat` = `group_private_chat` + 1  WHERE  `id` = 1 [ RunTime:0.073255s ]
[2024-11-29T14:31:41+08:00][sql] CONNECT:[ UseTime:0.001533s ] mysql:host=127.0.0.1;port=3306;dbname=lebot;charset=utf8
[2024-11-29T14:31:41+08:00][sql] SHOW FULL COLUMNS FROM `bot_dau` [ RunTime:0.001450s ]
[2024-11-29T14:31:41+08:00][sql] SELECT * FROM `bot_dau` WHERE  `date` = '2024-11-29' LIMIT 1 [ RunTime:0.000248s ]
[2024-11-29T14:31:41+08:00][sql] UPDATE `bot_dau`  SET `sent_messages` = `sent_messages` + 1  WHERE  `id` = 1 [ RunTime:0.003981s ]
[2024-11-29T14:31:41+08:00][sql] CONNECT:[ UseTime:0.001226s ] mysql:host=127.0.0.1;port=3306;dbname=lebot;charset=utf8
[2024-11-29T14:31:41+08:00][sql] SHOW FULL COLUMNS FROM `bot_dau` [ RunTime:0.001412s ]
[2024-11-29T14:31:41+08:00][sql] SELECT * FROM `bot_dau` WHERE  `date` = '2024-11-29' LIMIT 1 [ RunTime:0.000473s ]
[2024-11-29T14:31:41+08:00][sql] UPDATE `bot_dau`  SET `sent_messages` = `sent_messages` + 1  WHERE  `id` = 1 [ RunTime:0.004024s ]
[2024-11-29T14:31:41+08:00][sql] CONNECT:[ UseTime:0.004013s ] mysql:host=127.0.0.1;port=3306;dbname=lebot;charset=utf8
[2024-11-29T14:31:41+08:00][sql] SHOW FULL COLUMNS FROM `bot_dau` [ RunTime:0.001234s ]
[2024-11-29T14:31:41+08:00][sql] SELECT * FROM `bot_dau` WHERE  `date` = '2024-11-29' LIMIT 1 [ RunTime:0.000188s ]
[2024-11-29T14:31:41+08:00][sql] UPDATE `bot_dau`  SET `sent_messages` = `sent_messages` + 1  WHERE  `id` = 1 [ RunTime:0.003056s ]
[2024-11-29T14:31:42+08:00][sql] CONNECT:[ UseTime:0.006951s ] mysql:host=127.0.0.1;port=3306;dbname=lebot;charset=utf8
[2024-11-29T14:31:42+08:00][sql] SHOW FULL COLUMNS FROM `bot_dau` [ RunTime:0.001596s ]
[2024-11-29T14:31:42+08:00][sql] SELECT * FROM `bot_dau` WHERE  `date` = '2024-11-29' LIMIT 1 [ RunTime:0.000263s ]
[2024-11-29T14:31:42+08:00][sql] UPDATE `bot_dau`  SET `sent_messages` = `sent_messages` + 1  WHERE  `id` = 1 [ RunTime:0.003774s ]
[2024-11-29T14:31:42+08:00][sql] CONNECT:[ UseTime:0.001050s ] mysql:host=127.0.0.1;port=3306;dbname=lebot;charset=utf8
[2024-11-29T14:31:42+08:00][sql] SHOW FULL COLUMNS FROM `bot_dau` [ RunTime:0.000997s ]
[2024-11-29T14:31:42+08:00][sql] SELECT * FROM `bot_dau` WHERE  `date` = '2024-11-29' LIMIT 1 [ RunTime:0.000262s ]
[2024-11-29T14:31:42+08:00][sql] UPDATE `bot_dau`  SET `sent_messages` = `sent_messages` + 1  WHERE  `id` = 1 [ RunTime:0.002436s ]
[2024-11-29T14:31:42+08:00][sql] CONNECT:[ UseTime:0.000989s ] mysql:host=127.0.0.1;port=3306;dbname=lebot;charset=utf8
[2024-11-29T14:31:42+08:00][sql] SHOW FULL COLUMNS FROM `bot_dau` [ RunTime:0.001005s ]
[2024-11-29T14:31:42+08:00][sql] SELECT * FROM `bot_dau` WHERE  `date` = '2024-11-29' LIMIT 1 [ RunTime:0.000245s ]
[2024-11-29T14:31:42+08:00][sql] UPDATE `bot_dau`  SET `sent_messages` = `sent_messages` + 1  WHERE  `id` = 1 [ RunTime:0.003421s ]
[2024-11-29T14:34:16+08:00][sql] CONNECT:[ UseTime:0.001742s ] mysql:host=127.0.0.1;port=3306;dbname=lebot;charset=utf8
[2024-11-29T14:34:16+08:00][sql] SHOW FULL COLUMNS FROM `users` [ RunTime:0.003355s ]
[2024-11-29T14:34:16+08:00][sql] SELECT * FROM `users` WHERE  `username` = 'xiaole' LIMIT 1 [ RunTime:0.001293s ]
[2024-11-29T14:39:55+08:00][error] [10500]not support data:接收:received_messages[D:\Desktop\x\php\ThinkPHP\vendor\topthink\think-orm\src\db\builder\Mysql.php:412]
[2024-11-29T14:40:45+08:00][sql] CONNECT:[ UseTime:0.001251s ] mysql:host=127.0.0.1;port=3306;dbname=lebot;charset=utf8
[2024-11-29T14:40:45+08:00][sql] SHOW FULL COLUMNS FROM `bot_dau` [ RunTime:0.001218s ]
[2024-11-29T14:40:45+08:00][sql] SELECT SUM(`received_messages`) AS think_sum FROM `bot_dau` [ RunTime:0.004292s ]
[2024-11-29T14:40:45+08:00][sql] SELECT SUM(`sent_messages`) AS think_sum FROM `bot_dau` [ RunTime:0.000136s ]
[2024-11-29T14:40:45+08:00][sql] SELECT SUM(`user_count`) AS think_sum FROM `bot_dau` [ RunTime:0.000108s ]
[2024-11-29T14:45:09+08:00][sql] CONNECT:[ UseTime:0.011896s ] mysql:host=127.0.0.1;port=3306;dbname=lebot;charset=utf8
[2024-11-29T14:45:09+08:00][sql] SHOW FULL COLUMNS FROM `bot_dau` [ RunTime:0.002491s ]
[2024-11-29T14:45:09+08:00][sql] SELECT SUM(`received_messages`) AS think_sum FROM `bot_dau` [ RunTime:0.000892s ]
[2024-11-29T14:45:09+08:00][sql] SELECT SUM(`sent_messages`) AS think_sum FROM `bot_dau` [ RunTime:0.000541s ]
[2024-11-29T14:45:09+08:00][sql] SELECT SUM(`user_count`) AS think_sum FROM `bot_dau` [ RunTime:0.000490s ]
[2024-11-29T14:45:09+08:00][sql] SHOW FULL COLUMNS FROM `users_bot` [ RunTime:0.001763s ]
[2024-11-29T14:45:09+08:00][sql] SELECT COUNT(*) AS think_count FROM `users_bot` [ RunTime:0.004649s ]
[2024-11-29T14:45:47+08:00][sql] CONNECT:[ UseTime:0.001389s ] mysql:host=127.0.0.1;port=3306;dbname=lebot;charset=utf8
[2024-11-29T14:45:47+08:00][sql] SHOW FULL COLUMNS FROM `bot_dau` [ RunTime:0.001060s ]
[2024-11-29T14:45:47+08:00][sql] SELECT SUM(`received_messages`) AS think_sum FROM `bot_dau` [ RunTime:0.000172s ]
[2024-11-29T14:45:47+08:00][sql] SELECT SUM(`sent_messages`) AS think_sum FROM `bot_dau` [ RunTime:0.000115s ]
[2024-11-29T14:45:47+08:00][sql] SELECT SUM(`user_count`) AS think_sum FROM `bot_dau` [ RunTime:0.000105s ]
[2024-11-29T14:45:47+08:00][sql] SHOW FULL COLUMNS FROM `users_bot` [ RunTime:0.000629s ]
[2024-11-29T14:45:47+08:00][sql] SELECT COUNT(*) AS think_count FROM `users_bot` [ RunTime:0.002498s ]
[2024-11-29T14:51:00+08:00][sql] CONNECT:[ UseTime:0.002125s ] mysql:host=127.0.0.1;port=3306;dbname=lebot;charset=utf8
[2024-11-29T14:51:00+08:00][sql] SHOW FULL COLUMNS FROM `bot_dau` [ RunTime:0.001381s ]
[2024-11-29T14:51:00+08:00][sql] SELECT SUM(`received_messages`) AS think_sum FROM `bot_dau` [ RunTime:0.000255s ]
[2024-11-29T14:51:00+08:00][sql] SELECT SUM(`sent_messages`) AS think_sum FROM `bot_dau` [ RunTime:0.000118s ]
[2024-11-29T14:51:00+08:00][sql] SELECT SUM(`user_count`) AS think_sum FROM `bot_dau` [ RunTime:0.000102s ]
[2024-11-29T14:51:00+08:00][sql] SHOW FULL COLUMNS FROM `users_bot` [ RunTime:0.000606s ]
[2024-11-29T14:51:00+08:00][sql] SELECT COUNT(*) AS think_count FROM `users_bot` [ RunTime:0.004488s ]
[2024-11-29T14:51:02+08:00][error] [0]Call to undefined function app\index\controller\getFieldSum()[D:\Desktop\x\php\ThinkPHP\app\index\controller\Index.php:34]
[2024-11-29T14:51:44+08:00][sql] CONNECT:[ UseTime:0.009810s ] mysql:host=127.0.0.1;port=3306;dbname=lebot;charset=utf8
[2024-11-29T14:51:44+08:00][sql] SHOW FULL COLUMNS FROM `bot_dau` [ RunTime:0.001485s ]
[2024-11-29T14:51:44+08:00][sql] SELECT SUM(`received_messages`) AS think_sum FROM `bot_dau` [ RunTime:0.000310s ]
[2024-11-29T14:51:44+08:00][sql] SELECT SUM(`sent_messages`) AS think_sum FROM `bot_dau` [ RunTime:0.000322s ]
[2024-11-29T14:51:44+08:00][sql] SELECT SUM(`user_count`) AS think_sum FROM `bot_dau` [ RunTime:0.000285s ]
[2024-11-29T14:51:44+08:00][sql] SHOW FULL COLUMNS FROM `users_bot` [ RunTime:0.000668s ]
[2024-11-29T14:51:44+08:00][sql] SELECT COUNT(*) AS think_count FROM `users_bot` [ RunTime:0.001080s ]
[2024-11-29T14:51:44+08:00][error] [0]Call to undefined method think\response\View::fetch()[D:\Desktop\x\php\ThinkPHP\app\index\controller\Index.php:42]
[2024-11-29T14:52:42+08:00][sql] CONNECT:[ UseTime:0.001219s ] mysql:host=127.0.0.1;port=3306;dbname=lebot;charset=utf8
[2024-11-29T14:52:42+08:00][sql] SHOW FULL COLUMNS FROM `bot_dau` [ RunTime:0.001253s ]
[2024-11-29T14:52:42+08:00][sql] SELECT SUM(`received_messages`) AS think_sum FROM `bot_dau` [ RunTime:0.000287s ]
[2024-11-29T14:52:42+08:00][sql] SELECT SUM(`sent_messages`) AS think_sum FROM `bot_dau` [ RunTime:0.000129s ]
[2024-11-29T14:52:42+08:00][sql] SELECT SUM(`user_count`) AS think_sum FROM `bot_dau` [ RunTime:0.000104s ]
[2024-11-29T14:52:42+08:00][sql] SHOW FULL COLUMNS FROM `users_bot` [ RunTime:0.000683s ]
[2024-11-29T14:52:42+08:00][sql] SELECT COUNT(*) AS think_count FROM `users_bot` [ RunTime:0.001065s ]
[2024-11-29T14:53:04+08:00][sql] CONNECT:[ UseTime:0.011319s ] mysql:host=127.0.0.1;port=3306;dbname=lebot;charset=utf8
[2024-11-29T14:53:04+08:00][sql] SHOW FULL COLUMNS FROM `bot_dau` [ RunTime:0.001207s ]
[2024-11-29T14:53:04+08:00][sql] SELECT SUM(`received_messages`) AS think_sum FROM `bot_dau` [ RunTime:0.000276s ]
[2024-11-29T14:53:04+08:00][sql] SELECT SUM(`sent_messages`) AS think_sum FROM `bot_dau` [ RunTime:0.000249s ]
[2024-11-29T14:53:04+08:00][sql] SELECT SUM(`user_count`) AS think_sum FROM `bot_dau` [ RunTime:0.000242s ]
[2024-11-29T14:53:04+08:00][sql] SHOW FULL COLUMNS FROM `users_bot` [ RunTime:0.000571s ]
[2024-11-29T14:53:04+08:00][sql] SELECT COUNT(*) AS think_count FROM `users_bot` [ RunTime:0.002532s ]
[2024-11-29T14:53:29+08:00][sql] CONNECT:[ UseTime:0.001116s ] mysql:host=127.0.0.1;port=3306;dbname=lebot;charset=utf8
[2024-11-29T14:53:29+08:00][sql] SHOW FULL COLUMNS FROM `bot_dau` [ RunTime:0.001042s ]
[2024-11-29T14:53:29+08:00][sql] SELECT SUM(`received_messages`) AS think_sum FROM `bot_dau` [ RunTime:0.000255s ]
[2024-11-29T14:53:29+08:00][sql] SELECT SUM(`sent_messages`) AS think_sum FROM `bot_dau` [ RunTime:0.000248s ]
[2024-11-29T14:53:29+08:00][sql] SELECT SUM(`user_count`) AS think_sum FROM `bot_dau` [ RunTime:0.000178s ]
[2024-11-29T14:53:29+08:00][sql] SHOW FULL COLUMNS FROM `users_bot` [ RunTime:0.000659s ]
[2024-11-29T14:53:29+08:00][sql] SELECT COUNT(*) AS think_count FROM `users_bot` [ RunTime:0.001033s ]
[2024-11-29T14:53:30+08:00][sql] CONNECT:[ UseTime:0.001437s ] mysql:host=127.0.0.1;port=3306;dbname=lebot;charset=utf8
[2024-11-29T14:53:30+08:00][sql] SHOW FULL COLUMNS FROM `users_bot` [ RunTime:0.001172s ]
[2024-11-29T14:53:30+08:00][sql] SELECT `ID`,`QQ`,`AppID`,`Token`,`AppSecret` FROM `users_bot` [ RunTime:0.001046s ]
[2024-11-29T14:53:44+08:00][sql] CONNECT:[ UseTime:0.017178s ] mysql:host=127.0.0.1;port=3306;dbname=lebot;charset=utf8
[2024-11-29T14:53:44+08:00][sql] SHOW FULL COLUMNS FROM `log` [ RunTime:0.001237s ]
[2024-11-29T14:53:44+08:00][sql] SELECT * FROM `log` ORDER BY `time` DESC LIMIT 50 [ RunTime:0.000918s ]
[2024-11-29T14:54:50+08:00][sql] CONNECT:[ UseTime:0.002172s ] mysql:host=127.0.0.1;port=3306;dbname=lebot;charset=utf8
[2024-11-29T14:54:50+08:00][sql] SHOW FULL COLUMNS FROM `bot_dau` [ RunTime:0.001242s ]
[2024-11-29T14:54:50+08:00][sql] SELECT SUM(`received_messages`) AS think_sum FROM `bot_dau` [ RunTime:0.000178s ]
[2024-11-29T14:54:50+08:00][sql] SELECT SUM(`sent_messages`) AS think_sum FROM `bot_dau` [ RunTime:0.000116s ]
[2024-11-29T14:54:50+08:00][sql] SELECT SUM(`user_count`) AS think_sum FROM `bot_dau` [ RunTime:0.000281s ]
[2024-11-29T14:54:50+08:00][sql] SHOW FULL COLUMNS FROM `users_bot` [ RunTime:0.000981s ]
[2024-11-29T14:54:50+08:00][sql] SELECT COUNT(*) AS think_count FROM `users_bot` [ RunTime:0.001643s ]
[2024-11-29T15:03:59+08:00][sql] CONNECT:[ UseTime:0.001814s ] mysql:host=127.0.0.1;port=3306;dbname=lebot;charset=utf8
[2024-11-29T15:03:59+08:00][sql] SHOW FULL COLUMNS FROM `users_bot` [ RunTime:0.001465s ]
[2024-11-29T15:03:59+08:00][sql] SELECT `ID`,`QQ`,`AppID`,`Token`,`AppSecret` FROM `users_bot` [ RunTime:0.000173s ]
[2024-11-29T15:04:06+08:00][sql] CONNECT:[ UseTime:0.001866s ] mysql:host=127.0.0.1;port=3306;dbname=lebot;charset=utf8
[2024-11-29T15:04:06+08:00][sql] SHOW FULL COLUMNS FROM `bot_dau` [ RunTime:0.001123s ]
[2024-11-29T15:04:06+08:00][sql] SELECT SUM(`received_messages`) AS think_sum FROM `bot_dau` [ RunTime:0.000238s ]
[2024-11-29T15:04:06+08:00][sql] SELECT SUM(`sent_messages`) AS think_sum FROM `bot_dau` [ RunTime:0.000179s ]
[2024-11-29T15:04:06+08:00][sql] SELECT SUM(`user_count`) AS think_sum FROM `bot_dau` [ RunTime:0.000166s ]
[2024-11-29T15:04:06+08:00][sql] SHOW FULL COLUMNS FROM `users_bot` [ RunTime:0.000694s ]
[2024-11-29T15:04:06+08:00][sql] SELECT COUNT(*) AS think_count FROM `users_bot` [ RunTime:0.000946s ]
[2024-11-29T15:04:09+08:00][sql] CONNECT:[ UseTime:0.001660s ] mysql:host=127.0.0.1;port=3306;dbname=lebot;charset=utf8
[2024-11-29T15:04:09+08:00][sql] SHOW FULL COLUMNS FROM `log` [ RunTime:0.002128s ]
[2024-11-29T15:04:09+08:00][sql] SELECT * FROM `log` ORDER BY `time` DESC LIMIT 50 [ RunTime:0.000730s ]
[2024-11-29T15:04:23+08:00][sql] CONNECT:[ UseTime:0.001043s ] mysql:host=127.0.0.1;port=3306;dbname=lebot;charset=utf8
[2024-11-29T15:04:23+08:00][sql] SHOW FULL COLUMNS FROM `users_bot` [ RunTime:0.001922s ]
[2024-11-29T15:04:23+08:00][sql] SELECT `ID`,`QQ`,`AppID`,`Token`,`AppSecret` FROM `users_bot` [ RunTime:0.000554s ]
[2024-11-29T15:04:31+08:00][sql] CONNECT:[ UseTime:0.001728s ] mysql:host=127.0.0.1;port=3306;dbname=lebot;charset=utf8
[2024-11-29T15:04:31+08:00][sql] SHOW FULL COLUMNS FROM `users_bot` [ RunTime:0.001133s ]
[2024-11-29T15:04:31+08:00][sql] SELECT `ID`,`QQ`,`AppID`,`Token`,`AppSecret` FROM `users_bot` [ RunTime:0.000642s ]
[2024-11-29T15:04:56+08:00][sql] CONNECT:[ UseTime:0.012277s ] mysql:host=127.0.0.1;port=3306;dbname=lebot;charset=utf8
[2024-11-29T15:04:56+08:00][sql] SHOW FULL COLUMNS FROM `users_bot` [ RunTime:0.001339s ]
[2024-11-29T15:04:56+08:00][sql] SELECT `ID`,`QQ`,`AppID`,`Token`,`AppSecret` FROM `users_bot` [ RunTime:0.000246s ]
[2024-11-29T15:07:45+08:00][sql] CONNECT:[ UseTime:0.000999s ] mysql:host=127.0.0.1;port=3306;dbname=lebot;charset=utf8
[2024-11-29T15:07:45+08:00][sql] SHOW FULL COLUMNS FROM `users_bot` [ RunTime:0.001621s ]
[2024-11-29T15:07:45+08:00][sql] SELECT `ID`,`QQ`,`AppID`,`Token`,`AppSecret` FROM `users_bot` [ RunTime:0.000330s ]
[2024-11-29T15:07:47+08:00][sql] CONNECT:[ UseTime:0.001041s ] mysql:host=127.0.0.1;port=3306;dbname=lebot;charset=utf8
[2024-11-29T15:07:47+08:00][sql] SHOW FULL COLUMNS FROM `log` [ RunTime:0.002363s ]
[2024-11-29T15:07:47+08:00][sql] SELECT * FROM `log` ORDER BY `time` DESC LIMIT 50 [ RunTime:0.001017s ]
[2024-11-29T15:07:49+08:00][sql] CONNECT:[ UseTime:0.001628s ] mysql:host=127.0.0.1;port=3306;dbname=lebot;charset=utf8
[2024-11-29T15:07:49+08:00][sql] SHOW FULL COLUMNS FROM `bot_dau` [ RunTime:0.001399s ]
[2024-11-29T15:07:49+08:00][sql] SELECT SUM(`received_messages`) AS think_sum FROM `bot_dau` [ RunTime:0.000284s ]
[2024-11-29T15:07:49+08:00][sql] SELECT SUM(`sent_messages`) AS think_sum FROM `bot_dau` [ RunTime:0.000292s ]
[2024-11-29T15:07:49+08:00][sql] SELECT SUM(`user_count`) AS think_sum FROM `bot_dau` [ RunTime:0.000574s ]
[2024-11-29T15:07:49+08:00][sql] SHOW FULL COLUMNS FROM `users_bot` [ RunTime:0.001650s ]
[2024-11-29T15:07:49+08:00][sql] SELECT COUNT(*) AS think_count FROM `users_bot` [ RunTime:0.001632s ]
[2024-11-29T15:12:28+08:00][sql] CONNECT:[ UseTime:0.001198s ] mysql:host=127.0.0.1;port=3306;dbname=lebot;charset=utf8
[2024-11-29T15:12:28+08:00][sql] SHOW FULL COLUMNS FROM `bot_dau` [ RunTime:0.003315s ]
[2024-11-29T15:12:28+08:00][sql] SELECT SUM(`received_messages`) AS think_sum FROM `bot_dau` [ RunTime:0.000777s ]
[2024-11-29T15:12:28+08:00][sql] SELECT SUM(`sent_messages`) AS think_sum FROM `bot_dau` [ RunTime:0.000567s ]
[2024-11-29T15:12:28+08:00][sql] SELECT SUM(`user_count`) AS think_sum FROM `bot_dau` [ RunTime:0.000531s ]
[2024-11-29T15:12:28+08:00][sql] SHOW FULL COLUMNS FROM `users_bot` [ RunTime:0.001896s ]
[2024-11-29T15:12:28+08:00][sql] SELECT COUNT(*) AS think_count FROM `users_bot` [ RunTime:0.001393s ]
[2024-11-29T15:39:51+08:00][sql] CONNECT:[ UseTime:0.001779s ] mysql:host=127.0.0.1;port=3306;dbname=lebot;charset=utf8
[2024-11-29T15:39:51+08:00][sql] SHOW FULL COLUMNS FROM `users` [ RunTime:0.001625s ]
[2024-11-29T15:39:51+08:00][sql] SELECT * FROM `users` WHERE  `username` = 'xiaole' LIMIT 1 [ RunTime:0.000470s ]
[2024-11-29T15:39:53+08:00][sql] CONNECT:[ UseTime:0.001155s ] mysql:host=127.0.0.1;port=3306;dbname=lebot;charset=utf8
[2024-11-29T15:39:53+08:00][sql] SHOW FULL COLUMNS FROM `bot_dau` [ RunTime:0.001305s ]
[2024-11-29T15:39:53+08:00][sql] SELECT SUM(`received_messages`) AS think_sum FROM `bot_dau` [ RunTime:0.000305s ]
[2024-11-29T15:39:53+08:00][sql] SELECT SUM(`sent_messages`) AS think_sum FROM `bot_dau` [ RunTime:0.000133s ]
[2024-11-29T15:39:53+08:00][sql] SELECT SUM(`user_count`) AS think_sum FROM `bot_dau` [ RunTime:0.000107s ]
[2024-11-29T15:39:53+08:00][sql] SHOW FULL COLUMNS FROM `users_bot` [ RunTime:0.000719s ]
[2024-11-29T15:39:53+08:00][sql] SELECT COUNT(*) AS think_count FROM `users_bot` [ RunTime:0.001340s ]
[2024-11-29T15:45:29+08:00][sql] CONNECT:[ UseTime:0.001473s ] mysql:host=127.0.0.1;port=3306;dbname=lebot;charset=utf8
[2024-11-29T15:45:29+08:00][sql] SHOW FULL COLUMNS FROM `bot_dau` [ RunTime:0.001626s ]
[2024-11-29T15:45:29+08:00][sql] SELECT SUM(`received_messages`) AS think_sum FROM `bot_dau` [ RunTime:0.000340s ]
[2024-11-29T15:45:29+08:00][sql] SELECT SUM(`sent_messages`) AS think_sum FROM `bot_dau` [ RunTime:0.000289s ]
[2024-11-29T15:45:29+08:00][sql] SELECT SUM(`user_count`) AS think_sum FROM `bot_dau` [ RunTime:0.000297s ]
[2024-11-29T15:45:29+08:00][sql] SHOW FULL COLUMNS FROM `users_bot` [ RunTime:0.000629s ]
[2024-11-29T15:45:29+08:00][sql] SELECT COUNT(*) AS think_count FROM `users_bot` [ RunTime:0.001067s ]
[2024-11-29T15:45:30+08:00][sql] CONNECT:[ UseTime:0.008017s ] mysql:host=127.0.0.1;port=3306;dbname=lebot;charset=utf8
[2024-11-29T15:45:30+08:00][sql] SHOW FULL COLUMNS FROM `bot_dau` [ RunTime:0.001321s ]
[2024-11-29T15:45:30+08:00][sql] SELECT SUM(`received_messages`) AS think_sum FROM `bot_dau` [ RunTime:0.000328s ]
[2024-11-29T15:45:30+08:00][sql] SELECT SUM(`sent_messages`) AS think_sum FROM `bot_dau` [ RunTime:0.000274s ]
[2024-11-29T15:45:30+08:00][sql] SELECT SUM(`user_count`) AS think_sum FROM `bot_dau` [ RunTime:0.000269s ]
[2024-11-29T15:45:30+08:00][sql] SHOW FULL COLUMNS FROM `users_bot` [ RunTime:0.000653s ]
[2024-11-29T15:45:30+08:00][sql] SELECT COUNT(*) AS think_count FROM `users_bot` [ RunTime:0.000959s ]
[2024-11-29T15:45:34+08:00][sql] CONNECT:[ UseTime:0.002357s ] mysql:host=127.0.0.1;port=3306;dbname=lebot;charset=utf8
[2024-11-29T15:45:34+08:00][sql] SHOW FULL COLUMNS FROM `users_bot` [ RunTime:0.001658s ]
[2024-11-29T15:45:34+08:00][sql] SELECT `ID`,`QQ`,`AppID`,`Token`,`AppSecret` FROM `users_bot` [ RunTime:0.000406s ]
[2024-11-29T16:17:29+08:00][error] [0]Class "mysqli" not found[D:\Desktop\x\php\ThinkPHP\runtime\index\temp\63a283d196553f05de4afcf88cc12aa7.php:64]
[2024-11-29T17:20:45+08:00][error] [0]version_compare(): Argument #3 ($operator) must be a valid comparison operator[D:\Desktop\x\php\ThinkPHP\runtime\index\temp\63a283d196553f05de4afcf88cc12aa7.php:93]
[2024-11-29T17:22:09+08:00][error] [0]version_compare(): Argument #3 ($operator) must be a valid comparison operator[D:\Desktop\x\php\ThinkPHP\runtime\index\temp\63a283d196553f05de4afcf88cc12aa7.php:93]
[2024-11-29T17:22:18+08:00][error] [0]version_compare(): Argument #3 ($operator) must be a valid comparison operator[D:\Desktop\x\php\ThinkPHP\runtime\index\temp\63a283d196553f05de4afcf88cc12aa7.php:93]
[2024-11-29T17:30:43+08:00][error] [0]Call to undefined function mysqli_get_client_info()[D:\Desktop\x\php\ThinkPHP\runtime\index\temp\63a283d196553f05de4afcf88cc12aa7.php:26]
[2024-11-29T17:34:30+08:00][error] [1045]SQLSTATE[HY000] [1045] Access denied for user 'root'@'localhost' (using password: NO)[D:\Desktop\x\php\ThinkPHP\runtime\index\temp\63a283d196553f05de4afcf88cc12aa7.php:32]
[2024-11-29T18:19:32+08:00][sql] CONNECT:[ UseTime:0.007201s ] mysql:host=127.0.0.1;port=3306;dbname=lebot;charset=utf8
[2024-11-29T18:19:32+08:00][sql] SHOW FULL COLUMNS FROM `bot_dau` [ RunTime:0.004868s ]
[2024-11-29T18:19:32+08:00][sql] SELECT SUM(`received_messages`) AS think_sum FROM `bot_dau` [ RunTime:0.000642s ]
[2024-11-29T18:19:32+08:00][sql] SELECT SUM(`sent_messages`) AS think_sum FROM `bot_dau` [ RunTime:0.000129s ]
[2024-11-29T18:19:32+08:00][sql] SELECT SUM(`user_count`) AS think_sum FROM `bot_dau` [ RunTime:0.000105s ]
[2024-11-29T18:19:32+08:00][sql] SHOW FULL COLUMNS FROM `users_bot` [ RunTime:0.000787s ]
[2024-11-29T18:19:32+08:00][sql] SELECT COUNT(*) AS think_count FROM `users_bot` [ RunTime:0.003221s ]
[2024-11-29T19:34:41+08:00][error] [2]Undefined variable $receivedMessages[D:\Desktop\x\php\ThinkPHP\runtime\index\temp\63a283d196553f05de4afcf88cc12aa7.php:347]
[2024-11-29T19:34:47+08:00][error] [2]Undefined variable $receivedMessages[D:\Desktop\x\php\ThinkPHP\runtime\index\temp\63a283d196553f05de4afcf88cc12aa7.php:347]
[2024-11-29T19:35:00+08:00][sql] CONNECT:[ UseTime:0.006450s ] mysql:host=127.0.0.1;port=3306;dbname=lebot;charset=utf8
[2024-11-29T19:35:00+08:00][sql] SHOW FULL COLUMNS FROM `bot_dau` [ RunTime:0.008543s ]
[2024-11-29T19:35:00+08:00][sql] SELECT SUM(`received_messages`) AS think_sum FROM `bot_dau` [ RunTime:0.001314s ]
[2024-11-29T19:35:00+08:00][sql] SELECT SUM(`sent_messages`) AS think_sum FROM `bot_dau` [ RunTime:0.000440s ]
[2024-11-29T19:35:00+08:00][sql] SELECT SUM(`user_count`) AS think_sum FROM `bot_dau` [ RunTime:0.000348s ]
[2024-11-29T19:35:00+08:00][sql] SHOW FULL COLUMNS FROM `users_bot` [ RunTime:0.001201s ]
[2024-11-29T19:35:00+08:00][sql] SELECT COUNT(*) AS think_count FROM `users_bot` [ RunTime:0.004023s ]
[2024-11-29T19:35:03+08:00][error] [2]Undefined variable $receivedMessages[D:\Desktop\x\php\ThinkPHP\runtime\index\temp\63a283d196553f05de4afcf88cc12aa7.php:347]
[2024-11-29T20:50:27+08:00][sql] CONNECT:[ UseTime:0.010548s ] mysql:host=127.0.0.1;port=3306;dbname=lebot;charset=utf8
[2024-11-29T20:50:27+08:00][sql] SHOW FULL COLUMNS FROM `users` [ RunTime:0.040491s ]
[2024-11-29T20:50:27+08:00][sql] SELECT * FROM `users` WHERE  `username` = 'xiaole' LIMIT 1 [ RunTime:0.016977s ]
[2024-11-29T20:50:29+08:00][sql] CONNECT:[ UseTime:0.001350s ] mysql:host=127.0.0.1;port=3306;dbname=lebot;charset=utf8
[2024-11-29T20:50:29+08:00][sql] SHOW FULL COLUMNS FROM `bot_dau` [ RunTime:0.003410s ]
[2024-11-29T20:50:29+08:00][sql] SELECT SUM(`received_messages`) AS think_sum FROM `bot_dau` [ RunTime:0.013345s ]
[2024-11-29T20:50:29+08:00][sql] SELECT SUM(`sent_messages`) AS think_sum FROM `bot_dau` [ RunTime:0.000277s ]
[2024-11-29T20:50:29+08:00][sql] SELECT SUM(`user_count`) AS think_sum FROM `bot_dau` [ RunTime:0.000164s ]
[2024-11-29T20:50:29+08:00][sql] SHOW FULL COLUMNS FROM `users_bot` [ RunTime:0.001121s ]
[2024-11-29T20:50:29+08:00][sql] SELECT COUNT(*) AS think_count FROM `users_bot` [ RunTime:0.009521s ]
[2024-11-29T20:50:47+08:00][sql] CONNECT:[ UseTime:0.001798s ] mysql:host=127.0.0.1;port=3306;dbname=lebot;charset=utf8
[2024-11-29T20:50:47+08:00][sql] SHOW FULL COLUMNS FROM `bot_dau` [ RunTime:0.003330s ]
[2024-11-29T20:50:47+08:00][sql] SELECT SUM(`received_messages`) AS think_sum FROM `bot_dau` [ RunTime:0.000713s ]
[2024-11-29T20:50:47+08:00][sql] SELECT SUM(`sent_messages`) AS think_sum FROM `bot_dau` [ RunTime:0.000420s ]
[2024-11-29T20:50:47+08:00][sql] SELECT SUM(`user_count`) AS think_sum FROM `bot_dau` [ RunTime:0.000388s ]
[2024-11-29T20:50:47+08:00][sql] SHOW FULL COLUMNS FROM `users_bot` [ RunTime:0.001649s ]
[2024-11-29T20:50:47+08:00][sql] SELECT COUNT(*) AS think_count FROM `users_bot` [ RunTime:0.001069s ]
[2024-11-29T20:50:56+08:00][error] [0]类不存在: InstallController[D:\Desktop\x\php\ThinkPHP\vendor\topthink\framework\src\think\Container.php:379]
[2024-11-29T20:51:01+08:00][error] [0]类不存在: InstallController[D:\Desktop\x\php\ThinkPHP\vendor\topthink\framework\src\think\Container.php:379]
[2024-11-29T20:53:35+08:00][error] [0]Call to undefined function checkVersion()[D:\Desktop\x\php\ThinkPHP\runtime\index\temp\63a283d196553f05de4afcf88cc12aa7.php:45]
[2024-11-29T20:54:30+08:00][error] [0]Call to undefined function checkVersion()[D:\Desktop\x\php\ThinkPHP\runtime\index\temp\63a283d196553f05de4afcf88cc12aa7.php:45]
[2024-11-29T21:07:16+08:00][error] [0]Call to undefined method app\index\controller\Index::validate()[D:\Desktop\x\php\ThinkPHP\app\index\controller\Index.php:265]
[2024-11-29T21:07:25+08:00][error] [0]Call to undefined method app\index\controller\Index::validate()[D:\Desktop\x\php\ThinkPHP\app\index\controller\Index.php:265]
[2024-11-29T21:07:39+08:00][error] [0]Call to undefined method app\index\controller\Index::validate()[D:\Desktop\x\php\ThinkPHP\app\index\controller\Index.php:265]
[2024-11-29T21:08:32+08:00][error] [0]Call to undefined method app\index\controller\Index::validate()[D:\Desktop\x\php\ThinkPHP\app\index\controller\Index.php:265]
[2024-11-29T21:13:22+08:00][error] [0]Class "app\index\controller\Filesystem" not found[D:\Desktop\x\php\ThinkPHP\app\index\controller\Index.php:297]
[2024-11-29T21:15:21+08:00][error] [0]Class "app\index\controller\Log" not found[D:\Desktop\x\php\ThinkPHP\app\index\controller\Index.php:302]
[2024-11-29T21:16:02+08:00][error] [0]Class "app\index\controller\Log" not found[D:\Desktop\x\php\ThinkPHP\app\index\controller\Index.php:302]
[2024-11-29T21:16:37+08:00][error] [0]Class "app\index\controller\Log" not found[D:\Desktop\x\php\ThinkPHP\app\index\controller\Index.php:302]
[2024-11-29T21:17:24+08:00][error] [0]Class "app\index\controller\Log" not found[D:\Desktop\x\php\ThinkPHP\app\index\controller\Index.php:302]
[2024-11-29T21:17:51+08:00][error] [0]Class "app\index\controller\Log" not found[D:\Desktop\x\php\ThinkPHP\app\index\controller\Index.php:302]
[2024-11-29T21:18:14+08:00][error] [0]Class "app\index\controller\Log" not found[D:\Desktop\x\php\ThinkPHP\app\index\controller\Index.php:302]
[2024-11-29T21:18:14+08:00][error] [0]Class "app\index\controller\Log" not found[D:\Desktop\x\php\ThinkPHP\app\index\controller\Index.php:302]
[2024-11-29T21:18:49+08:00][error] [0]Class "app\index\controller\Log" not found[D:\Desktop\x\php\ThinkPHP\app\index\controller\Index.php:302]
[2024-11-29T21:20:16+08:00][error] [0]Non-static method think\Log::error() cannot be called statically[D:\Desktop\x\php\ThinkPHP\app\index\controller\Index.php:303]
[2024-11-29T21:20:47+08:00][error] 数据库地址不能为空
[2024-11-29T21:21:14+08:00][error] [0]Class "app\index\controller\Filesystem" not found[D:\Desktop\x\php\ThinkPHP\app\index\controller\Index.php:298]
[2024-11-29T21:21:28+08:00][error] 数据库地址不能为空
[2024-11-29T21:23:07+08:00][error] [0]Class "app\index\controller\Filesystem" not found[D:\Desktop\x\php\ThinkPHP\app\index\controller\Index.php:298]
[2024-11-29T21:24:11+08:00][error] [0]Class "finfo" not found[D:\Desktop\x\php\ThinkPHP\vendor\league\mime-type-detection\src\FinfoMimeTypeDetector.php:48]
[2024-11-29T21:24:20+08:00][error] [0]Class "finfo" not found[D:\Desktop\x\php\ThinkPHP\vendor\league\mime-type-detection\src\FinfoMimeTypeDetector.php:48]
[2024-11-29T21:25:45+08:00][error] [0]Call to undefined method think\facade\Filesystem::put()[D:\Desktop\x\php\ThinkPHP\app\index\controller\Index.php:299]
[2024-11-29T21:26:55+08:00][error] [0]Call to undefined method think\facade\Filesystem::put()[D:\Desktop\x\php\ThinkPHP\app\index\controller\Index.php:299]
[2024-11-29T21:26:57+08:00][error] [0]Call to undefined method think\facade\Filesystem::put()[D:\Desktop\x\php\ThinkPHP\app\index\controller\Index.php:299]
[2024-11-29T21:27:36+08:00][error] [0]Call to undefined method League\Flysystem\Filesystem::put()[D:\Desktop\x\php\ThinkPHP\vendor\topthink\think-filesystem\src\filesystem\Driver.php:128]
[2024-11-29T21:32:17+08:00][error] Undefined variable $data
[2024-11-29T21:32:21+08:00][error] Undefined variable $data
